#
# There is insufficient memory for the Java Runtime Environment to continue.
# Native memory allocation (malloc) failed to allocate 1550576 bytes. Error detail: Chunk::new
# Possible reasons:
#   The system is out of physical RAM or swap space
#   This process is running with CompressedOops enabled, and the Java Heap may be blocking the growth of the native heap
# Possible solutions:
#   Reduce memory load on the system
#   Increase physical memory or swap space
#   Check if swap backing store is full
#   Decrease Java heap size (-Xmx/-Xms)
#   Decrease number of Java threads
#   Decrease Java thread stack sizes (-Xss)
#   Set larger code cache with -XX:ReservedCodeCacheSize=
#   JVM is running with Unscaled Compressed Oops mode in which the Java heap is
#     placed in the first 4GB address space. The Java Heap base address is the
#     maximum limit for the native heap growth. Please use -XX:HeapBaseMinAddress
#     to set the Java Heap base and to place the Java Heap above 4GB virtual address.
# This output file may be truncated or incomplete.
#
#  Out of Memory Error (arena.cpp:168), pid=11368, tid=10420
#
# JRE version: OpenJDK Runtime Environment Temurin-21.0.9+10 (21.0.9+10) (build 21.0.9+10-LTS)
# Java VM: OpenJDK 64-Bit Server VM Temurin-21.0.9+10 (21.0.9+10-LTS, mixed mode, sharing, tiered, compressed oops, compressed class ptrs, parallel gc, windows-amd64)
# No core dump will be written. Minidumps are not enabled by default on client versions of Windows
#

---------------  S U M M A R Y ------------

Command Line: --add-modules=ALL-SYSTEM --add-opens=java.base/java.util=ALL-UNNAMED --add-opens=java.base/java.lang=ALL-UNNAMED --add-opens=java.base/sun.nio.fs=ALL-UNNAMED -Declipse.application=org.eclipse.jdt.ls.core.id1 -Dosgi.bundles.defaultStartLevel=4 -Declipse.product=org.eclipse.jdt.ls.core.product -Djava.import.generatesMetadataFilesAtProjectRoot=false -DDetectVMInstallationsJob.disabled=true -Dfile.encoding=utf8 -XX:+UseParallelGC -XX:GCTimeRatio=4 -XX:AdaptiveSizePolicyWeight=90 -Dsun.zip.disableMemoryMapping=true -Xmx2G -Xms100m -Xlog:disable -javaagent:c:\Users\huynh\.vscode\extensions\redhat.java-1.49.0-win32-x64\lombok\lombok-1.18.39-4050.jar -XX:+HeapDumpOnOutOfMemoryError -XX:HeapDumpPath=c:\Users\huynh\AppData\Roaming\Code\User\workspaceStorage\3e88a0bc19544d9869e0b811d00487ae\redhat.java -Daether.dependencyCollector.impl=bf c:\Users\huynh\.vscode\extensions\redhat.java-1.49.0-win32-x64\server\plugins\org.eclipse.equinox.launcher_1.7.100.v20251111-0406.jar -configuration c:\Users\huynh\AppData\Roaming\Code\User\globalStorage\redhat.java\1.49.0\config_win -data c:\Users\huynh\AppData\Roaming\Code\User\workspaceStorage\3e88a0bc19544d9869e0b811d00487ae\redhat.java\jdt_ws --pipe=\\.\pipe\lsp-c5eb53fa02d359636f032d78d1d0f05e-sock

Host: Intel(R) Core(TM) i5-10300H CPU @ 2.50GHz, 8 cores, 15G,  Windows 11 , 64 bit Build 26100 (10.0.26100.7019)
Time: Sat Nov 22 15:10:05 2025 SE Asia Standard Time elapsed time: 12.373424 seconds (0d 0h 0m 12s)

---------------  T H R E A D  ---------------

Current thread (0x0000028382aedd50):  JavaThread "C2 CompilerThread0" daemon [_thread_in_native, id=10420, stack(0x000000e6ae000000,0x000000e6ae100000) (1024K)]


Current CompileTask:
C2:12373 5057   !   4       org.eclipse.osgi.internal.loader.BundleLoader::findClass0 (490 bytes)

Stack: [0x000000e6ae000000,0x000000e6ae100000]
Native frames: (J=compiled Java code, j=interpreted, Vv=VM code, C=native code)
V  [jvm.dll+0x6d6e29]
V  [jvm.dll+0x8b4b76]
V  [jvm.dll+0x8b712e]
V  [jvm.dll+0x8b7813]
V  [jvm.dll+0x283d86]
V  [jvm.dll+0xc66ed]
V  [jvm.dll+0xc6c31]
V  [jvm.dll+0x3be501]
V  [jvm.dll+0x38ab92]
V  [jvm.dll+0x389fda]
V  [jvm.dll+0x24bfa0]
V  [jvm.dll+0x24b580]
V  [jvm.dll+0x1cb13e]
V  [jvm.dll+0x25b29d]
V  [jvm.dll+0x25982a]
V  [jvm.dll+0x3f7ea6]
V  [jvm.dll+0x85e9ad]
V  [jvm.dll+0x6d565d]
C  [ucrtbase.dll+0x37b0]
C  [KERNEL32.DLL+0x2e8d7]
C  [ntdll.dll+0x8c53c]


---------------  P R O C E S S  ---------------

Threads class SMR info:
_java_thread_list=0x00000283e4db43e0, length=41, elements={
0x0000028382b71260, 0x0000028382c29630, 0x0000028382aea510, 0x0000028382aec2d0,
0x0000028382c2b3b0, 0x0000028382c2c260, 0x0000028382aecfd0, 0x0000028382aedd50,
0x00000283e0040b70, 0x00000283e020fd90, 0x00000283e0312500, 0x00000283e0a84ae0,
0x00000283e0bf6f00, 0x00000283e0b1f550, 0x00000283e0b20270, 0x00000283e0b22340,
0x00000283e0b21620, 0x00000283e0b1fbe0, 0x00000283e0b21cb0, 0x00000283e0b229d0,
0x00000283e0b20900, 0x00000283e25b8550, 0x00000283e25b9270, 0x00000283e25bacb0,
0x00000283e25b9900, 0x00000283e25b9f90, 0x00000283e25bb340, 0x00000283e25b7ec0,
0x00000283e25bc060, 0x00000283e25bd410, 0x00000283e25bdaa0, 0x00000283e25bc6f0,
0x00000283e25bcd80, 0x00000283e25ba620, 0x00000283e25be130, 0x00000283e25be7c0,
0x00000283e25bee50, 0x00000283e25bb9d0, 0x00000283e25bf4e0, 0x00000283e2ddd8d0,
0x00000283e2ddcbb0
}

Java Threads: ( => current thread )
  0x0000028382b71260 JavaThread "main"                              [_thread_blocked, id=23996, stack(0x000000e6ad600000,0x000000e6ad700000) (1024K)]
  0x0000028382c29630 JavaThread "Reference Handler"          daemon [_thread_blocked, id=18188, stack(0x000000e6ada00000,0x000000e6adb00000) (1024K)]
  0x0000028382aea510 JavaThread "Finalizer"                  daemon [_thread_blocked, id=19820, stack(0x000000e6adb00000,0x000000e6adc00000) (1024K)]
  0x0000028382aec2d0 JavaThread "Signal Dispatcher"          daemon [_thread_blocked, id=8036, stack(0x000000e6adc00000,0x000000e6add00000) (1024K)]
  0x0000028382c2b3b0 JavaThread "Attach Listener"            daemon [_thread_blocked, id=9976, stack(0x000000e6add00000,0x000000e6ade00000) (1024K)]
  0x0000028382c2c260 JavaThread "Service Thread"             daemon [_thread_blocked, id=3300, stack(0x000000e6ade00000,0x000000e6adf00000) (1024K)]
  0x0000028382aecfd0 JavaThread "Monitor Deflation Thread"   daemon [_thread_blocked, id=12772, stack(0x000000e6adf00000,0x000000e6ae000000) (1024K)]
=>0x0000028382aedd50 JavaThread "C2 CompilerThread0"         daemon [_thread_in_native, id=10420, stack(0x000000e6ae000000,0x000000e6ae100000) (1024K)]
  0x00000283e0040b70 JavaThread "C1 CompilerThread0"         daemon [_thread_blocked, id=7084, stack(0x000000e6ae100000,0x000000e6ae200000) (1024K)]
  0x00000283e020fd90 JavaThread "Common-Cleaner"             daemon [_thread_blocked, id=15092, stack(0x000000e6ae200000,0x000000e6ae300000) (1024K)]
  0x00000283e0312500 JavaThread "Notification Thread"        daemon [_thread_blocked, id=3712, stack(0x000000e6ae400000,0x000000e6ae500000) (1024K)]
  0x00000283e0a84ae0 JavaThread "Active Thread: Equinox Container: 68c22734-e46c-4d29-8dcb-951d82a49324"        [_thread_blocked, id=9748, stack(0x000000e6aec00000,0x000000e6aed00000) (1024K)]
  0x00000283e0bf6f00 JavaThread "Refresh Thread: Equinox Container: 68c22734-e46c-4d29-8dcb-951d82a49324" daemon [_thread_blocked, id=18804, stack(0x000000e6aed00000,0x000000e6aee00000) (1024K)]
  0x00000283e0b1f550 JavaThread "Framework Event Dispatcher: Equinox Container: 68c22734-e46c-4d29-8dcb-951d82a49324" daemon [_thread_blocked, id=14296, stack(0x000000e6aef00000,0x000000e6af000000) (1024K)]
  0x00000283e0b20270 JavaThread "Start Level: Equinox Container: 68c22734-e46c-4d29-8dcb-951d82a49324" daemon [_thread_blocked, id=21984, stack(0x000000e6af000000,0x000000e6af100000) (1024K)]
  0x00000283e0b22340 JavaThread "Bundle File Closer"         daemon [_thread_blocked, id=22460, stack(0x000000e6af100000,0x000000e6af200000) (1024K)]
  0x00000283e0b21620 JavaThread "SCR Component Actor"        daemon [_thread_blocked, id=2264, stack(0x000000e6af200000,0x000000e6af300000) (1024K)]
  0x00000283e0b1fbe0 JavaThread "Worker-JM"                         [_thread_blocked, id=14448, stack(0x000000e6af300000,0x000000e6af400000) (1024K)]
  0x00000283e0b21cb0 JavaThread "JNA Cleaner"                daemon [_thread_blocked, id=4320, stack(0x000000e6ae300000,0x000000e6ae400000) (1024K)]
  0x00000283e0b229d0 JavaThread "Worker-0: Initialize After Load"        [_thread_blocked, id=18876, stack(0x000000e6aeb00000,0x000000e6aec00000) (1024K)]
  0x00000283e0b20900 JavaThread "Worker-1"                          [_thread_blocked, id=19868, stack(0x000000e6af400000,0x000000e6af500000) (1024K)]
  0x00000283e25b8550 JavaThread "Java indexing"              daemon [_thread_blocked, id=6240, stack(0x000000e6af600000,0x000000e6af700000) (1024K)]
  0x00000283e25b9270 JavaThread "Worker-2: Updating Maven Dependencies"        [_thread_in_vm, id=11500, stack(0x000000e6afa00000,0x000000e6afb00000) (1024K)]
  0x00000283e25bacb0 JavaThread "Worker-3: Repository registry initialization"        [_thread_blocked, id=13528, stack(0x000000e6afb00000,0x000000e6afc00000) (1024K)]
  0x00000283e25b9900 JavaThread "Worker-4"                          [_thread_blocked, id=15592, stack(0x000000e6afc00000,0x000000e6afd00000) (1024K)]
  0x00000283e25b9f90 JavaThread "Worker-5: Synchronize Gradle projects with workspace"        [_thread_blocked, id=14792, stack(0x000000e6afd00000,0x000000e6afe00000) (1024K)]
  0x00000283e25bb340 JavaThread "Thread-1"                   daemon [_thread_in_native, id=19448, stack(0x000000e6afe00000,0x000000e6aff00000) (1024K)]
  0x00000283e25b7ec0 JavaThread "Thread-2"                   daemon [_thread_in_native, id=11208, stack(0x000000e6aff00000,0x000000e6b0000000) (1024K)]
  0x00000283e25bc060 JavaThread "Thread-3"                   daemon [_thread_in_native, id=22404, stack(0x000000e6b0000000,0x000000e6b0100000) (1024K)]
  0x00000283e25bd410 JavaThread "Thread-4"                   daemon [_thread_in_native, id=11072, stack(0x000000e6b0100000,0x000000e6b0200000) (1024K)]
  0x00000283e25bdaa0 JavaThread "Thread-5"                   daemon [_thread_in_native, id=20120, stack(0x000000e6b0200000,0x000000e6b0300000) (1024K)]
  0x00000283e25bc6f0 JavaThread "Thread-6"                   daemon [_thread_in_native, id=22560, stack(0x000000e6b0300000,0x000000e6b0400000) (1024K)]
  0x00000283e25bcd80 JavaThread "Thread-7"                   daemon [_thread_in_native, id=23760, stack(0x000000e6b0400000,0x000000e6b0500000) (1024K)]
  0x00000283e25ba620 JavaThread "Thread-8"                   daemon [_thread_in_native, id=12808, stack(0x000000e6b0500000,0x000000e6b0600000) (1024K)]
  0x00000283e25be130 JavaThread "Thread-9"                   daemon [_thread_in_native, id=1964, stack(0x000000e6b0600000,0x000000e6b0700000) (1024K)]
  0x00000283e25be7c0 JavaThread "pool-2-thread-1"                   [_thread_blocked, id=7888, stack(0x000000e6b0700000,0x000000e6b0800000) (1024K)]
  0x00000283e25bee50 JavaThread "Timer-0"                           [_thread_blocked, id=21400, stack(0x000000e6b0800000,0x000000e6b0900000) (1024K)]
  0x00000283e25bb9d0 JavaThread "Timer-1"                           [_thread_blocked, id=20636, stack(0x000000e6b0900000,0x000000e6b0a00000) (1024K)]
  0x00000283e25bf4e0 JavaThread "WorkspaceEventsHandler"            [_thread_blocked, id=14116, stack(0x000000e6b0a00000,0x000000e6b0b00000) (1024K)]
  0x00000283e2ddd8d0 JavaThread "pool-1-thread-1"                   [_thread_blocked, id=18524, stack(0x000000e6b0b00000,0x000000e6b0c00000) (1024K)]
  0x00000283e2ddcbb0 JavaThread "Connection worker"                 [_thread_in_native, id=24524, stack(0x000000e6b0c00000,0x000000e6b0d00000) (1024K)]
Total: 41

Other Threads:
  0x0000028382c10b50 VMThread "VM Thread"                           [id=8692, stack(0x000000e6ad900000,0x000000e6ada00000) (1024K)]
  0x00000283829fca10 WatcherThread "VM Periodic Task Thread"        [id=14592, stack(0x000000e6ad800000,0x000000e6ad900000) (1024K)]
  0x0000028382b8f990 WorkerThread "GC Thread#0"                     [id=2456, stack(0x000000e6ad700000,0x000000e6ad800000) (1024K)]
  0x00000283e046fb90 WorkerThread "GC Thread#1"                     [id=22848, stack(0x000000e6ae500000,0x000000e6ae600000) (1024K)]
  0x00000283e07788a0 WorkerThread "GC Thread#2"                     [id=21324, stack(0x000000e6ae600000,0x000000e6ae700000) (1024K)]
  0x00000283e046ff30 WorkerThread "GC Thread#3"                     [id=756, stack(0x000000e6ae700000,0x000000e6ae800000) (1024K)]
  0x00000283e0b06890 WorkerThread "GC Thread#4"                     [id=20620, stack(0x000000e6ae800000,0x000000e6ae900000) (1024K)]
  0x00000283e0b06c30 WorkerThread "GC Thread#5"                     [id=24168, stack(0x000000e6ae900000,0x000000e6aea00000) (1024K)]
  0x00000283e0a0f450 WorkerThread "GC Thread#6"                     [id=7684, stack(0x000000e6aea00000,0x000000e6aeb00000) (1024K)]
  0x00000283e0a400e0 WorkerThread "GC Thread#7"                     [id=22296, stack(0x000000e6aee00000,0x000000e6aef00000) (1024K)]
Total: 10

Threads with active compile tasks:
C2 CompilerThread0  12397 5057   !   4       org.eclipse.osgi.internal.loader.BundleLoader::findClass0 (490 bytes)
Total: 1

VM state: not at safepoint (normal execution)

VM Mutex/Monitor currently owned by a thread:  ([mutex/lock_event])
[0x00007fffe603c170] DirectivesStack_lock - owner thread: 0x0000000000000000

Heap address: 0x0000000080000000, size: 2048 MB, Compressed Oops mode: 32-bit

CDS archive(s) mapped at: [0x000002839a000000-0x000002839aba0000-0x000002839aba0000), size 12189696, SharedBaseAddress: 0x000002839a000000, ArchiveRelocationMode: 1.
Compressed class space mapped at: 0x000002839b000000-0x00000283db000000, reserved size: 1073741824
Narrow klass base: 0x000002839a000000, Narrow klass shift: 0, Narrow klass range: 0x100000000

GC Precious Log:
 CardTable entry size: 512
 CPUs: 8 total, 8 available
 Memory: 16220M
 Large Page Support: Disabled
 NUMA Support: Disabled
 Compressed Oops: Enabled (32-bit)
 Alignments: Space 512K, Generation 512K, Heap 2M
 Heap Min Capacity: 100M
 Heap Initial Capacity: 100M
 Heap Max Capacity: 2G
 Pre-touch: Disabled
 Parallel Workers: 8

Heap:
 PSYoungGen      total 26112K, used 22781K [0x00000000d5580000, 0x00000000d7900000, 0x0000000100000000)
  eden space 20992K, 84% used [0x00000000d5580000,0x00000000d66c6ea8,0x00000000d6a00000)
  from space 5120K, 99% used [0x00000000d6a00000,0x00000000d6ef8678,0x00000000d6f00000)
  to   space 7680K, 0% used [0x00000000d7180000,0x00000000d7180000,0x00000000d7900000)
 ParOldGen       total 68608K, used 23757K [0x0000000080000000, 0x0000000084300000, 0x00000000d5580000)
  object space 68608K, 34% used [0x0000000080000000,0x0000000081733628,0x0000000084300000)
 Metaspace       used 43000K, committed 44160K, reserved 1114112K
  class space    used 4811K, committed 5312K, reserved 1048576K

Card table byte_map: [0x0000028382510000,0x0000028382920000] _byte_map_base: 0x0000028382110000

Marking Bits: (ParMarkBitMap*) 0x00007fffe6042460
 Begin Bits: [0x0000028395020000, 0x0000028397020000)
 End Bits:   [0x0000028397020000, 0x0000028399020000)

Polling page: 0x00000283809d0000

Metaspace:

Usage:
  Non-class:     37.30 MB used.
      Class:      4.70 MB used.
       Both:     41.99 MB used.

Virtual space:
  Non-class space:       64.00 MB reserved,      37.94 MB ( 59%) committed,  1 nodes.
      Class space:        1.00 GB reserved,       5.19 MB ( <1%) committed,  1 nodes.
             Both:        1.06 GB reserved,      43.12 MB (  4%) committed. 

Chunk freelists:
   Non-Class:  9.95 MB
       Class:  10.69 MB
        Both:  20.64 MB

MaxMetaspaceSize: unlimited
CompressedClassSpaceSize: 1.00 GB
Initial GC threshold: 21.00 MB
Current GC threshold: 58.38 MB
CDS: on
 - commit_granule_bytes: 65536.
 - commit_granule_words: 8192.
 - virtual_space_node_default_size: 8388608.
 - enlarge_chunks_in_place: 1.
 - use_allocation_guard: 0.


Internal statistics:

num_allocs_failed_limit: 8.
num_arena_births: 790.
num_arena_deaths: 24.
num_vsnodes_births: 2.
num_vsnodes_deaths: 0.
num_space_committed: 690.
num_space_uncommitted: 0.
num_chunks_returned_to_freelist: 35.
num_chunks_taken_from_freelist: 2727.
num_chunk_merges: 12.
num_chunk_splits: 1680.
num_chunks_enlarged: 968.
num_inconsistent_stats: 0.

CodeHeap 'non-profiled nmethods': size=120000Kb used=2615Kb max_used=2615Kb free=117384Kb
 bounds [0x000002838d840000, 0x000002838dad0000, 0x0000028394d70000]
CodeHeap 'profiled nmethods': size=120000Kb used=9364Kb max_used=9364Kb free=110635Kb
 bounds [0x0000028385d70000, 0x00000283866a0000, 0x000002838d2a0000]
CodeHeap 'non-nmethods': size=5760Kb used=1361Kb max_used=1455Kb free=4398Kb
 bounds [0x000002838d2a0000, 0x000002838d510000, 0x000002838d840000]
CodeCache: size=245760Kb, used=13340Kb, max_used=13434Kb, free=232417Kb
 total_blobs=5291, nmethods=4629, adapters=568, full_count=0
Compilation: enabled, stopped_count=0, restarted_count=0

Compilation events (20 events):
Event: 11.366 Thread 0x00000283e0040b70 nmethod 5159 0x0000028386689190 code [0x0000028386689340, 0x0000028386689520]
Event: 11.366 Thread 0x00000283e0040b70 5158       1       com.google.inject.internal.LinkedBindingImpl::getLinkedKey (5 bytes)
Event: 11.366 Thread 0x00000283e0040b70 nmethod 5158 0x000002838dacbd90 code [0x000002838dacbf20, 0x000002838dacbfe8]
Event: 11.368 Thread 0x00000283e156fde0 nmethod 5154 0x000002838dacc090 code [0x000002838dacc240, 0x000002838dacc688]
Event: 11.369 Thread 0x00000283e0040b70 5160       3       com.google.inject.TypeLiteral::resolve (9 bytes)
Event: 11.369 Thread 0x00000283e0040b70 nmethod 5160 0x0000028386689610 code [0x00000283866897e0, 0x0000028386689a18]
Event: 11.370 Thread 0x00000283e2acbbc0 5161       4       java.lang.ClassLoader::getClassLoadingLock (35 bytes)
Event: 11.371 Thread 0x00000283e2acbbc0 nmethod 5161 0x000002838dacc910 code [0x000002838daccaa0, 0x000002838daccbe8]
Event: 11.384 Thread 0x00000283e0040b70 5162       1       jdk.internal.event.ThreadSleepEvent::isEnabled (2 bytes)
Event: 11.384 Thread 0x00000283e0040b70 nmethod 5162 0x000002838dacd110 code [0x000002838dacd2a0, 0x000002838dacd368]
Event: 11.390 Thread 0x00000283e0040b70 5164       3       java.lang.invoke.VarHandleGuards::guard_LII_Z (86 bytes)
Event: 11.391 Thread 0x00000283e0040b70 nmethod 5164 0x0000028386689b10 code [0x0000028386689e40, 0x000002838668b698]
Event: 11.391 Thread 0x00000283e0040b70 5165       3       java.lang.invoke.VarHandleInts$FieldInstanceReadWrite::compareAndSet (32 bytes)
Event: 11.391 Thread 0x00000283e0040b70 nmethod 5165 0x000002838668be10 code [0x000002838668c000, 0x000002838668c590]
Event: 11.398 Thread 0x00000283e0040b70 5167       3       java.util.concurrent.ScheduledThreadPoolExecutor$ScheduledFutureTask::compareTo (9 bytes)
Event: 11.398 Thread 0x00000283e0040b70 nmethod 5167 0x000002838668c790 code [0x000002838668c940, 0x000002838668cba0]
Event: 11.398 Thread 0x00000283e0040b70 5168       3       java.util.concurrent.ScheduledThreadPoolExecutor$ScheduledFutureTask::compareTo (101 bytes)
Event: 11.398 Thread 0x00000283e0040b70 nmethod 5168 0x000002838668cc90 code [0x000002838668cec0, 0x000002838668d5d8]
Event: 11.408 Thread 0x00000283e0040b70 5169       3       java.lang.invoke.VarHandleGuards::guard_LI_V (123 bytes)
Event: 12.371 Thread 0x00000283e0040b70 nmethod 5169 0x000002838668d790 code [0x000002838668dba0, 0x000002838668ff00]

GC Heap History (20 events):
Event: 8.403 GC heap before
{Heap before GC invocations=10 (full 1):
 PSYoungGen      total 25088K, used 24712K [0x00000000d5580000, 0x00000000d7480000, 0x0000000100000000)
  eden space 24064K, 100% used [0x00000000d5580000,0x00000000d6d00000,0x00000000d6d00000)
  from space 1024K, 63% used [0x00000000d7380000,0x00000000d74220a8,0x00000000d7480000)
  to   space 2048K, 0% used [0x00000000d7080000,0x00000000d7080000,0x00000000d7280000)
 ParOldGen       total 68608K, used 12927K [0x0000000080000000, 0x0000000084300000, 0x00000000d5580000)
  object space 68608K, 18% used [0x0000000080000000,0x0000000080c9fd70,0x0000000084300000)
 Metaspace       used 26403K, committed 27264K, reserved 1114112K
  class space    used 2610K, committed 3008K, reserved 1048576K
}
Event: 8.404 GC heap after
{Heap after GC invocations=10 (full 1):
 PSYoungGen      total 25600K, used 1766K [0x00000000d5580000, 0x00000000d7400000, 0x0000000100000000)
  eden space 23552K, 0% used [0x00000000d5580000,0x00000000d5580000,0x00000000d6c80000)
  from space 2048K, 86% used [0x00000000d7080000,0x00000000d7239b68,0x00000000d7280000)
  to   space 1536K, 0% used [0x00000000d7280000,0x00000000d7280000,0x00000000d7400000)
 ParOldGen       total 68608K, used 13716K [0x0000000080000000, 0x0000000084300000, 0x00000000d5580000)
  object space 68608K, 19% used [0x0000000080000000,0x0000000080d65280,0x0000000084300000)
 Metaspace       used 26403K, committed 27264K, reserved 1114112K
  class space    used 2610K, committed 3008K, reserved 1048576K
}
Event: 8.714 GC heap before
{Heap before GC invocations=11 (full 1):
 PSYoungGen      total 25600K, used 25318K [0x00000000d5580000, 0x00000000d7400000, 0x0000000100000000)
  eden space 23552K, 100% used [0x00000000d5580000,0x00000000d6c80000,0x00000000d6c80000)
  from space 2048K, 86% used [0x00000000d7080000,0x00000000d7239b68,0x00000000d7280000)
  to   space 1536K, 0% used [0x00000000d7280000,0x00000000d7280000,0x00000000d7400000)
 ParOldGen       total 68608K, used 13716K [0x0000000080000000, 0x0000000084300000, 0x00000000d5580000)
  object space 68608K, 19% used [0x0000000080000000,0x0000000080d65280,0x0000000084300000)
 Metaspace       used 28591K, committed 29568K, reserved 1114112K
  class space    used 2819K, committed 3264K, reserved 1048576K
}
Event: 8.716 GC heap after
{Heap after GC invocations=11 (full 1):
 PSYoungGen      total 24576K, used 1527K [0x00000000d5580000, 0x00000000d7400000, 0x0000000100000000)
  eden space 23040K, 0% used [0x00000000d5580000,0x00000000d5580000,0x00000000d6c00000)
  from space 1536K, 99% used [0x00000000d7280000,0x00000000d73fdc80,0x00000000d7400000)
  to   space 3072K, 0% used [0x00000000d6e00000,0x00000000d6e00000,0x00000000d7100000)
 ParOldGen       total 68608K, used 15019K [0x0000000080000000, 0x0000000084300000, 0x00000000d5580000)
  object space 68608K, 21% used [0x0000000080000000,0x0000000080eaaf00,0x0000000084300000)
 Metaspace       used 28591K, committed 29568K, reserved 1114112K
  class space    used 2819K, committed 3264K, reserved 1048576K
}
Event: 9.050 GC heap before
{Heap before GC invocations=12 (full 1):
 PSYoungGen      total 24576K, used 24567K [0x00000000d5580000, 0x00000000d7400000, 0x0000000100000000)
  eden space 23040K, 100% used [0x00000000d5580000,0x00000000d6c00000,0x00000000d6c00000)
  from space 1536K, 99% used [0x00000000d7280000,0x00000000d73fdc80,0x00000000d7400000)
  to   space 3072K, 0% used [0x00000000d6e00000,0x00000000d6e00000,0x00000000d7100000)
 ParOldGen       total 68608K, used 15019K [0x0000000080000000, 0x0000000084300000, 0x00000000d5580000)
  object space 68608K, 21% used [0x0000000080000000,0x0000000080eaaf00,0x0000000084300000)
 Metaspace       used 31708K, committed 32704K, reserved 1114112K
  class space    used 3194K, committed 3584K, reserved 1048576K
}
Event: 9.052 GC heap after
{Heap after GC invocations=12 (full 1):
 PSYoungGen      total 24576K, used 1761K [0x00000000d5580000, 0x00000000d7300000, 0x0000000100000000)
  eden space 22528K, 0% used [0x00000000d5580000,0x00000000d5580000,0x00000000d6b80000)
  from space 2048K, 86% used [0x00000000d6e00000,0x00000000d6fb8520,0x00000000d7000000)
  to   space 2560K, 0% used [0x00000000d7080000,0x00000000d7080000,0x00000000d7300000)
 ParOldGen       total 68608K, used 16391K [0x0000000080000000, 0x0000000084300000, 0x00000000d5580000)
  object space 68608K, 23% used [0x0000000080000000,0x0000000081001d78,0x0000000084300000)
 Metaspace       used 31708K, committed 32704K, reserved 1114112K
  class space    used 3194K, committed 3584K, reserved 1048576K
}
Event: 9.267 GC heap before
{Heap before GC invocations=13 (full 1):
 PSYoungGen      total 24576K, used 24289K [0x00000000d5580000, 0x00000000d7300000, 0x0000000100000000)
  eden space 22528K, 100% used [0x00000000d5580000,0x00000000d6b80000,0x00000000d6b80000)
  from space 2048K, 86% used [0x00000000d6e00000,0x00000000d6fb8520,0x00000000d7000000)
  to   space 2560K, 0% used [0x00000000d7080000,0x00000000d7080000,0x00000000d7300000)
 ParOldGen       total 68608K, used 16391K [0x0000000080000000, 0x0000000084300000, 0x00000000d5580000)
  object space 68608K, 23% used [0x0000000080000000,0x0000000081001d78,0x0000000084300000)
 Metaspace       used 34416K, committed 35456K, reserved 1114112K
  class space    used 3588K, committed 4032K, reserved 1048576K
}
Event: 9.269 GC heap after
{Heap after GC invocations=13 (full 1):
 PSYoungGen      total 24064K, used 1856K [0x00000000d5580000, 0x00000000d7280000, 0x0000000100000000)
  eden space 22016K, 0% used [0x00000000d5580000,0x00000000d5580000,0x00000000d6b00000)
  from space 2048K, 90% used [0x00000000d7080000,0x00000000d7250000,0x00000000d7280000)
  to   space 2048K, 0% used [0x00000000d6e80000,0x00000000d6e80000,0x00000000d7080000)
 ParOldGen       total 68608K, used 17561K [0x0000000080000000, 0x0000000084300000, 0x00000000d5580000)
  object space 68608K, 25% used [0x0000000080000000,0x0000000081126790,0x0000000084300000)
 Metaspace       used 34416K, committed 35456K, reserved 1114112K
  class space    used 3588K, committed 4032K, reserved 1048576K
}
Event: 9.322 GC heap before
{Heap before GC invocations=14 (full 1):
 PSYoungGen      total 24064K, used 5517K [0x00000000d5580000, 0x00000000d7280000, 0x0000000100000000)
  eden space 22016K, 16% used [0x00000000d5580000,0x00000000d5913508,0x00000000d6b00000)
  from space 2048K, 90% used [0x00000000d7080000,0x00000000d7250000,0x00000000d7280000)
  to   space 2048K, 0% used [0x00000000d6e80000,0x00000000d6e80000,0x00000000d7080000)
 ParOldGen       total 68608K, used 17561K [0x0000000080000000, 0x0000000084300000, 0x00000000d5580000)
  object space 68608K, 25% used [0x0000000080000000,0x0000000081126790,0x0000000084300000)
 Metaspace       used 34771K, committed 35840K, reserved 1114112K
  class space    used 3643K, committed 4096K, reserved 1048576K
}
Event: 9.324 GC heap after
{Heap after GC invocations=14 (full 1):
 PSYoungGen      total 22528K, used 320K [0x00000000d5580000, 0x00000000d7100000, 0x0000000100000000)
  eden space 22016K, 0% used [0x00000000d5580000,0x00000000d5580000,0x00000000d6b00000)
  from space 512K, 62% used [0x00000000d6e80000,0x00000000d6ed0000,0x00000000d6f00000)
  to   space 1024K, 0% used [0x00000000d7000000,0x00000000d7000000,0x00000000d7100000)
 ParOldGen       total 68608K, used 19233K [0x0000000080000000, 0x0000000084300000, 0x00000000d5580000)
  object space 68608K, 28% used [0x0000000080000000,0x00000000812c8790,0x0000000084300000)
 Metaspace       used 34771K, committed 35840K, reserved 1114112K
  class space    used 3643K, committed 4096K, reserved 1048576K
}
Event: 9.324 GC heap before
{Heap before GC invocations=15 (full 2):
 PSYoungGen      total 22528K, used 320K [0x00000000d5580000, 0x00000000d7100000, 0x0000000100000000)
  eden space 22016K, 0% used [0x00000000d5580000,0x00000000d5580000,0x00000000d6b00000)
  from space 512K, 62% used [0x00000000d6e80000,0x00000000d6ed0000,0x00000000d6f00000)
  to   space 1024K, 0% used [0x00000000d7000000,0x00000000d7000000,0x00000000d7100000)
 ParOldGen       total 68608K, used 19233K [0x0000000080000000, 0x0000000084300000, 0x00000000d5580000)
  object space 68608K, 28% used [0x0000000080000000,0x00000000812c8790,0x0000000084300000)
 Metaspace       used 34771K, committed 35840K, reserved 1114112K
  class space    used 3643K, committed 4096K, reserved 1048576K
}
Event: 9.358 GC heap after
{Heap after GC invocations=15 (full 2):
 PSYoungGen      total 22528K, used 0K [0x00000000d5580000, 0x00000000d7100000, 0x0000000100000000)
  eden space 22016K, 0% used [0x00000000d5580000,0x00000000d5580000,0x00000000d6b00000)
  from space 512K, 0% used [0x00000000d6e80000,0x00000000d6e80000,0x00000000d6f00000)
  to   space 1024K, 0% used [0x00000000d7000000,0x00000000d7000000,0x00000000d7100000)
 ParOldGen       total 68608K, used 18330K [0x0000000080000000, 0x0000000084300000, 0x00000000d5580000)
  object space 68608K, 26% used [0x0000000080000000,0x00000000811e6b30,0x0000000084300000)
 Metaspace       used 34763K, committed 35840K, reserved 1114112K
  class space    used 3641K, committed 4096K, reserved 1048576K
}
Event: 9.506 GC heap before
{Heap before GC invocations=16 (full 2):
 PSYoungGen      total 22528K, used 22016K [0x00000000d5580000, 0x00000000d7100000, 0x0000000100000000)
  eden space 22016K, 100% used [0x00000000d5580000,0x00000000d6b00000,0x00000000d6b00000)
  from space 512K, 0% used [0x00000000d6e80000,0x00000000d6e80000,0x00000000d6f00000)
  to   space 1024K, 0% used [0x00000000d7000000,0x00000000d7000000,0x00000000d7100000)
 ParOldGen       total 68608K, used 18330K [0x0000000080000000, 0x0000000084300000, 0x00000000d5580000)
  object space 68608K, 26% used [0x0000000080000000,0x00000000811e6b30,0x0000000084300000)
 Metaspace       used 36906K, committed 37952K, reserved 1114112K
  class space    used 3976K, committed 4416K, reserved 1048576K
}
Event: 9.507 GC heap after
{Heap after GC invocations=16 (full 2):
 PSYoungGen      total 23040K, used 1017K [0x00000000d5580000, 0x00000000d7100000, 0x0000000100000000)
  eden space 22016K, 0% used [0x00000000d5580000,0x00000000d5580000,0x00000000d6b00000)
  from space 1024K, 99% used [0x00000000d7000000,0x00000000d70fe668,0x00000000d7100000)
  to   space 1536K, 0% used [0x00000000d6e00000,0x00000000d6e00000,0x00000000d6f80000)
 ParOldGen       total 68608K, used 18655K [0x0000000080000000, 0x0000000084300000, 0x00000000d5580000)
  object space 68608K, 27% used [0x0000000080000000,0x0000000081237d30,0x0000000084300000)
 Metaspace       used 36906K, committed 37952K, reserved 1114112K
  class space    used 3976K, committed 4416K, reserved 1048576K
}
Event: 9.720 GC heap before
{Heap before GC invocations=17 (full 2):
 PSYoungGen      total 23040K, used 23033K [0x00000000d5580000, 0x00000000d7100000, 0x0000000100000000)
  eden space 22016K, 100% used [0x00000000d5580000,0x00000000d6b00000,0x00000000d6b00000)
  from space 1024K, 99% used [0x00000000d7000000,0x00000000d70fe668,0x00000000d7100000)
  to   space 1536K, 0% used [0x00000000d6e00000,0x00000000d6e00000,0x00000000d6f80000)
 ParOldGen       total 68608K, used 18655K [0x0000000080000000, 0x0000000084300000, 0x00000000d5580000)
  object space 68608K, 27% used [0x0000000080000000,0x0000000081237d30,0x0000000084300000)
 Metaspace       used 38239K, committed 39296K, reserved 1114112K
  class space    used 4154K, committed 4608K, reserved 1048576K
}
Event: 9.722 GC heap after
{Heap after GC invocations=17 (full 2):
 PSYoungGen      total 23040K, used 969K [0x00000000d5580000, 0x00000000d7080000, 0x0000000100000000)
  eden space 22016K, 0% used [0x00000000d5580000,0x00000000d5580000,0x00000000d6b00000)
  from space 1024K, 94% used [0x00000000d6e00000,0x00000000d6ef2750,0x00000000d6f00000)
  to   space 1536K, 0% used [0x00000000d6f00000,0x00000000d6f00000,0x00000000d7080000)
 ParOldGen       total 68608K, used 19135K [0x0000000080000000, 0x0000000084300000, 0x00000000d5580000)
  object space 68608K, 27% used [0x0000000080000000,0x00000000812afd30,0x0000000084300000)
 Metaspace       used 38239K, committed 39296K, reserved 1114112K
  class space    used 4154K, committed 4608K, reserved 1048576K
}
Event: 9.905 GC heap before
{Heap before GC invocations=18 (full 2):
 PSYoungGen      total 23040K, used 20548K [0x00000000d5580000, 0x00000000d7080000, 0x0000000100000000)
  eden space 22016K, 88% used [0x00000000d5580000,0x00000000d689eb58,0x00000000d6b00000)
  from space 1024K, 94% used [0x00000000d6e00000,0x00000000d6ef2750,0x00000000d6f00000)
  to   space 1536K, 0% used [0x00000000d6f00000,0x00000000d6f00000,0x00000000d7080000)
 ParOldGen       total 68608K, used 19135K [0x0000000080000000, 0x0000000084300000, 0x00000000d5580000)
  object space 68608K, 27% used [0x0000000080000000,0x00000000812afd30,0x0000000084300000)
 Metaspace       used 39354K, committed 40448K, reserved 1114112K
  class space    used 4300K, committed 4800K, reserved 1048576K
}
Event: 9.907 GC heap after
{Heap after GC invocations=18 (full 2):
 PSYoungGen      total 22528K, used 1533K [0x00000000d5580000, 0x00000000d7500000, 0x0000000100000000)
  eden space 20992K, 0% used [0x00000000d5580000,0x00000000d5580000,0x00000000d6a00000)
  from space 1536K, 99% used [0x00000000d6f00000,0x00000000d707f7e0,0x00000000d7080000)
  to   space 5120K, 0% used [0x00000000d6a00000,0x00000000d6a00000,0x00000000d6f00000)
 ParOldGen       total 68608K, used 21891K [0x0000000080000000, 0x0000000084300000, 0x00000000d5580000)
  object space 68608K, 31% used [0x0000000080000000,0x0000000081560df0,0x0000000084300000)
 Metaspace       used 39354K, committed 40448K, reserved 1114112K
  class space    used 4300K, committed 4800K, reserved 1048576K
}
Event: 10.201 GC heap before
{Heap before GC invocations=19 (full 2):
 PSYoungGen      total 22528K, used 22525K [0x00000000d5580000, 0x00000000d7500000, 0x0000000100000000)
  eden space 20992K, 100% used [0x00000000d5580000,0x00000000d6a00000,0x00000000d6a00000)
  from space 1536K, 99% used [0x00000000d6f00000,0x00000000d707f7e0,0x00000000d7080000)
  to   space 5120K, 0% used [0x00000000d6a00000,0x00000000d6a00000,0x00000000d6f00000)
 ParOldGen       total 68608K, used 21891K [0x0000000080000000, 0x0000000084300000, 0x00000000d5580000)
  object space 68608K, 31% used [0x0000000080000000,0x0000000081560df0,0x0000000084300000)
 Metaspace       used 41039K, committed 42240K, reserved 1114112K
  class space    used 4533K, committed 5056K, reserved 1048576K
}
Event: 10.203 GC heap after
{Heap after GC invocations=19 (full 2):
 PSYoungGen      total 26112K, used 5089K [0x00000000d5580000, 0x00000000d7900000, 0x0000000100000000)
  eden space 20992K, 0% used [0x00000000d5580000,0x00000000d5580000,0x00000000d6a00000)
  from space 5120K, 99% used [0x00000000d6a00000,0x00000000d6ef8678,0x00000000d6f00000)
  to   space 7680K, 0% used [0x00000000d7180000,0x00000000d7180000,0x00000000d7900000)
 ParOldGen       total 68608K, used 23757K [0x0000000080000000, 0x0000000084300000, 0x00000000d5580000)
  object space 68608K, 34% used [0x0000000080000000,0x0000000081733628,0x0000000084300000)
 Metaspace       used 41039K, committed 42240K, reserved 1114112K
  class space    used 4533K, committed 5056K, reserved 1048576K
}

Dll operation events (10 events):
Event: 0.021 Loaded shared library c:\Users\huynh\.vscode\extensions\redhat.java-1.49.0-win32-x64\jre\21.0.9-win32-x86_64\bin\java.dll
Event: 0.072 Loaded shared library c:\Users\huynh\.vscode\extensions\redhat.java-1.49.0-win32-x64\jre\21.0.9-win32-x86_64\bin\zip.dll
Event: 0.241 Loaded shared library C:\Users\huynh\.vscode\extensions\redhat.java-1.49.0-win32-x64\jre\21.0.9-win32-x86_64\bin\instrument.dll
Event: 0.249 Loaded shared library C:\Users\huynh\.vscode\extensions\redhat.java-1.49.0-win32-x64\jre\21.0.9-win32-x86_64\bin\net.dll
Event: 0.290 Loaded shared library C:\Users\huynh\.vscode\extensions\redhat.java-1.49.0-win32-x64\jre\21.0.9-win32-x86_64\bin\nio.dll
Event: 0.300 Loaded shared library C:\Users\huynh\.vscode\extensions\redhat.java-1.49.0-win32-x64\jre\21.0.9-win32-x86_64\bin\zip.dll
Event: 0.349 Loaded shared library C:\Users\huynh\.vscode\extensions\redhat.java-1.49.0-win32-x64\jre\21.0.9-win32-x86_64\bin\jimage.dll
Event: 0.467 Loaded shared library c:\Users\huynh\.vscode\extensions\redhat.java-1.49.0-win32-x64\jre\21.0.9-win32-x86_64\bin\verify.dll
Event: 5.613 Loaded shared library C:\Users\huynh\AppData\Roaming\Code\User\globalStorage\redhat.java\1.49.0\config_win\org.eclipse.equinox.launcher\org.eclipse.equinox.launcher.win32.win32.x86_64_1.2.1400.v20250801-0854\eclipse_11916.dll
Event: 7.321 Loaded shared library C:\Temp\jna-99651526\jna8038858781662771434.dll

Deoptimization events (20 events):
Event: 10.231 Thread 0x00000283e2ddcbb0 DEOPT PACKING pc=0x000002838d942838 sp=0x000000e6b0cfd220
Event: 10.231 Thread 0x00000283e2ddcbb0 DEOPT UNPACKING pc=0x000002838d2f3aa2 sp=0x000000e6b0cfd1b0 mode 2
Event: 10.232 Thread 0x00000283e2ddcbb0 DEOPT PACKING pc=0x0000028386144ad9 sp=0x000000e6b0cfcee0
Event: 10.232 Thread 0x00000283e2ddcbb0 DEOPT UNPACKING pc=0x000002838d2f4242 sp=0x000000e6b0cfc378 mode 0
Event: 10.252 Thread 0x00000283e25b9270 Uncommon trap: trap_request=0xffffffd6 fr.pc=0x000002838d8c826c relative=0x00000000000000cc
Event: 10.252 Thread 0x00000283e25b9270 Uncommon trap: reason=array_check action=maybe_recompile pc=0x000002838d8c826c method=java.util.stream.Nodes$FixedNodeBuilder.accept(Ljava/lang/Object;)V @ 28 c2
Event: 10.252 Thread 0x00000283e25b9270 DEOPT PACKING pc=0x000002838d8c826c sp=0x000000e6afafe2f0
Event: 10.252 Thread 0x00000283e25b9270 DEOPT UNPACKING pc=0x000002838d2f3aa2 sp=0x000000e6afafe270 mode 2
Event: 10.252 Thread 0x00000283e25b9270 Uncommon trap: trap_request=0xffffffd6 fr.pc=0x000002838d8c826c relative=0x00000000000000cc
Event: 10.252 Thread 0x00000283e25b9270 Uncommon trap: reason=array_check action=maybe_recompile pc=0x000002838d8c826c method=java.util.stream.Nodes$FixedNodeBuilder.accept(Ljava/lang/Object;)V @ 28 c2
Event: 10.252 Thread 0x00000283e25b9270 DEOPT PACKING pc=0x000002838d8c826c sp=0x000000e6afafe2f0
Event: 10.253 Thread 0x00000283e25b9270 DEOPT UNPACKING pc=0x000002838d2f3aa2 sp=0x000000e6afafe270 mode 2
Event: 10.253 Thread 0x00000283e25b9270 Uncommon trap: trap_request=0xffffffd6 fr.pc=0x000002838d8c826c relative=0x00000000000000cc
Event: 10.253 Thread 0x00000283e25b9270 Uncommon trap: reason=array_check action=maybe_recompile pc=0x000002838d8c826c method=java.util.stream.Nodes$FixedNodeBuilder.accept(Ljava/lang/Object;)V @ 28 c2
Event: 10.253 Thread 0x00000283e25b9270 DEOPT PACKING pc=0x000002838d8c826c sp=0x000000e6afafe2d0
Event: 10.253 Thread 0x00000283e25b9270 DEOPT UNPACKING pc=0x000002838d2f3aa2 sp=0x000000e6afafe250 mode 2
Event: 10.253 Thread 0x00000283e25b9270 Uncommon trap: trap_request=0xffffffd6 fr.pc=0x000002838d8c826c relative=0x00000000000000cc
Event: 10.253 Thread 0x00000283e25b9270 Uncommon trap: reason=array_check action=maybe_recompile pc=0x000002838d8c826c method=java.util.stream.Nodes$FixedNodeBuilder.accept(Ljava/lang/Object;)V @ 28 c2
Event: 10.253 Thread 0x00000283e25b9270 DEOPT PACKING pc=0x000002838d8c826c sp=0x000000e6afafe2d0
Event: 10.253 Thread 0x00000283e25b9270 DEOPT UNPACKING pc=0x000002838d2f3aa2 sp=0x000000e6afafe250 mode 2

Classes loaded (20 events):
Event: 9.899 Loading class java/lang/reflect/AnnotatedParameterizedType done
Event: 9.899 Loading class sun/reflect/annotation/AnnotatedTypeFactory$AnnotatedParameterizedTypeImpl done
Event: 10.015 Loading class java/util/concurrent/CompletionService
Event: 10.015 Loading class java/util/concurrent/CompletionService done
Event: 10.194 Loading class sun/reflect/generics/scope/ConstructorScope
Event: 10.194 Loading class sun/reflect/generics/scope/ConstructorScope done
Event: 10.194 Loading class sun/reflect/generics/tree/VoidDescriptor
Event: 10.194 Loading class sun/reflect/generics/tree/VoidDescriptor done
Event: 11.290 Loading class java/nio/channels/SocketChannel
Event: 11.290 Loading class java/nio/channels/NetworkChannel
Event: 11.291 Loading class java/nio/channels/NetworkChannel done
Event: 11.291 Loading class java/nio/channels/spi/AbstractSelectableChannel
Event: 11.291 Loading class java/nio/channels/SelectableChannel
Event: 11.291 Loading class java/nio/channels/SelectableChannel done
Event: 11.291 Loading class java/nio/channels/spi/AbstractSelectableChannel done
Event: 11.291 Loading class java/nio/channels/SocketChannel done
Event: 11.291 Loading class java/nio/channels/ServerSocketChannel
Event: 11.291 Loading class java/nio/channels/ServerSocketChannel done
Event: 11.359 Loading class sun/reflect/generics/repository/FieldRepository
Event: 11.359 Loading class sun/reflect/generics/repository/FieldRepository done

Classes unloaded (12 events):
Event: 7.984 Thread 0x0000028382c10b50 Unloading class 0x000002839b1ad000 'java/lang/invoke/LambdaForm$MH+0x000002839b1ad000'
Event: 7.984 Thread 0x0000028382c10b50 Unloading class 0x000002839b1acc00 'java/lang/invoke/LambdaForm$MH+0x000002839b1acc00'
Event: 7.984 Thread 0x0000028382c10b50 Unloading class 0x000002839b1ac800 'java/lang/invoke/LambdaForm$MH+0x000002839b1ac800'
Event: 7.984 Thread 0x0000028382c10b50 Unloading class 0x000002839b1ac400 'java/lang/invoke/LambdaForm$MH+0x000002839b1ac400'
Event: 7.984 Thread 0x0000028382c10b50 Unloading class 0x000002839b1ac000 'java/lang/invoke/LambdaForm$BMH+0x000002839b1ac000'
Event: 7.984 Thread 0x0000028382c10b50 Unloading class 0x000002839b1abc00 'java/lang/invoke/LambdaForm$DMH+0x000002839b1abc00'
Event: 7.984 Thread 0x0000028382c10b50 Unloading class 0x000002839b1aac00 'java/lang/invoke/LambdaForm$DMH+0x000002839b1aac00'
Event: 9.329 Thread 0x0000028382c10b50 Unloading class 0x000002839b371000 'java/lang/invoke/LambdaForm$MH+0x000002839b371000'
Event: 9.329 Thread 0x0000028382c10b50 Unloading class 0x000002839b370000 'java/lang/invoke/LambdaForm$MH+0x000002839b370000'
Event: 9.329 Thread 0x0000028382c10b50 Unloading class 0x000002839b36b800 'java/lang/invoke/LambdaForm$MH+0x000002839b36b800'
Event: 9.329 Thread 0x0000028382c10b50 Unloading class 0x000002839b36b400 'java/lang/invoke/LambdaForm$DMH+0x000002839b36b400'
Event: 9.329 Thread 0x0000028382c10b50 Unloading class 0x000002839b36a800 'java/lang/invoke/LambdaForm$MH+0x000002839b36a800'

Classes redefined (0 events):
No events

Internal exceptions (20 events):
Event: 9.021 Thread 0x0000028382b71260 Exception <a 'java/lang/NoSuchMethodError'{0x00000000d67d1348}: 'java.lang.Object java.lang.invoke.DirectMethodHandle$Holder.invokeStatic(java.lang.Object, long, java.lang.Object)'> (0x00000000d67d1348) 
thrown [s\src\hotspot\share\interpreter\linkResolver.cpp, line 773]
Event: 9.021 Thread 0x0000028382b71260 Exception <a 'java/lang/NoSuchMethodError'{0x00000000d67db1a8}: 'java.lang.Object java.lang.invoke.DirectMethodHandle$Holder.invokeStaticInit(java.lang.Object, long, java.lang.Object)'> (0x00000000d67db1a8) 
thrown [s\src\hotspot\share\interpreter\linkResolver.cpp, line 773]
Event: 9.022 Thread 0x0000028382b71260 Exception <a 'java/lang/NoSuchMethodError'{0x00000000d67faaf8}: 'java.lang.Object java.lang.invoke.DirectMethodHandle$Holder.newInvokeSpecial(java.lang.Object, long)'> (0x00000000d67faaf8) 
thrown [s\src\hotspot\share\interpreter\linkResolver.cpp, line 773]
Event: 9.025 Thread 0x00000283e25bacb0 Exception <a 'java/lang/NoSuchMethodError'{0x00000000d6830ca8}: 'int java.lang.invoke.Invokers$Holder.linkToTargetMethod(java.lang.Object, java.lang.Object)'> (0x00000000d6830ca8) 
thrown [s\src\hotspot\share\interpreter\linkResolver.cpp, line 773]
Event: 9.025 Thread 0x00000283e25b9270 Exception <a 'java/lang/NoSuchMethodError'{0x00000000d68242b8}: 'int java.lang.invoke.Invokers$Holder.linkToTargetMethod(java.lang.Object, java.lang.Object)'> (0x00000000d68242b8) 
thrown [s\src\hotspot\share\interpreter\linkResolver.cpp, line 773]
Event: 9.027 Thread 0x00000283e25bacb0 Exception <a 'java/lang/NoSuchMethodError'{0x00000000d6839360}: 'int java.lang.invoke.DirectMethodHandle$Holder.invokeSpecial(java.lang.Object, java.lang.Object, java.lang.Object, java.lang.Object)'> (0x00000000d6839360) 
thrown [s\src\hotspot\share\interpreter\linkResolver.cpp, line 773]
Event: 9.028 Thread 0x00000283e25bacb0 Exception <a 'java/lang/NoSuchMethodError'{0x00000000d68cf680}: 'java.lang.Object java.lang.invoke.DirectMethodHandle$Holder.invokeStatic(java.lang.Object, int, java.lang.Object, java.lang.Object)'> (0x00000000d68cf680) 
thrown [s\src\hotspot\share\interpreter\linkResolver.cpp, line 773]
Event: 9.029 Thread 0x00000283e25bacb0 Exception <a 'java/lang/NoSuchMethodError'{0x00000000d6911300}: 'java.lang.Object java.lang.invoke.DelegatingMethodHandle$Holder.delegate(java.lang.Object, int, java.lang.Object, java.lang.Object)'> (0x00000000d6911300) 
thrown [s\src\hotspot\share\interpreter\linkResolver.cpp, line 773]
Event: 9.031 Thread 0x00000283e25bacb0 Implicit null exception at 0x000002838da34d00 to 0x000002838da35048
Event: 9.033 Thread 0x00000283e25bacb0 Exception <a 'java/lang/NoSuchMethodError'{0x00000000d69c0b70}: 'int java.lang.invoke.Invokers$Holder.linkToTargetMethod(java.lang.Object, java.lang.Object, java.lang.Object)'> (0x00000000d69c0b70) 
thrown [s\src\hotspot\share\interpreter\linkResolver.cpp, line 773]
Event: 9.081 Thread 0x00000283e25b9270 Exception <a 'java/lang/NoSuchMethodError'{0x00000000d5837070}: 'java.lang.Object java.lang.invoke.DirectMethodHandle$Holder.invokeSpecialIFC(java.lang.Object, java.lang.Object, java.lang.Object, java.lang.Object)'> (0x00000000d5837070) 
thrown [s\src\hotspot\share\interpreter\linkResolver.cpp, line 773]
Event: 9.136 Thread 0x00000283e0b229d0 Exception <a 'java/io/FileNotFoundException'{0x00000000d5da38b0}> (0x00000000d5da38b0) 
thrown [s\src\hotspot\share\prims\jni.cpp, line 520]
Event: 9.221 Thread 0x00000283e25b9f90 Exception <a 'java/lang/NoSuchMethodError'{0x00000000d69683b0}: 'void java.lang.invoke.DirectMethodHandle$Holder.invokeStaticInit(java.lang.Object, java.lang.Object, java.lang.Object)'> (0x00000000d69683b0) 
thrown [s\src\hotspot\share\interpreter\linkResolver.cpp, line 773]
Event: 9.395 Thread 0x00000283e25b9f90 Exception <a 'java/lang/NoSuchMethodError'{0x00000000d5aec0c8}: 'java.lang.Object java.lang.invoke.DirectMethodHandle$Holder.invokeVirtual(java.lang.Object, java.lang.Object, java.lang.Object, java.lang.Object)'> (0x00000000d5aec0c8) 
thrown [s\src\hotspot\share\interpreter\linkResolver.cpp, line 773]
Event: 9.398 Thread 0x00000283e25b9f90 Exception <a 'java/lang/NoSuchMethodError'{0x00000000d5b5bab0}: 'java.lang.Object java.lang.invoke.DirectMethodHandle$Holder.invokeVirtual(java.lang.Object, java.lang.Object, java.lang.Object, java.lang.Object, java.lang.Object)'> (0x00000000d5b5bab0) 
thrown [s\src\hotspot\share\interpreter\linkResolver.cpp, line 773]
Event: 9.399 Thread 0x0000028382b71260 Exception <a 'java/lang/NoSuchMethodError'{0x00000000d5b94e50}: 'void java.lang.invoke.DirectMethodHandle$Holder.invokeSpecial(java.lang.Object, java.lang.Object, java.lang.Object, java.lang.Object, java.lang.Object, java.lang.Object)'> (0x00000000d5b94e50) 
thrown [s\src\hotspot\share\interpreter\linkResolver.cpp, line 773]
Event: 9.400 Thread 0x0000028382b71260 Exception <a 'java/lang/IncompatibleClassChangeError'{0x00000000d5b9cf90}: Found class java.lang.Object, but interface was expected> (0x00000000d5b9cf90) 
thrown [s\src\hotspot\share\interpreter\linkResolver.cpp, line 840]
Event: 9.400 Thread 0x0000028382b71260 Exception <a 'java/lang/IncompatibleClassChangeError'{0x00000000d5b9ecd8}: Found class java.lang.Object, but interface was expected> (0x00000000d5b9ecd8) 
thrown [s\src\hotspot\share\interpreter\linkResolver.cpp, line 840]
Event: 9.515 Thread 0x00000283e25b9270 Exception <a 'java/lang/NoClassDefFoundError'{0x00000000d573eb60}: javax/enterprise/inject/Typed> (0x00000000d573eb60) 
thrown [s\src\hotspot\share\classfile\systemDictionary.cpp, line 301]
Event: 9.583 Thread 0x00000283e2ddcbb0 Implicit null exception at 0x000002838d8bdc20 to 0x000002838d8bde78

ZGC Phase Switch (0 events):
No events

VM Operations (20 events):
Event: 9.360 Executing VM operation: CollectForMetadataAllocation (Metadata GC Threshold) done
Event: 9.486 Executing VM operation: HandshakeAllThreads (Deoptimize)
Event: 9.506 Executing VM operation: HandshakeAllThreads (Deoptimize) done
Event: 9.506 Executing VM operation: ParallelGCFailedAllocation (Allocation Failure)
Event: 9.507 Executing VM operation: ParallelGCFailedAllocation (Allocation Failure) done
Event: 9.635 Executing VM operation: HandshakeAllThreads (Deoptimize)
Event: 9.639 Executing VM operation: HandshakeAllThreads (Deoptimize) done
Event: 9.720 Executing VM operation: ParallelGCFailedAllocation (Allocation Failure)
Event: 9.722 Executing VM operation: ParallelGCFailedAllocation (Allocation Failure) done
Event: 9.905 Executing VM operation: ParallelGCFailedAllocation (Allocation Failure)
Event: 9.907 Executing VM operation: ParallelGCFailedAllocation (Allocation Failure) done
Event: 9.977 Executing VM operation: HandshakeAllThreads (Deoptimize)
Event: 9.977 Executing VM operation: HandshakeAllThreads (Deoptimize) done
Event: 10.201 Executing VM operation: ParallelGCFailedAllocation (Allocation Failure)
Event: 10.203 Executing VM operation: ParallelGCFailedAllocation (Allocation Failure) done
Event: 10.281 Executing VM operation: HandshakeAllThreads (Deoptimize)
Event: 10.282 Executing VM operation: HandshakeAllThreads (Deoptimize) done
Event: 11.282 Executing VM operation: Cleanup
Event: 11.282 Executing VM operation: Cleanup done
Event: 12.282 Executing VM operation: Cleanup

Memory protections (0 events):
No events

Nmethod flushes (20 events):
Event: 9.338 Thread 0x0000028382c10b50 flushing  nmethod 0x00000283862f2990
Event: 9.338 Thread 0x0000028382c10b50 flushing  nmethod 0x0000028386346810
Event: 9.338 Thread 0x0000028382c10b50 flushing  nmethod 0x000002838634ad90
Event: 9.338 Thread 0x0000028382c10b50 flushing  nmethod 0x000002838637df90
Event: 9.338 Thread 0x0000028382c10b50 flushing  nmethod 0x000002838637ef10
Event: 9.338 Thread 0x0000028382c10b50 flushing  nmethod 0x000002838637f810
Event: 9.338 Thread 0x0000028382c10b50 flushing  nmethod 0x0000028386380a10
Event: 9.338 Thread 0x0000028382c10b50 flushing  nmethod 0x0000028386381790
Event: 9.338 Thread 0x0000028382c10b50 flushing  nmethod 0x0000028386382410
Event: 9.338 Thread 0x0000028382c10b50 flushing  nmethod 0x0000028386382d10
Event: 9.338 Thread 0x0000028382c10b50 flushing  nmethod 0x0000028386384610
Event: 9.338 Thread 0x0000028382c10b50 flushing  nmethod 0x0000028386385310
Event: 9.338 Thread 0x0000028382c10b50 flushing  nmethod 0x0000028386386590
Event: 9.338 Thread 0x0000028382c10b50 flushing  nmethod 0x0000028386387510
Event: 9.338 Thread 0x0000028382c10b50 flushing  nmethod 0x0000028386388110
Event: 9.338 Thread 0x0000028382c10b50 flushing  nmethod 0x0000028386391110
Event: 9.338 Thread 0x0000028382c10b50 flushing  nmethod 0x00000283863d3910
Event: 9.338 Thread 0x0000028382c10b50 flushing  nmethod 0x00000283863d4c90
Event: 9.338 Thread 0x0000028382c10b50 flushing  nmethod 0x0000028386413710
Event: 9.338 Thread 0x0000028382c10b50 flushing  nmethod 0x000002838644db10

Events (20 events):
Event: 8.551 Thread 0x00000283e0040b70 Thread added: 0x00000283e2acbbc0
Event: 8.977 Thread 0x00000283e0b20900 Thread added: 0x00000283e25b9270
Event: 8.986 Thread 0x00000283e25b9270 Thread added: 0x00000283e25bacb0
Event: 9.006 Thread 0x00000283e25bacb0 Thread added: 0x00000283e25b9900
Event: 9.019 Thread 0x00000283e25b9900 Thread added: 0x00000283e25b9f90
Event: 9.046 Thread 0x0000028382b71260 Thread added: 0x00000283e25bb340
Event: 9.047 Thread 0x0000028382b71260 Thread added: 0x00000283e25b7ec0
Event: 9.052 Thread 0x0000028382b71260 Thread added: 0x00000283e25bc060
Event: 9.053 Thread 0x0000028382b71260 Thread added: 0x00000283e25bd410
Event: 9.054 Thread 0x0000028382b71260 Thread added: 0x00000283e25bdaa0
Event: 9.054 Thread 0x0000028382b71260 Thread added: 0x00000283e25bc6f0
Event: 9.056 Thread 0x0000028382b71260 Thread added: 0x00000283e25bcd80
Event: 9.056 Thread 0x0000028382b71260 Thread added: 0x00000283e25ba620
Event: 9.057 Thread 0x0000028382b71260 Thread added: 0x00000283e25be130
Event: 9.082 Thread 0x0000028382b71260 Thread added: 0x00000283e25be7c0
Event: 9.217 Thread 0x00000283e25b9f90 Thread added: 0x00000283e25bee50
Event: 9.255 Thread 0x00000283e25b9f90 Thread added: 0x00000283e25bb9d0
Event: 9.425 Thread 0x0000028382b71260 Thread added: 0x00000283e25bf4e0
Event: 9.426 Thread 0x0000028382b71260 Thread added: 0x00000283e2ddd8d0
Event: 9.478 Thread 0x00000283e25b9f90 Thread added: 0x00000283e2ddcbb0


Dynamic libraries:
0x00007ff78fd10000 - 0x00007ff78fd1e000 	c:\Users\huynh\.vscode\extensions\redhat.java-1.49.0-win32-x64\jre\21.0.9-win32-x86_64\bin\java.exe
0x00007ff8ae960000 - 0x00007ff8aebc8000 	C:\WINDOWS\SYSTEM32\ntdll.dll
0x00007ff8ad220000 - 0x00007ff8ad2e9000 	C:\WINDOWS\System32\KERNEL32.DLL
0x00007ff8abee0000 - 0x00007ff8ac2d8000 	C:\WINDOWS\System32\KERNELBASE.dll
0x00007ff8ac2e0000 - 0x00007ff8ac42b000 	C:\WINDOWS\System32\ucrtbase.dll
0x00007ff88af60000 - 0x00007ff88af7e000 	c:\Users\huynh\.vscode\extensions\redhat.java-1.49.0-win32-x64\jre\21.0.9-win32-x86_64\bin\VCRUNTIME140.dll
0x00007ff887750000 - 0x00007ff887768000 	c:\Users\huynh\.vscode\extensions\redhat.java-1.49.0-win32-x64\jre\21.0.9-win32-x86_64\bin\jli.dll
0x00007ff8ac9c0000 - 0x00007ff8acb87000 	C:\WINDOWS\System32\USER32.dll
0x00007ff895ef0000 - 0x00007ff896184000 	C:\WINDOWS\WinSxS\amd64_microsoft.windows.common-controls_6595b64144ccf1df_6.0.26100.7019_none_3e06ffa0e335b8a8\COMCTL32.dll
0x00007ff8ad680000 - 0x00007ff8ad729000 	C:\WINDOWS\System32\msvcrt.dll
0x00007ff8acba0000 - 0x00007ff8acbcb000 	C:\WINDOWS\System32\GDI32.dll
0x00007ff8ac610000 - 0x00007ff8ac637000 	C:\WINDOWS\System32\win32u.dll
0x00007ff8ac4e0000 - 0x00007ff8ac60c000 	C:\WINDOWS\System32\gdi32full.dll
0x00007ff8ac430000 - 0x00007ff8ac4d3000 	C:\WINDOWS\System32\msvcp_win.dll
0x00007ff8ac810000 - 0x00007ff8ac841000 	C:\WINDOWS\System32\IMM32.DLL
0x00007ff8a4520000 - 0x00007ff8a452c000 	c:\Users\huynh\.vscode\extensions\redhat.java-1.49.0-win32-x64\jre\21.0.9-win32-x86_64\bin\vcruntime140_1.dll
0x00007ff882340000 - 0x00007ff8823cd000 	c:\Users\huynh\.vscode\extensions\redhat.java-1.49.0-win32-x64\jre\21.0.9-win32-x86_64\bin\msvcp140.dll
0x00007fffe5380000 - 0x00007fffe6120000 	c:\Users\huynh\.vscode\extensions\redhat.java-1.49.0-win32-x64\jre\21.0.9-win32-x86_64\bin\server\jvm.dll
0x00007ff8ae810000 - 0x00007ff8ae8c4000 	C:\WINDOWS\System32\ADVAPI32.dll
0x00007ff8ae760000 - 0x00007ff8ae806000 	C:\WINDOWS\System32\sechost.dll
0x00007ff8ae5d0000 - 0x00007ff8ae6e8000 	C:\WINDOWS\System32\RPCRT4.dll
0x00007ff8ae420000 - 0x00007ff8ae494000 	C:\WINDOWS\System32\WS2_32.dll
0x00007ff8ab910000 - 0x00007ff8ab96e000 	C:\WINDOWS\SYSTEM32\POWRPROF.dll
0x00007ff89a7a0000 - 0x00007ff89a7d5000 	C:\WINDOWS\SYSTEM32\WINMM.dll
0x00007ff8a2f20000 - 0x00007ff8a2f2b000 	C:\WINDOWS\SYSTEM32\VERSION.dll
0x00007ff8ab8f0000 - 0x00007ff8ab904000 	C:\WINDOWS\SYSTEM32\UMPDC.dll
0x00007ff8aa840000 - 0x00007ff8aa85b000 	C:\WINDOWS\SYSTEM32\kernel.appcore.dll
0x00007ff8983c0000 - 0x00007ff8983ca000 	c:\Users\huynh\.vscode\extensions\redhat.java-1.49.0-win32-x64\jre\21.0.9-win32-x86_64\bin\jimage.dll
0x00007ff8a91b0000 - 0x00007ff8a93f2000 	C:\WINDOWS\SYSTEM32\DBGHELP.DLL
0x00007ff8ad2f0000 - 0x00007ff8ad67b000 	C:\WINDOWS\System32\combase.dll
0x00007ff8ad010000 - 0x00007ff8ad0e7000 	C:\WINDOWS\System32\OLEAUT32.dll
0x00007ff8945b0000 - 0x00007ff8945ec000 	C:\WINDOWS\SYSTEM32\dbgcore.DLL
0x00007ff8abda0000 - 0x00007ff8abe45000 	C:\WINDOWS\System32\bcryptPrimitives.dll
0x00007ff8a8170000 - 0x00007ff8a817f000 	c:\Users\huynh\.vscode\extensions\redhat.java-1.49.0-win32-x64\jre\21.0.9-win32-x86_64\bin\instrument.dll
0x00007ff88f7c0000 - 0x00007ff88f7e0000 	c:\Users\huynh\.vscode\extensions\redhat.java-1.49.0-win32-x64\jre\21.0.9-win32-x86_64\bin\java.dll
0x00007ff8ad830000 - 0x00007ff8adf7f000 	C:\WINDOWS\System32\SHELL32.dll
0x00007ff8abab0000 - 0x00007ff8abc1b000 	C:\WINDOWS\System32\wintypes.dll
0x00007ff8a96b0000 - 0x00007ff8a9f0d000 	C:\WINDOWS\SYSTEM32\windows.storage.dll
0x00007ff8ad730000 - 0x00007ff8ad822000 	C:\WINDOWS\System32\SHCORE.dll
0x00007ff8ae6f0000 - 0x00007ff8ae757000 	C:\WINDOWS\System32\shlwapi.dll
0x00007ff8ab9d0000 - 0x00007ff8ab9f9000 	C:\WINDOWS\SYSTEM32\profapi.dll
0x00007ff882af0000 - 0x00007ff882b08000 	c:\Users\huynh\.vscode\extensions\redhat.java-1.49.0-win32-x64\jre\21.0.9-win32-x86_64\bin\zip.dll
0x00007ff894cb0000 - 0x00007ff894cc0000 	C:\Users\huynh\.vscode\extensions\redhat.java-1.49.0-win32-x64\jre\21.0.9-win32-x86_64\bin\net.dll
0x00007ff8a4970000 - 0x00007ff8a4a98000 	C:\WINDOWS\SYSTEM32\WINHTTP.dll
0x00007ff8aade0000 - 0x00007ff8aae4b000 	C:\WINDOWS\system32\mswsock.dll
0x00007ff882990000 - 0x00007ff8829a6000 	C:\Users\huynh\.vscode\extensions\redhat.java-1.49.0-win32-x64\jre\21.0.9-win32-x86_64\bin\nio.dll
0x00007ff894cc0000 - 0x00007ff894cd0000 	c:\Users\huynh\.vscode\extensions\redhat.java-1.49.0-win32-x64\jre\21.0.9-win32-x86_64\bin\verify.dll
0x00007ff871950000 - 0x00007ff871994000 	C:\Users\huynh\AppData\Roaming\Code\User\globalStorage\redhat.java\1.49.0\config_win\org.eclipse.equinox.launcher\org.eclipse.equinox.launcher.win32.win32.x86_64_1.2.1400.v20250801-0854\eclipse_11916.dll
0x00007ff8ace70000 - 0x00007ff8ad007000 	C:\WINDOWS\System32\ole32.dll
0x00007ff8ab0a0000 - 0x00007ff8ab0bb000 	C:\WINDOWS\SYSTEM32\CRYPTSP.dll
0x00007ff8aa7a0000 - 0x00007ff8aa7da000 	C:\WINDOWS\system32\rsaenh.dll
0x00007ff8aae90000 - 0x00007ff8aaebb000 	C:\WINDOWS\SYSTEM32\USERENV.dll
0x00007ff8ab9a0000 - 0x00007ff8ab9ca000 	C:\WINDOWS\SYSTEM32\bcrypt.dll
0x00007ff8ab0c0000 - 0x00007ff8ab0cc000 	C:\WINDOWS\SYSTEM32\CRYPTBASE.dll
0x00007ff8aa270000 - 0x00007ff8aa2a4000 	C:\WINDOWS\SYSTEM32\IPHLPAPI.DLL
0x00007ff8ace40000 - 0x00007ff8ace4a000 	C:\WINDOWS\System32\NSI.dll
0x00007ff86a960000 - 0x00007ff86a9a9000 	C:\Temp\jna-99651526\jna8038858781662771434.dll
0x00007ff8ace30000 - 0x00007ff8ace38000 	C:\WINDOWS\System32\PSAPI.DLL
0x00007ff8a45f0000 - 0x00007ff8a460e000 	C:\WINDOWS\SYSTEM32\dhcpcsvc6.DLL
0x00007ff8a45c0000 - 0x00007ff8a45e3000 	C:\WINDOWS\SYSTEM32\dhcpcsvc.DLL

JVMTI agents:
c:\Users\huynh\.vscode\extensions\redhat.java-1.49.0-win32-x64\lombok\lombok-1.18.39-4050.jar path:c:\Users\huynh\.vscode\extensions\redhat.java-1.49.0-win32-x64\jre\21.0.9-win32-x86_64\bin\instrument.dll, loaded, initialized, instrumentlib options:none

dbghelp: loaded successfully - version: 4.0.5 - missing functions: none
symbol engine: initialized successfully - sym options: 0x614 - pdb path: .;c:\Users\huynh\.vscode\extensions\redhat.java-1.49.0-win32-x64\jre\21.0.9-win32-x86_64\bin;C:\WINDOWS\SYSTEM32;C:\WINDOWS\WinSxS\amd64_microsoft.windows.common-controls_6595b64144ccf1df_6.0.26100.7019_none_3e06ffa0e335b8a8;c:\Users\huynh\.vscode\extensions\redhat.java-1.49.0-win32-x64\jre\21.0.9-win32-x86_64\bin\server;C:\Users\huynh\AppData\Roaming\Code\User\globalStorage\redhat.java\1.49.0\config_win\org.eclipse.equinox.launcher\org.eclipse.equinox.launcher.win32.win32.x86_64_1.2.1400.v20250801-0854;C:\Temp\jna-99651526

VM Arguments:
jvm_args: --add-modules=ALL-SYSTEM --add-opens=java.base/java.util=ALL-UNNAMED --add-opens=java.base/java.lang=ALL-UNNAMED --add-opens=java.base/sun.nio.fs=ALL-UNNAMED -Declipse.application=org.eclipse.jdt.ls.core.id1 -Dosgi.bundles.defaultStartLevel=4 -Declipse.product=org.eclipse.jdt.ls.core.product -Djava.import.generatesMetadataFilesAtProjectRoot=false -DDetectVMInstallationsJob.disabled=true -Dfile.encoding=utf8 -XX:+UseParallelGC -XX:GCTimeRatio=4 -XX:AdaptiveSizePolicyWeight=90 -Dsun.zip.disableMemoryMapping=true -Xmx2G -Xms100m -Xlog:disable -javaagent:c:\Users\huynh\.vscode\extensions\redhat.java-1.49.0-win32-x64\lombok\lombok-1.18.39-4050.jar -XX:+HeapDumpOnOutOfMemoryError -XX:HeapDumpPath=c:\Users\huynh\AppData\Roaming\Code\User\workspaceStorage\3e88a0bc19544d9869e0b811d00487ae\redhat.java -Daether.dependencyCollector.impl=bf 
java_command: c:\Users\huynh\.vscode\extensions\redhat.java-1.49.0-win32-x64\server\plugins\org.eclipse.equinox.launcher_1.7.100.v20251111-0406.jar -configuration c:\Users\huynh\AppData\Roaming\Code\User\globalStorage\redhat.java\1.49.0\config_win -data c:\Users\huynh\AppData\Roaming\Code\User\workspaceStorage\3e88a0bc19544d9869e0b811d00487ae\redhat.java\jdt_ws --pipe=\\.\pipe\lsp-c5eb53fa02d359636f032d78d1d0f05e-sock
java_class_path (initial): c:\Users\huynh\.vscode\extensions\redhat.java-1.49.0-win32-x64\server\plugins\org.eclipse.equinox.launcher_1.7.100.v20251111-0406.jar
Launcher Type: SUN_STANDARD

[Global flags]
    uintx AdaptiveSizePolicyWeight                 = 90                                        {product} {command line}
     intx CICompilerCount                          = 4                                         {product} {ergonomic}
    uintx GCTimeRatio                              = 4                                         {product} {command line}
     bool HeapDumpOnOutOfMemoryError               = true                                   {manageable} {command line}
    ccstr HeapDumpPath                             = c:\Users\huynh\AppData\Roaming\Code\User\workspaceStorage\3e88a0bc19544d9869e0b811d00487ae\redhat.java         {manageable} {command line}
   size_t InitialHeapSize                          = 104857600                                 {product} {command line}
   size_t MaxHeapSize                              = 2147483648                                {product} {command line}
   size_t MaxNewSize                               = 715653120                                 {product} {ergonomic}
   size_t MinHeapDeltaBytes                        = 524288                                    {product} {ergonomic}
   size_t MinHeapSize                              = 104857600                                 {product} {command line}
   size_t NewSize                                  = 34603008                                  {product} {ergonomic}
    uintx NonNMethodCodeHeapSize                   = 5839372                                {pd product} {ergonomic}
    uintx NonProfiledCodeHeapSize                  = 122909434                              {pd product} {ergonomic}
   size_t OldSize                                  = 70254592                                  {product} {ergonomic}
    uintx ProfiledCodeHeapSize                     = 122909434                              {pd product} {ergonomic}
    uintx ReservedCodeCacheSize                    = 251658240                              {pd product} {ergonomic}
     bool SegmentedCodeCache                       = true                                      {product} {ergonomic}
   size_t SoftMaxHeapSize                          = 2147483648                             {manageable} {ergonomic}
     bool UseCompressedOops                        = true                           {product lp64_product} {ergonomic}
     bool UseLargePagesIndividualAllocation        = false                                  {pd product} {ergonomic}
     bool UseParallelGC                            = true                                      {product} {command line}

Logging:
Log output configuration:
 #0: stdout all=off uptime,level,tags foldmultilines=false
 #1: stderr all=off uptime,level,tags foldmultilines=false

Release file:
JAVA_VERSION="21.0.9" 
MODULES="java.base java.compiler java.datatransfer java.xml java.prefs java.desktop java.instrument java.logging java.management java.security.sasl java.naming java.rmi java.management.rmi java.net.http java.scripting java.security.jgss java.transaction.xa java.sql java.sql.rowset java.xml.crypto java.se java.smartcardio jdk.accessibility jdk.internal.jvmstat jdk.attach jdk.charsets jdk.internal.opt jdk.zipfs jdk.compiler jdk.crypto.ec jdk.crypto.cryptoki jdk.crypto.mscapi jdk.dynalink jdk.internal.ed jdk.editpad jdk.hotspot.agent jdk.httpserver jdk.internal.le jdk.internal.vm.ci jdk.internal.vm.compiler jdk.internal.vm.compiler.management jdk.jartool jdk.javadoc jdk.jcmd jdk.management jdk.management.agent jdk.jconsole jdk.jdeps jdk.jdwp.agent jdk.jdi jdk.jfr jdk.jshell jdk.jsobject jdk.jstatd jdk.localedata jdk.management.jfr jdk.naming.dns jdk.naming.rmi jdk.net jdk.nio.mapmode jdk.random jdk.sctp jdk.security.auth jdk.security.jgss jdk.unsupported jdk.unsupported.desktop jdk.xml.dom" 

Environment Variables:
PATH=D:\Program Files (x86)\VMware\VMware Workstation\bin\;C:\Program Files\OpenLogic\jdk-17.0.14.7-hotspot\bin;C:\Program Files\Eclipse Adoptium\jdk-21.0.6.7-hotspot\bin;C:\Program Files\PlasticSCM5\server;C:\Program Files\PlasticSCM5\client;C:\Program Files (x86)\Common Files\Oracle\Java\javapath;C:\Windows\system32;C:\Windows;C:\Windows\System32\Wbem;C:\Windows\System32\WindowsPowerShell\v1.0\;C:\Windows\System32\OpenSSH\;C:\msys64\mingw64\bin;C:\Program Files (x86)\NVIDIA Corporation\PhysX\Common;C:\Program Files\NVIDIA Corporation\NVIDIA NvDLISR;C:\Users\huynh\AppData\Local\Microsoft\WindowsApps;C:\adb;C:\Program Files (x86)\Windows Kits\10\Windows Performance Toolkit\;C:\Program Files\dotnet\;C:\Program Files (x86)\Microsoft SQL Server\160\Tools\Binn\;C:\Program Files\Microsoft SQL Server\160\Tools\Binn\;C:\Program Files\Microsoft SQL Server\Client SDK\ODBC\170\Tools\Binn\;C:\Program Files\Microsoft SQL Server\160\DTS\Binn\;C:\Program Files\Git\cmd;C:\WINDOWS\system32;C:\WINDOWS;C:\WINDOWS\System32\Wbem;C:\WINDOWS\System32\WindowsPowerShell\v1.0\;C:\WINDOWS\System32\OpenSSH\;C:\Program Files\Cloudflare\Cloudflare WARP\;C:\Program Files\Docker\Docker\resources\bin;C:\Program Files (x86)\cloudflared\;E:\Program Files\nodejs\;C:\Program Files\cursor\resources\app\bin;C:\Users\huynh\AppData\Local\Programs\Python\Python310\Scripts\;C:\Users\huynh\AppData\Local\Programs\Python\Python310\;C:\Program Files\OpenLogic\jdk-17.0.14.7-hotspot\bin;C:\Program Files\Eclipse Adoptium\jdk-21.0.6.7-hotspot\bin;C:\Program Files\PlasticSCM5\server;C:\Program Files\PlasticSCM5\client;C:\Program Files (x86)\Common Files\Oracle\Java\javapath;C:\Windows;C:\msys64\mingw64\bin;C:\Users\huynh\AppData\Local\Microsoft\WindowsApps;C:\adb;C:\Program Files (x86)\Windows Kits\10\Windows Performance Toolkit\;C:\Program Files\dotnet\;C:\Program Files (x86)\Microsoft SQL Server\160\Tools\Binn\;C:\Program Files\Microsoft SQL Server\160\Tools\Binn\;C:\Program Files\Microsoft SQL Server\Client SDK\ODBC\170\Tools\Binn\;C:\Program Files\Microsoft SQL Server\160\DTS\Binn\;C:\Program Files\Git\cmd;C:\flutter\bin;C:\Users\huynh\AppData\Local\Programs\MiKTeX\miktex\bin\x64;C:\Users\huynh\AppData\Local\Programs\Python\Python310;D:\ngrok-v3-stable-windows-amd64;C:\Users\huynh\AppData\Local\Programs\Microsoft VS Code\bin;C:\Users\huynh\AppData\Local\Pub\Cache\bin;C:\Users\huynh\AppData\Local\GitHubDesktop\bin;C:\platform-tools-latest-windows\platform-tools;D:\payload-dumper-go_1.3.0_windows_amd64;D:\Program Files\JetBrains\WebStorm 2025.1.3\bin;;C:\Program Files\MongoDB\Server\8.0\bin;C:\Users\huynh\AppData\Roaming\npm
USERNAME=huynh
OS=Windows_NT
PROCESSOR_IDENTIFIER=Intel64 Family 6 Model 165 Stepping 2, GenuineIntel
TMP=C:\Temp
TEMP=C:\Temp




Periodic native trim disabled

---------------  S Y S T E M  ---------------

OS:
 Windows 11 , 64 bit Build 26100 (10.0.26100.7019)
OS uptime: 0 days 4:39 hours
Hyper-V role detected

CPU: total 8 (initial active 8) (4 cores per cpu, 2 threads per core) family 6 model 165 stepping 2 microcode 0xe0, cx8, cmov, fxsr, ht, mmx, 3dnowpref, sse, sse2, sse3, ssse3, sse4.1, sse4.2, popcnt, lzcnt, tsc, tscinvbit, avx, avx2, aes, erms, clmul, bmi1, bmi2, adx, fma, vzeroupper, clflush, clflushopt, hv, rdtscp, f16c
Processor Information for the first 8 processors :
  Max Mhz: 2496, Current Mhz: 2496, Mhz Limit: 2496

Memory: 4k page, system-wide physical 16220M (1584M free)
TotalPageFile size 20316M (AvailPageFile size 4M)
current process WorkingSet (physical memory assigned to process): 207M, peak: 219M
current process commit charge ("private bytes"): 333M, peak: 343M

vm_info: OpenJDK 64-Bit Server VM (21.0.9+10-LTS) for windows-amd64 JRE (21.0.9+10-LTS), built on 2025-10-21T00:00:00Z by "admin" with unknown MS VC++:1942

END.
