#
# There is insufficient memory for the Java Runtime Environment to continue.
# Native memory allocation (malloc) failed to allocate 1836224 bytes. Error detail: Chunk::new
# Possible reasons:
#   The system is out of physical RAM or swap space
#   This process is running with CompressedOops enabled, and the Java Heap may be blocking the growth of the native heap
# Possible solutions:
#   Reduce memory load on the system
#   Increase physical memory or swap space
#   Check if swap backing store is full
#   Decrease Java heap size (-Xmx/-Xms)
#   Decrease number of Java threads
#   Decrease Java thread stack sizes (-Xss)
#   Set larger code cache with -XX:ReservedCodeCacheSize=
#   JVM is running with Unscaled Compressed Oops mode in which the Java heap is
#     placed in the first 4GB address space. The Java Heap base address is the
#     maximum limit for the native heap growth. Please use -XX:HeapBaseMinAddress
#     to set the Java Heap base and to place the Java Heap above 4GB virtual address.
# This output file may be truncated or incomplete.
#
#  Out of Memory Error (arena.cpp:168), pid=1416, tid=3256
#
# JRE version: OpenJDK Runtime Environment Temurin-21.0.9+10 (21.0.9+10) (build 21.0.9+10-LTS)
# Java VM: OpenJDK 64-Bit Server VM Temurin-21.0.9+10 (21.0.9+10-LTS, mixed mode, sharing, tiered, compressed oops, compressed class ptrs, parallel gc, windows-amd64)
# No core dump will be written. Minidumps are not enabled by default on client versions of Windows
#

---------------  S U M M A R Y ------------

Command Line: --add-modules=ALL-SYSTEM --add-opens=java.base/java.util=ALL-UNNAMED --add-opens=java.base/java.lang=ALL-UNNAMED --add-opens=java.base/sun.nio.fs=ALL-UNNAMED -Declipse.application=org.eclipse.jdt.ls.core.id1 -Dosgi.bundles.defaultStartLevel=4 -Declipse.product=org.eclipse.jdt.ls.core.product -Djava.import.generatesMetadataFilesAtProjectRoot=false -DDetectVMInstallationsJob.disabled=true -Dfile.encoding=utf8 -XX:+UseParallelGC -XX:GCTimeRatio=4 -XX:AdaptiveSizePolicyWeight=90 -Dsun.zip.disableMemoryMapping=true -Xmx2G -Xms100m -Xlog:disable -javaagent:c:\Users\huynh\.vscode\extensions\redhat.java-1.49.0-win32-x64\lombok\lombok-1.18.39-4050.jar -XX:+HeapDumpOnOutOfMemoryError -XX:HeapDumpPath=c:\Users\huynh\AppData\Roaming\Code\User\workspaceStorage\3e88a0bc19544d9869e0b811d00487ae\redhat.java -Daether.dependencyCollector.impl=bf c:\Users\huynh\.vscode\extensions\redhat.java-1.49.0-win32-x64\server\plugins\org.eclipse.equinox.launcher_1.7.100.v20251111-0406.jar -configuration c:\Users\huynh\AppData\Roaming\Code\User\globalStorage\redhat.java\1.49.0\config_win -data c:\Users\huynh\AppData\Roaming\Code\User\workspaceStorage\3e88a0bc19544d9869e0b811d00487ae\redhat.java\jdt_ws --pipe=\\.\pipe\lsp-1d67574b0f0a4388eaa9cb6ec8a07f1e-sock

Host: Intel(R) Core(TM) i5-10300H CPU @ 2.50GHz, 8 cores, 15G,  Windows 11 , 64 bit Build 26100 (10.0.26100.7019)
Time: Sat Nov 22 12:01:32 2025 SE Asia Standard Time elapsed time: 7.794500 seconds (0d 0h 0m 7s)

---------------  T H R E A D  ---------------

Current thread (0x000001d2501d1860):  JavaThread "C2 CompilerThread0" daemon [_thread_in_native, id=3256, stack(0x00000021c3d00000,0x00000021c3e00000) (1024K)]


Current CompileTask:
C2:7794 3922   !   4       org.eclipse.osgi.internal.loader.classpath.ClasspathManager::findClassImpl (328 bytes)

Stack: [0x00000021c3d00000,0x00000021c3e00000]
Native frames: (J=compiled Java code, j=interpreted, Vv=VM code, C=native code)
V  [jvm.dll+0x6d6e29]
V  [jvm.dll+0x8b4b76]
V  [jvm.dll+0x8b712e]
V  [jvm.dll+0x8b7813]
V  [jvm.dll+0x283d86]
V  [jvm.dll+0xc66ed]
V  [jvm.dll+0xc6c31]
V  [jvm.dll+0x3be53b]
V  [jvm.dll+0x38ab92]
V  [jvm.dll+0x389fda]
V  [jvm.dll+0x24bfa0]
V  [jvm.dll+0x24b580]
V  [jvm.dll+0x1cb13e]
V  [jvm.dll+0x25b29d]
V  [jvm.dll+0x25982a]
V  [jvm.dll+0x3f7ea6]
V  [jvm.dll+0x85e9ad]
V  [jvm.dll+0x6d565d]
C  [ucrtbase.dll+0x37b0]
C  [KERNEL32.DLL+0x2e8d7]
C  [ntdll.dll+0x8c53c]


---------------  P R O C E S S  ---------------

Threads class SMR info:
_java_thread_list=0x000001d26e570880, length=24, elements={
0x000001d250241790, 0x000001d2502f8600, 0x000001d2502f99d0, 0x000001d2502fc320,
0x000001d2502fd380, 0x000001d2501bf710, 0x000001d2501c5640, 0x000001d2501d1860,
0x000001d2501d52f0, 0x000001d2686c16f0, 0x000001d26886e8f0, 0x000001d26d635670,
0x000001d26d6b9570, 0x000001d26d3a4420, 0x000001d26d3a8fb0, 0x000001d26e03e610,
0x000001d26d74e8d0, 0x000001d26e016350, 0x000001d26e013bf0, 0x000001d26e0169e0,
0x000001d26e014910, 0x000001d26e014fa0, 0x000001d26ee1de10, 0x000001d26e9a4070
}

Java Threads: ( => current thread )
  0x000001d250241790 JavaThread "main"                              [_thread_blocked, id=3008, stack(0x00000021c3300000,0x00000021c3400000) (1024K)]
  0x000001d2502f8600 JavaThread "Reference Handler"          daemon [_thread_blocked, id=22712, stack(0x00000021c3700000,0x00000021c3800000) (1024K)]
  0x000001d2502f99d0 JavaThread "Finalizer"                  daemon [_thread_blocked, id=18632, stack(0x00000021c3800000,0x00000021c3900000) (1024K)]
  0x000001d2502fc320 JavaThread "Signal Dispatcher"          daemon [_thread_blocked, id=13072, stack(0x00000021c3900000,0x00000021c3a00000) (1024K)]
  0x000001d2502fd380 JavaThread "Attach Listener"            daemon [_thread_blocked, id=19936, stack(0x00000021c3a00000,0x00000021c3b00000) (1024K)]
  0x000001d2501bf710 JavaThread "Service Thread"             daemon [_thread_blocked, id=3488, stack(0x00000021c3b00000,0x00000021c3c00000) (1024K)]
  0x000001d2501c5640 JavaThread "Monitor Deflation Thread"   daemon [_thread_blocked, id=13952, stack(0x00000021c3c00000,0x00000021c3d00000) (1024K)]
=>0x000001d2501d1860 JavaThread "C2 CompilerThread0"         daemon [_thread_in_native, id=3256, stack(0x00000021c3d00000,0x00000021c3e00000) (1024K)]
  0x000001d2501d52f0 JavaThread "C1 CompilerThread0"         daemon [_thread_blocked, id=3684, stack(0x00000021c3e00000,0x00000021c3f00000) (1024K)]
  0x000001d2686c16f0 JavaThread "Common-Cleaner"             daemon [_thread_blocked, id=17736, stack(0x00000021c4000000,0x00000021c4100000) (1024K)]
  0x000001d26886e8f0 JavaThread "Notification Thread"        daemon [_thread_blocked, id=8560, stack(0x00000021c4100000,0x00000021c4200000) (1024K)]
  0x000001d26d635670 JavaThread "Active Thread: Equinox Container: 1a90d26d-1979-41ee-a92e-838ab2610808"        [_thread_blocked, id=9764, stack(0x00000021c4900000,0x00000021c4a00000) (1024K)]
  0x000001d26d6b9570 JavaThread "Refresh Thread: Equinox Container: 1a90d26d-1979-41ee-a92e-838ab2610808" daemon [_thread_blocked, id=22868, stack(0x00000021c4a00000,0x00000021c4b00000) (1024K)]
  0x000001d26d3a4420 JavaThread "Framework Event Dispatcher: Equinox Container: 1a90d26d-1979-41ee-a92e-838ab2610808" daemon [_thread_blocked, id=23388, stack(0x00000021c4c00000,0x00000021c4d00000) (1024K)]
  0x000001d26d3a8fb0 JavaThread "Start Level: Equinox Container: 1a90d26d-1979-41ee-a92e-838ab2610808" daemon [_thread_in_Java, id=21200, stack(0x00000021c4d00000,0x00000021c4e00000) (1024K)]
  0x000001d26e03e610 JavaThread "Bundle File Closer"         daemon [_thread_blocked, id=24184, stack(0x00000021c4e00000,0x00000021c4f00000) (1024K)]
  0x000001d26d74e8d0 JavaThread "SCR Component Actor"        daemon [_thread_blocked, id=21224, stack(0x00000021c4200000,0x00000021c4300000) (1024K)]
  0x000001d26e016350 JavaThread "Worker-JM"                         [_thread_blocked, id=14024, stack(0x00000021c5000000,0x00000021c5100000) (1024K)]
  0x000001d26e013bf0 JavaThread "JNA Cleaner"                daemon [_thread_blocked, id=21172, stack(0x00000021c3f00000,0x00000021c4000000) (1024K)]
  0x000001d26e0169e0 JavaThread "Worker-0: Updating Maven Dependencies"        [_thread_in_Java, id=19088, stack(0x00000021c4f00000,0x00000021c5000000) (1024K)]
  0x000001d26e014910 JavaThread "Worker-1: Repository registry initialization"        [_thread_blocked, id=23072, stack(0x00000021c5100000,0x00000021c5200000) (1024K)]
  0x000001d26e014fa0 JavaThread "Worker-2"                          [_thread_blocked, id=12664, stack(0x00000021c5200000,0x00000021c5300000) (1024K)]
  0x000001d26ee1de10 JavaThread "C2 CompilerThread1"         daemon [_thread_in_native, id=18532, stack(0x00000021c5300000,0x00000021c5400000) (1024K)]
  0x000001d26e9a4070 JavaThread "C2 CompilerThread2"         daemon [_thread_in_native, id=19028, stack(0x00000021c5400000,0x00000021c5500000) (1024K)]
Total: 24

Other Threads:
  0x000001d2502e4af0 VMThread "VM Thread"                           [id=1432, stack(0x00000021c3600000,0x00000021c3700000) (1024K)]
  0x000001d2500cca10 WatcherThread "VM Periodic Task Thread"        [id=22836, stack(0x00000021c3500000,0x00000021c3600000) (1024K)]
  0x000001d250260430 WorkerThread "GC Thread#0"                     [id=11852, stack(0x00000021c3400000,0x00000021c3500000) (1024K)]
  0x000001d26d212c50 WorkerThread "GC Thread#1"                     [id=11120, stack(0x00000021c4300000,0x00000021c4400000) (1024K)]
  0x000001d26d212ff0 WorkerThread "GC Thread#2"                     [id=12124, stack(0x00000021c4400000,0x00000021c4500000) (1024K)]
  0x000001d26d213390 WorkerThread "GC Thread#3"                     [id=23980, stack(0x00000021c4500000,0x00000021c4600000) (1024K)]
  0x000001d26d41d190 WorkerThread "GC Thread#4"                     [id=9376, stack(0x00000021c4600000,0x00000021c4700000) (1024K)]
  0x000001d26d41d530 WorkerThread "GC Thread#5"                     [id=6648, stack(0x00000021c4700000,0x00000021c4800000) (1024K)]
  0x000001d26d11ce90 WorkerThread "GC Thread#6"                     [id=13332, stack(0x00000021c4800000,0x00000021c4900000) (1024K)]
  0x000001d26d81a530 WorkerThread "GC Thread#7"                     [id=1972, stack(0x00000021c4b00000,0x00000021c4c00000) (1024K)]
Total: 10

Threads with active compile tasks:
C2 CompilerThread0  7812 3922   !   4       org.eclipse.osgi.internal.loader.classpath.ClasspathManager::findClassImpl (328 bytes)
C2 CompilerThread1  7812 3960       4       org.lombokweb.asm.ClassReader::readMethod (1070 bytes)
C2 CompilerThread2  7812 3953       4       org.eclipse.osgi.internal.serviceregistry.ServiceRegistry::notifyHooksPrivileged (57 bytes)
Total: 3

VM state: not at safepoint (normal execution)

VM Mutex/Monitor currently owned by a thread: None

Heap address: 0x0000000080000000, size: 2048 MB, Compressed Oops mode: 32-bit

CDS archive(s) mapped at: [0x000001d200000000-0x000001d200ba0000-0x000001d200ba0000), size 12189696, SharedBaseAddress: 0x000001d200000000, ArchiveRelocationMode: 1.
Compressed class space mapped at: 0x000001d201000000-0x000001d241000000, reserved size: 1073741824
Narrow klass base: 0x000001d200000000, Narrow klass shift: 0, Narrow klass range: 0x100000000

GC Precious Log:
 CardTable entry size: 512
 CPUs: 8 total, 8 available
 Memory: 16220M
 Large Page Support: Disabled
 NUMA Support: Disabled
 Compressed Oops: Enabled (32-bit)
 Alignments: Space 512K, Generation 512K, Heap 2M
 Heap Min Capacity: 100M
 Heap Initial Capacity: 100M
 Heap Max Capacity: 2G
 Pre-touch: Disabled
 Parallel Workers: 8

Heap:
 PSYoungGen      total 25600K, used 8863K [0x00000000d5580000, 0x00000000d7480000, 0x0000000100000000)
  eden space 23040K, 28% used [0x00000000d5580000,0x00000000d5c04a20,0x00000000d6c00000)
  from space 2560K, 85% used [0x00000000d7200000,0x00000000d7423270,0x00000000d7480000)
  to   space 3072K, 0% used [0x00000000d6e80000,0x00000000d6e80000,0x00000000d7180000)
 ParOldGen       total 68608K, used 15296K [0x0000000080000000, 0x0000000084300000, 0x00000000d5580000)
  object space 68608K, 22% used [0x0000000080000000,0x0000000080ef00b0,0x0000000084300000)
 Metaspace       used 28968K, committed 29888K, reserved 1114112K
  class space    used 2944K, committed 3392K, reserved 1048576K

Card table byte_map: [0x000001d24fbe0000,0x000001d24fff0000] _byte_map_base: 0x000001d24f7e0000

Marking Bits: (ParMarkBitMap*) 0x00007ff808012460
 Begin Bits: [0x000001d2626f0000, 0x000001d2646f0000)
 End Bits:   [0x000001d2646f0000, 0x000001d2666f0000)

Polling page: 0x000001d24e080000

Metaspace:

Usage:
  Non-class:     25.42 MB used.
      Class:      2.88 MB used.
       Both:     28.29 MB used.

Virtual space:
  Non-class space:       64.00 MB reserved,      25.88 MB ( 40%) committed,  1 nodes.
      Class space:        1.00 GB reserved,       3.31 MB ( <1%) committed,  1 nodes.
             Both:        1.06 GB reserved,      29.19 MB (  3%) committed. 

Chunk freelists:
   Non-Class:  6.14 MB
       Class:  12.53 MB
        Both:  18.67 MB

MaxMetaspaceSize: unlimited
CompressedClassSpaceSize: 1.00 GB
Initial GC threshold: 21.00 MB
Current GC threshold: 35.00 MB
CDS: on
 - commit_granule_bytes: 65536.
 - commit_granule_words: 8192.
 - virtual_space_node_default_size: 8388608.
 - enlarge_chunks_in_place: 1.
 - use_allocation_guard: 0.


Internal statistics:

num_allocs_failed_limit: 3.
num_arena_births: 714.
num_arena_deaths: 14.
num_vsnodes_births: 2.
num_vsnodes_deaths: 0.
num_space_committed: 467.
num_space_uncommitted: 0.
num_chunks_returned_to_freelist: 17.
num_chunks_taken_from_freelist: 1940.
num_chunk_merges: 7.
num_chunk_splits: 1224.
num_chunks_enlarged: 744.
num_inconsistent_stats: 0.

CodeHeap 'non-profiled nmethods': size=120000Kb used=1797Kb max_used=1797Kb free=118202Kb
 bounds [0x000001d25af10000, 0x000001d25b180000, 0x000001d262440000]
CodeHeap 'profiled nmethods': size=120000Kb used=8360Kb max_used=8360Kb free=111639Kb
 bounds [0x000001d253440000, 0x000001d253c70000, 0x000001d25a970000]
CodeHeap 'non-nmethods': size=5760Kb used=1333Kb max_used=1364Kb free=4426Kb
 bounds [0x000001d25a970000, 0x000001d25abe0000, 0x000001d25af10000]
CodeCache: size=245760Kb, used=11490Kb, max_used=11521Kb, free=234267Kb
 total_blobs=4638, nmethods=4013, adapters=531, full_count=0
Compilation: enabled, stopped_count=0, restarted_count=0

Compilation events (20 events):
Event: 6.765 Thread 0x000001d2501d52f0 nmethod 3991 0x000001d253c56b10 code [0x000001d253c56cc0, 0x000001d253c56ec8]
Event: 6.765 Thread 0x000001d2501d52f0 3992       3       jdk.internal.org.objectweb.asm.MethodVisitor::visitMaxs (17 bytes)
Event: 6.765 Thread 0x000001d2501d52f0 nmethod 3992 0x000001d253c56f90 code [0x000001d253c57140, 0x000001d253c57348]
Event: 6.772 Thread 0x000001d2501d52f0 3993       1       java.net.URI::getRawPath (5 bytes)
Event: 6.772 Thread 0x000001d2501d52f0 nmethod 3993 0x000001d25b0cf810 code [0x000001d25b0cf9a0, 0x000001d25b0cfa68]
Event: 6.772 Thread 0x000001d2501d52f0 3994       1       java.net.URI::getPort (5 bytes)
Event: 6.773 Thread 0x000001d2501d52f0 nmethod 3994 0x000001d25b0cfb10 code [0x000001d25b0cfca0, 0x000001d25b0cfd68]
Event: 6.775 Thread 0x000001d2501d52f0 3995       3       java.net.URL::<init> (7 bytes)
Event: 6.775 Thread 0x000001d2501d52f0 nmethod 3995 0x000001d253c57410 code [0x000001d253c575c0, 0x000001d253c57770]
Event: 6.780 Thread 0x000001d2501d52f0 3999       3       java.util.zip.Inflater$InflaterZStreamRef::clean (10 bytes)
Event: 6.781 Thread 0x000001d2501d52f0 nmethod 3999 0x000001d253c57890 code [0x000001d253c57a80, 0x000001d253c57e80]
Event: 6.781 Thread 0x000001d2501d52f0 4000  s    3       java.util.zip.Inflater$InflaterZStreamRef::run (21 bytes)
Event: 6.781 Thread 0x000001d2501d52f0 nmethod 4000 0x000001d253c58010 code [0x000001d253c581c0, 0x000001d253c58400]
Event: 6.781 Thread 0x000001d26e9a4070 3996       4       lombok.launch.ClassFileMetaData::decodeString (181 bytes)
Event: 6.783 Thread 0x000001d2501d52f0 4001       3       java.net.URI::isAbsolute (13 bytes)
Event: 6.783 Thread 0x000001d2501d52f0 nmethod 4001 0x000001d253c58510 code [0x000001d253c586a0, 0x000001d253c58800]
Event: 7.176 Thread 0x000001d2501d52f0 4003       3       java.util.concurrent.locks.LockSupport::setBlocker (12 bytes)
Event: 7.176 Thread 0x000001d2501d52f0 nmethod 4003 0x000001d253c58890 code [0x000001d253c58a40, 0x000001d253c58c48]
Event: 7.176 Thread 0x000001d2501d52f0 4004       3       jdk.internal.misc.Unsafe::putReferenceOpaque (9 bytes)
Event: 7.176 Thread 0x000001d2501d52f0 nmethod 4004 0x000001d253c58d10 code [0x000001d253c58ea0, 0x000001d253c58fd0]

GC Heap History (20 events):
Event: 1.773 GC heap before
{Heap before GC invocations=2 (full 0):
 PSYoungGen      total 29696K, used 28912K [0x00000000d5580000, 0x00000000d7680000, 0x0000000100000000)
  eden space 25600K, 100% used [0x00000000d5580000,0x00000000d6e80000,0x00000000d6e80000)
  from space 4096K, 80% used [0x00000000d6e80000,0x00000000d71bc148,0x00000000d7280000)
  to   space 4096K, 0% used [0x00000000d7280000,0x00000000d7280000,0x00000000d7680000)
 ParOldGen       total 68608K, used 16K [0x0000000080000000, 0x0000000084300000, 0x00000000d5580000)
  object space 68608K, 0% used [0x0000000080000000,0x0000000080004000,0x0000000084300000)
 Metaspace       used 8052K, committed 8384K, reserved 1114112K
  class space    used 842K, committed 960K, reserved 1048576K
}
Event: 1.778 GC heap after
{Heap after GC invocations=2 (full 0):
 PSYoungGen      total 29696K, used 4068K [0x00000000d5580000, 0x00000000d7680000, 0x0000000100000000)
  eden space 25600K, 0% used [0x00000000d5580000,0x00000000d5580000,0x00000000d6e80000)
  from space 4096K, 99% used [0x00000000d7280000,0x00000000d76791e8,0x00000000d7680000)
  to   space 4096K, 0% used [0x00000000d6e80000,0x00000000d6e80000,0x00000000d7280000)
 ParOldGen       total 68608K, used 1799K [0x0000000080000000, 0x0000000084300000, 0x00000000d5580000)
  object space 68608K, 2% used [0x0000000080000000,0x00000000801c1f10,0x0000000084300000)
 Metaspace       used 8052K, committed 8384K, reserved 1114112K
  class space    used 842K, committed 960K, reserved 1048576K
}
Event: 2.198 GC heap before
{Heap before GC invocations=3 (full 0):
 PSYoungGen      total 29696K, used 29668K [0x00000000d5580000, 0x00000000d7680000, 0x0000000100000000)
  eden space 25600K, 100% used [0x00000000d5580000,0x00000000d6e80000,0x00000000d6e80000)
  from space 4096K, 99% used [0x00000000d7280000,0x00000000d76791e8,0x00000000d7680000)
  to   space 4096K, 0% used [0x00000000d6e80000,0x00000000d6e80000,0x00000000d7280000)
 ParOldGen       total 68608K, used 1799K [0x0000000080000000, 0x0000000084300000, 0x00000000d5580000)
  object space 68608K, 2% used [0x0000000080000000,0x00000000801c1f10,0x0000000084300000)
 Metaspace       used 9424K, committed 9792K, reserved 1114112K
  class space    used 1008K, committed 1152K, reserved 1048576K
}
Event: 2.203 GC heap after
{Heap after GC invocations=3 (full 0):
 PSYoungGen      total 29696K, used 4093K [0x00000000d5580000, 0x00000000d7680000, 0x0000000100000000)
  eden space 25600K, 0% used [0x00000000d5580000,0x00000000d5580000,0x00000000d6e80000)
  from space 4096K, 99% used [0x00000000d6e80000,0x00000000d727f558,0x00000000d7280000)
  to   space 4096K, 0% used [0x00000000d7280000,0x00000000d7280000,0x00000000d7680000)
 ParOldGen       total 68608K, used 5059K [0x0000000080000000, 0x0000000084300000, 0x00000000d5580000)
  object space 68608K, 7% used [0x0000000080000000,0x00000000804f0cf8,0x0000000084300000)
 Metaspace       used 9424K, committed 9792K, reserved 1114112K
  class space    used 1008K, committed 1152K, reserved 1048576K
}
Event: 2.772 GC heap before
{Heap before GC invocations=4 (full 0):
 PSYoungGen      total 29696K, used 29687K [0x00000000d5580000, 0x00000000d7680000, 0x0000000100000000)
  eden space 25600K, 99% used [0x00000000d5580000,0x00000000d6e7e938,0x00000000d6e80000)
  from space 4096K, 99% used [0x00000000d6e80000,0x00000000d727f558,0x00000000d7280000)
  to   space 4096K, 0% used [0x00000000d7280000,0x00000000d7280000,0x00000000d7680000)
 ParOldGen       total 68608K, used 5059K [0x0000000080000000, 0x0000000084300000, 0x00000000d5580000)
  object space 68608K, 7% used [0x0000000080000000,0x00000000804f0cf8,0x0000000084300000)
 Metaspace       used 12146K, committed 12608K, reserved 1114112K
  class space    used 1297K, committed 1472K, reserved 1048576K
}
Event: 2.776 GC heap after
{Heap after GC invocations=4 (full 0):
 PSYoungGen      total 29696K, used 4076K [0x00000000d5580000, 0x00000000d7680000, 0x0000000100000000)
  eden space 25600K, 0% used [0x00000000d5580000,0x00000000d5580000,0x00000000d6e80000)
  from space 4096K, 99% used [0x00000000d7280000,0x00000000d767b140,0x00000000d7680000)
  to   space 4096K, 0% used [0x00000000d6e80000,0x00000000d6e80000,0x00000000d7280000)
 ParOldGen       total 68608K, used 6303K [0x0000000080000000, 0x0000000084300000, 0x00000000d5580000)
  object space 68608K, 9% used [0x0000000080000000,0x0000000080627fe8,0x0000000084300000)
 Metaspace       used 12146K, committed 12608K, reserved 1114112K
  class space    used 1297K, committed 1472K, reserved 1048576K
}
Event: 3.362 GC heap before
{Heap before GC invocations=5 (full 0):
 PSYoungGen      total 29696K, used 29676K [0x00000000d5580000, 0x00000000d7680000, 0x0000000100000000)
  eden space 25600K, 100% used [0x00000000d5580000,0x00000000d6e80000,0x00000000d6e80000)
  from space 4096K, 99% used [0x00000000d7280000,0x00000000d767b140,0x00000000d7680000)
  to   space 4096K, 0% used [0x00000000d6e80000,0x00000000d6e80000,0x00000000d7280000)
 ParOldGen       total 68608K, used 6303K [0x0000000080000000, 0x0000000084300000, 0x00000000d5580000)
  object space 68608K, 9% used [0x0000000080000000,0x0000000080627fe8,0x0000000084300000)
 Metaspace       used 16076K, committed 16768K, reserved 1114112K
  class space    used 1675K, committed 1984K, reserved 1048576K
}
Event: 3.365 GC heap after
{Heap after GC invocations=5 (full 0):
 PSYoungGen      total 29184K, used 4074K [0x00000000d5580000, 0x00000000d7a00000, 0x0000000100000000)
  eden space 25088K, 0% used [0x00000000d5580000,0x00000000d5580000,0x00000000d6e00000)
  from space 4096K, 99% used [0x00000000d6e80000,0x00000000d727ab30,0x00000000d7280000)
  to   space 6144K, 0% used [0x00000000d7400000,0x00000000d7400000,0x00000000d7a00000)
 ParOldGen       total 68608K, used 8066K [0x0000000080000000, 0x0000000084300000, 0x00000000d5580000)
  object space 68608K, 11% used [0x0000000080000000,0x00000000807e0b18,0x0000000084300000)
 Metaspace       used 16076K, committed 16768K, reserved 1114112K
  class space    used 1675K, committed 1984K, reserved 1048576K
}
Event: 3.975 GC heap before
{Heap before GC invocations=6 (full 0):
 PSYoungGen      total 29184K, used 29162K [0x00000000d5580000, 0x00000000d7a00000, 0x0000000100000000)
  eden space 25088K, 100% used [0x00000000d5580000,0x00000000d6e00000,0x00000000d6e00000)
  from space 4096K, 99% used [0x00000000d6e80000,0x00000000d727ab30,0x00000000d7280000)
  to   space 6144K, 0% used [0x00000000d7400000,0x00000000d7400000,0x00000000d7a00000)
 ParOldGen       total 68608K, used 8066K [0x0000000080000000, 0x0000000084300000, 0x00000000d5580000)
  object space 68608K, 11% used [0x0000000080000000,0x00000000807e0b18,0x0000000084300000)
 Metaspace       used 19009K, committed 19840K, reserved 1114112K
  class space    used 2011K, committed 2368K, reserved 1048576K
}
Event: 3.978 GC heap after
{Heap after GC invocations=6 (full 0):
 PSYoungGen      total 29184K, used 4437K [0x00000000d5580000, 0x00000000d7880000, 0x0000000100000000)
  eden space 24576K, 0% used [0x00000000d5580000,0x00000000d5580000,0x00000000d6d80000)
  from space 4608K, 96% used [0x00000000d7400000,0x00000000d78556e0,0x00000000d7880000)
  to   space 5120K, 0% used [0x00000000d6e80000,0x00000000d6e80000,0x00000000d7380000)
 ParOldGen       total 68608K, used 8074K [0x0000000080000000, 0x0000000084300000, 0x00000000d5580000)
  object space 68608K, 11% used [0x0000000080000000,0x00000000807e2b18,0x0000000084300000)
 Metaspace       used 19009K, committed 19840K, reserved 1114112K
  class space    used 2011K, committed 2368K, reserved 1048576K
}
Event: 4.223 GC heap before
{Heap before GC invocations=7 (full 0):
 PSYoungGen      total 29184K, used 21350K [0x00000000d5580000, 0x00000000d7880000, 0x0000000100000000)
  eden space 24576K, 68% used [0x00000000d5580000,0x00000000d66041b8,0x00000000d6d80000)
  from space 4608K, 96% used [0x00000000d7400000,0x00000000d78556e0,0x00000000d7880000)
  to   space 5120K, 0% used [0x00000000d6e80000,0x00000000d6e80000,0x00000000d7380000)
 ParOldGen       total 68608K, used 8074K [0x0000000080000000, 0x0000000084300000, 0x00000000d5580000)
  object space 68608K, 11% used [0x0000000080000000,0x00000000807e2b18,0x0000000084300000)
 Metaspace       used 20683K, committed 21504K, reserved 1114112K
  class space    used 2196K, committed 2560K, reserved 1048576K
}
Event: 4.228 GC heap after
{Heap after GC invocations=7 (full 0):
 PSYoungGen      total 29184K, used 4152K [0x00000000d5580000, 0x00000000d7680000, 0x0000000100000000)
  eden space 24576K, 0% used [0x00000000d5580000,0x00000000d5580000,0x00000000d6d80000)
  from space 4608K, 90% used [0x00000000d6e80000,0x00000000d728e148,0x00000000d7300000)
  to   space 3584K, 0% used [0x00000000d7300000,0x00000000d7300000,0x00000000d7680000)
 ParOldGen       total 68608K, used 9401K [0x0000000080000000, 0x0000000084300000, 0x00000000d5580000)
  object space 68608K, 13% used [0x0000000080000000,0x000000008092e6a8,0x0000000084300000)
 Metaspace       used 20683K, committed 21504K, reserved 1114112K
  class space    used 2196K, committed 2560K, reserved 1048576K
}
Event: 4.228 GC heap before
{Heap before GC invocations=8 (full 1):
 PSYoungGen      total 29184K, used 4152K [0x00000000d5580000, 0x00000000d7680000, 0x0000000100000000)
  eden space 24576K, 0% used [0x00000000d5580000,0x00000000d5580000,0x00000000d6d80000)
  from space 4608K, 90% used [0x00000000d6e80000,0x00000000d728e148,0x00000000d7300000)
  to   space 3584K, 0% used [0x00000000d7300000,0x00000000d7300000,0x00000000d7680000)
 ParOldGen       total 68608K, used 9401K [0x0000000080000000, 0x0000000084300000, 0x00000000d5580000)
  object space 68608K, 13% used [0x0000000080000000,0x000000008092e6a8,0x0000000084300000)
 Metaspace       used 20683K, committed 21504K, reserved 1114112K
  class space    used 2196K, committed 2560K, reserved 1048576K
}
Event: 4.259 GC heap after
{Heap after GC invocations=8 (full 1):
 PSYoungGen      total 29184K, used 0K [0x00000000d5580000, 0x00000000d7680000, 0x0000000100000000)
  eden space 24576K, 0% used [0x00000000d5580000,0x00000000d5580000,0x00000000d6d80000)
  from space 4608K, 0% used [0x00000000d6e80000,0x00000000d6e80000,0x00000000d7300000)
  to   space 3584K, 0% used [0x00000000d7300000,0x00000000d7300000,0x00000000d7680000)
 ParOldGen       total 68608K, used 12779K [0x0000000080000000, 0x0000000084300000, 0x00000000d5580000)
  object space 68608K, 18% used [0x0000000080000000,0x0000000080c7ac60,0x0000000084300000)
 Metaspace       used 20670K, committed 21504K, reserved 1114112K
  class space    used 2192K, committed 2560K, reserved 1048576K
}
Event: 4.495 GC heap before
{Heap before GC invocations=9 (full 1):
 PSYoungGen      total 29184K, used 24553K [0x00000000d5580000, 0x00000000d7680000, 0x0000000100000000)
  eden space 24576K, 99% used [0x00000000d5580000,0x00000000d6d7a640,0x00000000d6d80000)
  from space 4608K, 0% used [0x00000000d6e80000,0x00000000d6e80000,0x00000000d7300000)
  to   space 3584K, 0% used [0x00000000d7300000,0x00000000d7300000,0x00000000d7680000)
 ParOldGen       total 68608K, used 12779K [0x0000000080000000, 0x0000000084300000, 0x00000000d5580000)
  object space 68608K, 18% used [0x0000000080000000,0x0000000080c7ac60,0x0000000084300000)
 Metaspace       used 23176K, committed 24000K, reserved 1114112K
  class space    used 2357K, committed 2688K, reserved 1048576K
}
Event: 4.495 GC heap after
{Heap after GC invocations=9 (full 1):
 PSYoungGen      total 25088K, used 691K [0x00000000d5580000, 0x00000000d7400000, 0x0000000100000000)
  eden space 24064K, 0% used [0x00000000d5580000,0x00000000d5580000,0x00000000d6d00000)
  from space 1024K, 67% used [0x00000000d7300000,0x00000000d73acc88,0x00000000d7400000)
  to   space 2048K, 0% used [0x00000000d7000000,0x00000000d7000000,0x00000000d7200000)
 ParOldGen       total 68608K, used 12787K [0x0000000080000000, 0x0000000084300000, 0x00000000d5580000)
  object space 68608K, 18% used [0x0000000080000000,0x0000000080c7cc60,0x0000000084300000)
 Metaspace       used 23176K, committed 24000K, reserved 1114112K
  class space    used 2357K, committed 2688K, reserved 1048576K
}
Event: 5.674 GC heap before
{Heap before GC invocations=10 (full 1):
 PSYoungGen      total 25088K, used 24755K [0x00000000d5580000, 0x00000000d7400000, 0x0000000100000000)
  eden space 24064K, 100% used [0x00000000d5580000,0x00000000d6d00000,0x00000000d6d00000)
  from space 1024K, 67% used [0x00000000d7300000,0x00000000d73acc88,0x00000000d7400000)
  to   space 2048K, 0% used [0x00000000d7000000,0x00000000d7000000,0x00000000d7200000)
 ParOldGen       total 68608K, used 12787K [0x0000000080000000, 0x0000000084300000, 0x00000000d5580000)
  object space 68608K, 18% used [0x0000000080000000,0x0000000080c7cc60,0x0000000084300000)
 Metaspace       used 26365K, committed 27264K, reserved 1114112K
  class space    used 2685K, committed 3072K, reserved 1048576K
}
Event: 5.676 GC heap after
{Heap after GC invocations=10 (full 1):
 PSYoungGen      total 25600K, used 2039K [0x00000000d5580000, 0x00000000d7480000, 0x0000000100000000)
  eden space 23552K, 0% used [0x00000000d5580000,0x00000000d5580000,0x00000000d6c80000)
  from space 2048K, 99% used [0x00000000d7000000,0x00000000d71fdd28,0x00000000d7200000)
  to   space 2560K, 0% used [0x00000000d7200000,0x00000000d7200000,0x00000000d7480000)
 ParOldGen       total 68608K, used 14026K [0x0000000080000000, 0x0000000084300000, 0x00000000d5580000)
  object space 68608K, 20% used [0x0000000080000000,0x0000000080db2ad0,0x0000000084300000)
 Metaspace       used 26365K, committed 27264K, reserved 1114112K
  class space    used 2685K, committed 3072K, reserved 1048576K
}
Event: 6.768 GC heap before
{Heap before GC invocations=11 (full 1):
 PSYoungGen      total 25600K, used 25591K [0x00000000d5580000, 0x00000000d7480000, 0x0000000100000000)
  eden space 23552K, 100% used [0x00000000d5580000,0x00000000d6c80000,0x00000000d6c80000)
  from space 2048K, 99% used [0x00000000d7000000,0x00000000d71fdd28,0x00000000d7200000)
  to   space 2560K, 0% used [0x00000000d7200000,0x00000000d7200000,0x00000000d7480000)
 ParOldGen       total 68608K, used 14026K [0x0000000080000000, 0x0000000084300000, 0x00000000d5580000)
  object space 68608K, 20% used [0x0000000080000000,0x0000000080db2ad0,0x0000000084300000)
 Metaspace       used 28522K, committed 29440K, reserved 1114112K
  class space    used 2890K, committed 3264K, reserved 1048576K
}
Event: 6.770 GC heap after
{Heap after GC invocations=11 (full 1):
 PSYoungGen      total 25600K, used 2188K [0x00000000d5580000, 0x00000000d7480000, 0x0000000100000000)
  eden space 23040K, 0% used [0x00000000d5580000,0x00000000d5580000,0x00000000d6c00000)
  from space 2560K, 85% used [0x00000000d7200000,0x00000000d7423270,0x00000000d7480000)
  to   space 3072K, 0% used [0x00000000d6e80000,0x00000000d6e80000,0x00000000d7180000)
 ParOldGen       total 68608K, used 15296K [0x0000000080000000, 0x0000000084300000, 0x00000000d5580000)
  object space 68608K, 22% used [0x0000000080000000,0x0000000080ef00b0,0x0000000084300000)
 Metaspace       used 28522K, committed 29440K, reserved 1114112K
  class space    used 2890K, committed 3264K, reserved 1048576K
}

Dll operation events (10 events):
Event: 0.013 Loaded shared library c:\Users\huynh\.vscode\extensions\redhat.java-1.49.0-win32-x64\jre\21.0.9-win32-x86_64\bin\java.dll
Event: 0.052 Loaded shared library c:\Users\huynh\.vscode\extensions\redhat.java-1.49.0-win32-x64\jre\21.0.9-win32-x86_64\bin\zip.dll
Event: 0.139 Loaded shared library C:\Users\huynh\.vscode\extensions\redhat.java-1.49.0-win32-x64\jre\21.0.9-win32-x86_64\bin\instrument.dll
Event: 0.181 Loaded shared library C:\Users\huynh\.vscode\extensions\redhat.java-1.49.0-win32-x64\jre\21.0.9-win32-x86_64\bin\net.dll
Event: 0.184 Loaded shared library C:\Users\huynh\.vscode\extensions\redhat.java-1.49.0-win32-x64\jre\21.0.9-win32-x86_64\bin\nio.dll
Event: 0.188 Loaded shared library C:\Users\huynh\.vscode\extensions\redhat.java-1.49.0-win32-x64\jre\21.0.9-win32-x86_64\bin\zip.dll
Event: 0.215 Loaded shared library C:\Users\huynh\.vscode\extensions\redhat.java-1.49.0-win32-x64\jre\21.0.9-win32-x86_64\bin\jimage.dll
Event: 0.323 Loaded shared library c:\Users\huynh\.vscode\extensions\redhat.java-1.49.0-win32-x64\jre\21.0.9-win32-x86_64\bin\verify.dll
Event: 1.772 Loaded shared library C:\Users\huynh\AppData\Roaming\Code\User\globalStorage\redhat.java\1.49.0\config_win\org.eclipse.equinox.launcher\org.eclipse.equinox.launcher.win32.win32.x86_64_1.2.1400.v20250801-0854\eclipse_11916.dll
Event: 3.499 Loaded shared library C:\Temp\jna-99651526\jna2981850352405268347.dll

Deoptimization events (20 events):
Event: 5.599 Thread 0x000001d26e0169e0 DEOPT PACKING pc=0x000001d25b0c084c sp=0x00000021c4ffe420
Event: 5.599 Thread 0x000001d26e0169e0 DEOPT UNPACKING pc=0x000001d25a9c3aa2 sp=0x00000021c4ffe3a8 mode 2
Event: 5.599 Thread 0x000001d26e0169e0 Uncommon trap: trap_request=0xffffffde fr.pc=0x000001d25b0c084c relative=0x000000000000010c
Event: 5.599 Thread 0x000001d26e0169e0 Uncommon trap: reason=class_check action=maybe_recompile pc=0x000001d25b0c084c method=java.lang.Character.codePointAt(Ljava/lang/CharSequence;I)I @ 2 c2
Event: 5.599 Thread 0x000001d26e0169e0 DEOPT PACKING pc=0x000001d25b0c084c sp=0x00000021c4ffe420
Event: 5.599 Thread 0x000001d26e0169e0 DEOPT UNPACKING pc=0x000001d25a9c3aa2 sp=0x00000021c4ffe3a8 mode 2
Event: 5.599 Thread 0x000001d26e0169e0 Uncommon trap: trap_request=0xffffffde fr.pc=0x000001d25b0c084c relative=0x000000000000010c
Event: 5.599 Thread 0x000001d26e0169e0 Uncommon trap: reason=class_check action=maybe_recompile pc=0x000001d25b0c084c method=java.lang.Character.codePointAt(Ljava/lang/CharSequence;I)I @ 2 c2
Event: 5.599 Thread 0x000001d26e0169e0 DEOPT PACKING pc=0x000001d25b0c084c sp=0x00000021c4ffe420
Event: 5.600 Thread 0x000001d26e0169e0 DEOPT UNPACKING pc=0x000001d25a9c3aa2 sp=0x00000021c4ffe3a8 mode 2
Event: 5.600 Thread 0x000001d26e0169e0 Uncommon trap: trap_request=0xffffff76 fr.pc=0x000001d25b09d898 relative=0x0000000000000398
Event: 5.600 Thread 0x000001d26e0169e0 Uncommon trap: reason=predicate action=maybe_recompile pc=0x000001d25b09d898 method=java.util.regex.Pattern$BmpCharPropertyGreedy.match(Ljava/util/regex/Matcher;ILjava/lang/CharSequence;)Z @ 12 c2
Event: 5.600 Thread 0x000001d26e0169e0 DEOPT PACKING pc=0x000001d25b09d898 sp=0x00000021c4ffe360
Event: 5.600 Thread 0x000001d26e0169e0 DEOPT UNPACKING pc=0x000001d25a9c3aa2 sp=0x00000021c4ffe308 mode 2
Event: 5.647 Thread 0x000001d26d3a8fb0 Uncommon trap: trap_request=0xffffff45 fr.pc=0x000001d25b0c1050 relative=0x0000000000000390
Event: 5.647 Thread 0x000001d26d3a8fb0 Uncommon trap: reason=unstable_if action=reinterpret pc=0x000001d25b0c1050 method=org.lombokweb.asm.Label.resolve([BLorg/lombokweb/asm/ByteVector;I)Z @ 81 c2
Event: 5.647 Thread 0x000001d26d3a8fb0 DEOPT PACKING pc=0x000001d25b0c1050 sp=0x00000021c4dee880
Event: 5.647 Thread 0x000001d26d3a8fb0 DEOPT UNPACKING pc=0x000001d25a9c3aa2 sp=0x00000021c4dee788 mode 2
Event: 6.756 Thread 0x000001d26d3a8fb0 DEOPT PACKING pc=0x000001d253a23c3e sp=0x00000021c4df9220
Event: 6.756 Thread 0x000001d26d3a8fb0 DEOPT UNPACKING pc=0x000001d25a9c4242 sp=0x00000021c4df8760 mode 0

Classes loaded (20 events):
Event: 6.743 Loading class sun/reflect/generics/repository/AbstractRepository
Event: 6.743 Loading class sun/reflect/generics/repository/AbstractRepository done
Event: 6.743 Loading class sun/reflect/generics/repository/GenericDeclRepository done
Event: 6.743 Loading class sun/reflect/generics/repository/ClassRepository done
Event: 6.743 Loading class sun/reflect/generics/tree/FormalTypeParameter
Event: 6.743 Loading class sun/reflect/generics/tree/FormalTypeParameter done
Event: 6.743 Loading class sun/reflect/generics/tree/ClassSignature
Event: 6.743 Loading class sun/reflect/generics/tree/Signature
Event: 6.743 Loading class sun/reflect/generics/tree/Signature done
Event: 6.743 Loading class sun/reflect/generics/tree/ClassSignature done
Event: 6.743 Loading class sun/reflect/annotation/TypeAnnotation$TypeAnnotationTarget
Event: 6.743 Loading class sun/reflect/annotation/TypeAnnotation$TypeAnnotationTarget done
Event: 6.743 Loading class sun/reflect/annotation/TypeAnnotation$LocationInfo
Event: 6.744 Loading class sun/reflect/annotation/TypeAnnotation$LocationInfo done
Event: 6.744 Loading class sun/reflect/annotation/TypeAnnotation$LocationInfo$Location
Event: 6.744 Loading class sun/reflect/annotation/TypeAnnotation$LocationInfo$Location done
Event: 6.744 Loading class sun/reflect/annotation/AnnotatedTypeFactory
Event: 6.744 Loading class sun/reflect/annotation/AnnotatedTypeFactory done
Event: 6.744 Loading class sun/reflect/annotation/AnnotatedTypeFactory$AnnotatedTypeBaseImpl
Event: 6.744 Loading class sun/reflect/annotation/AnnotatedTypeFactory$AnnotatedTypeBaseImpl done

Classes unloaded (7 events):
Event: 4.233 Thread 0x000001d2502e4af0 Unloading class 0x000001d2011aa800 'java/lang/invoke/LambdaForm$MH+0x000001d2011aa800'
Event: 4.233 Thread 0x000001d2502e4af0 Unloading class 0x000001d2011aa400 'java/lang/invoke/LambdaForm$MH+0x000001d2011aa400'
Event: 4.233 Thread 0x000001d2502e4af0 Unloading class 0x000001d2011aa000 'java/lang/invoke/LambdaForm$MH+0x000001d2011aa000'
Event: 4.233 Thread 0x000001d2502e4af0 Unloading class 0x000001d2011a9c00 'java/lang/invoke/LambdaForm$MH+0x000001d2011a9c00'
Event: 4.233 Thread 0x000001d2502e4af0 Unloading class 0x000001d2011a9800 'java/lang/invoke/LambdaForm$BMH+0x000001d2011a9800'
Event: 4.233 Thread 0x000001d2502e4af0 Unloading class 0x000001d2011a9400 'java/lang/invoke/LambdaForm$DMH+0x000001d2011a9400'
Event: 4.233 Thread 0x000001d2502e4af0 Unloading class 0x000001d2011a8400 'java/lang/invoke/LambdaForm$DMH+0x000001d2011a8400'

Classes redefined (0 events):
No events

Internal exceptions (20 events):
Event: 4.004 Thread 0x000001d26d3a8fb0 Exception <a 'java/lang/NoSuchMethodError'{0x00000000d5925c18}: 'java.lang.Object java.lang.invoke.DirectMethodHandle$Holder.newInvokeSpecial(java.lang.Object, int, java.lang.Object, java.lang.Object)'> (0x00000000d5925c18) 
thrown [s\src\hotspot\share\interpreter\linkResolver.cpp, line 773]
Event: 4.159 Thread 0x000001d26d3a8fb0 Exception <a 'java/lang/NoSuchMethodError'{0x00000000d61cc1b8}: 'long java.lang.invoke.Invokers$Holder.invokeExact_MT(java.lang.Object, java.lang.Object)'> (0x00000000d61cc1b8) 
thrown [s\src\hotspot\share\interpreter\linkResolver.cpp, line 773]
Event: 4.304 Thread 0x000001d26d3a8fb0 Exception <a 'java/lang/NoSuchMethodError'{0x00000000d584afb8}: 'double java.lang.invoke.DirectMethodHandle$Holder.invokeStatic(java.lang.Object, java.lang.Object)'> (0x00000000d584afb8) 
thrown [s\src\hotspot\share\interpreter\linkResolver.cpp, line 773]
Event: 4.305 Thread 0x000001d26d3a8fb0 Exception <a 'java/lang/NoSuchMethodError'{0x00000000d584e8a0}: 'double java.lang.invoke.DirectMethodHandle$Holder.invokeStaticInit(java.lang.Object, java.lang.Object)'> (0x00000000d584e8a0) 
thrown [s\src\hotspot\share\interpreter\linkResolver.cpp, line 773]
Event: 5.559 Thread 0x000001d26e014910 Exception <a 'java/lang/NoSuchMethodError'{0x00000000d5b50690}: 'java.lang.Object java.lang.invoke.DirectMethodHandle$Holder.invokeStaticInit(java.lang.Object, java.lang.Object, java.lang.Object, java.lang.Object, java.lang.Object, java.lang.Object, java.lang.Object)'> (0x00000000d5b50690) 
thrown [s\src\hotspot\share\interpreter\linkResolver.cpp, line 773]
Event: 5.559 Thread 0x000001d26e014910 Exception <a 'java/lang/NoSuchMethodError'{0x00000000d5b5b4d8}: 'java.lang.Object java.lang.invoke.Invokers$Holder.invoke_MT(java.lang.Object, java.lang.Object, java.lang.Object, java.lang.Object, java.lang.Object, java.lang.Object, java.lang.Object, java.lang.Object, java.lang.Object)'> (0x00000000d5b5b4d8) 
thrown [s\src\hotspot\share\interpreter\linkResolver.cpp, line 773]
Event: 5.567 Thread 0x000001d26e014910 Exception <a 'java/lang/NoSuchMethodError'{0x00000000d5c141e8}: 'int java.lang.invoke.DirectMethodHandle$Holder.invokeVirtual(java.lang.Object, java.lang.Object, java.lang.Object)'> (0x00000000d5c141e8) 
thrown [s\src\hotspot\share\interpreter\linkResolver.cpp, line 773]
Event: 5.567 Thread 0x000001d26e014910 Exception <a 'java/lang/NoSuchMethodError'{0x00000000d5c23f78}: 'int java.lang.invoke.DirectMethodHandle$Holder.invokeStaticInit(java.lang.Object, int, int)'> (0x00000000d5c23f78) 
thrown [s\src\hotspot\share\interpreter\linkResolver.cpp, line 773]
Event: 5.567 Thread 0x000001d26e014910 Exception <a 'java/lang/NoSuchMethodError'{0x00000000d5c37290}: 'int java.lang.invoke.DirectMethodHandle$Holder.invokeStaticInit(java.lang.Object, long, long)'> (0x00000000d5c37290) 
thrown [s\src\hotspot\share\interpreter\linkResolver.cpp, line 773]
Event: 5.568 Thread 0x000001d26e014910 Exception <a 'java/lang/NoSuchMethodError'{0x00000000d5c43cd0}: 'int java.lang.invoke.DirectMethodHandle$Holder.invokeStaticInit(java.lang.Object, float, float)'> (0x00000000d5c43cd0) 
thrown [s\src\hotspot\share\interpreter\linkResolver.cpp, line 773]
Event: 5.568 Thread 0x000001d26e014910 Exception <a 'java/lang/NoSuchMethodError'{0x00000000d5c4a608}: 'int java.lang.invoke.DirectMethodHandle$Holder.invokeStaticInit(java.lang.Object, double, double)'> (0x00000000d5c4a608) 
thrown [s\src\hotspot\share\interpreter\linkResolver.cpp, line 773]
Event: 5.568 Thread 0x000001d26e014910 Exception <a 'java/lang/NoSuchMethodError'{0x00000000d5c4e9a0}: 'int java.lang.invoke.DirectMethodHandle$Holder.invokeStatic(java.lang.Object, long)'> (0x00000000d5c4e9a0) 
thrown [s\src\hotspot\share\interpreter\linkResolver.cpp, line 773]
Event: 5.570 Thread 0x000001d26e0169e0 Exception <a 'java/lang/NoSuchMethodError'{0x00000000d5c6f768}: 'int java.lang.invoke.DirectMethodHandle$Holder.invokeSpecial(java.lang.Object, java.lang.Object, int, int)'> (0x00000000d5c6f768) 
thrown [s\src\hotspot\share\interpreter\linkResolver.cpp, line 773]
Event: 5.571 Thread 0x000001d26e014910 Exception <a 'java/lang/NoSuchMethodError'{0x00000000d5d0e3a0}: 'int java.lang.invoke.Invokers$Holder.linkToTargetMethod(java.lang.Object, java.lang.Object)'> (0x00000000d5d0e3a0) 
thrown [s\src\hotspot\share\interpreter\linkResolver.cpp, line 773]
Event: 5.571 Thread 0x000001d26e0169e0 Exception <a 'java/lang/NoSuchMethodError'{0x00000000d5d09298}: 'int java.lang.invoke.Invokers$Holder.linkToTargetMethod(java.lang.Object, java.lang.Object)'> (0x00000000d5d09298) 
thrown [s\src\hotspot\share\interpreter\linkResolver.cpp, line 773]
Event: 5.572 Thread 0x000001d26e014910 Exception <a 'java/lang/NoSuchMethodError'{0x00000000d5d23eb8}: 'int java.lang.invoke.DirectMethodHandle$Holder.invokeSpecial(java.lang.Object, java.lang.Object, java.lang.Object, java.lang.Object)'> (0x00000000d5d23eb8) 
thrown [s\src\hotspot\share\interpreter\linkResolver.cpp, line 773]
Event: 5.573 Thread 0x000001d26e014910 Exception <a 'java/lang/NoSuchMethodError'{0x00000000d5d40f08}: 'java.lang.Object java.lang.invoke.DirectMethodHandle$Holder.invokeStatic(java.lang.Object, int, java.lang.Object, java.lang.Object)'> (0x00000000d5d40f08) 
thrown [s\src\hotspot\share\interpreter\linkResolver.cpp, line 773]
Event: 5.573 Thread 0x000001d26e014910 Exception <a 'java/lang/NoSuchMethodError'{0x00000000d5d4aab0}: 'java.lang.Object java.lang.invoke.DelegatingMethodHandle$Holder.delegate(java.lang.Object, int, java.lang.Object, java.lang.Object)'> (0x00000000d5d4aab0) 
thrown [s\src\hotspot\share\interpreter\linkResolver.cpp, line 773]
Event: 5.576 Thread 0x000001d26e014910 Exception <a 'java/lang/NoSuchMethodError'{0x00000000d5d71cc8}: 'int java.lang.invoke.Invokers$Holder.linkToTargetMethod(java.lang.Object, java.lang.Object, java.lang.Object)'> (0x00000000d5d71cc8) 
thrown [s\src\hotspot\share\interpreter\linkResolver.cpp, line 773]
Event: 5.617 Thread 0x000001d26e0169e0 Exception <a 'java/lang/NoSuchMethodError'{0x00000000d61978a8}: 'java.lang.Object java.lang.invoke.DirectMethodHandle$Holder.invokeSpecialIFC(java.lang.Object, java.lang.Object, java.lang.Object, java.lang.Object)'> (0x00000000d61978a8) 
thrown [s\src\hotspot\share\interpreter\linkResolver.cpp, line 773]

ZGC Phase Switch (0 events):
No events

VM Operations (20 events):
Event: 3.817 Executing VM operation: ICBufferFull
Event: 3.817 Executing VM operation: ICBufferFull done
Event: 3.975 Executing VM operation: ParallelGCFailedAllocation (Allocation Failure)
Event: 3.978 Executing VM operation: ParallelGCFailedAllocation (Allocation Failure) done
Event: 4.223 Executing VM operation: CollectForMetadataAllocation (Metadata GC Threshold)
Event: 4.259 Executing VM operation: CollectForMetadataAllocation (Metadata GC Threshold) done
Event: 4.495 Executing VM operation: ParallelGCFailedAllocation (Allocation Failure)
Event: 4.495 Executing VM operation: ParallelGCFailedAllocation (Allocation Failure) done
Event: 5.509 Executing VM operation: Cleanup
Event: 5.557 Executing VM operation: Cleanup done
Event: 5.576 Executing VM operation: HandshakeAllThreads (Deoptimize)
Event: 5.592 Executing VM operation: HandshakeAllThreads (Deoptimize) done
Event: 5.674 Executing VM operation: ParallelGCFailedAllocation (Allocation Failure)
Event: 5.676 Executing VM operation: ParallelGCFailedAllocation (Allocation Failure) done
Event: 6.677 Executing VM operation: Cleanup
Event: 6.743 Executing VM operation: Cleanup done
Event: 6.768 Executing VM operation: ParallelGCFailedAllocation (Allocation Failure)
Event: 6.770 Executing VM operation: ParallelGCFailedAllocation (Allocation Failure) done
Event: 7.775 Executing VM operation: Cleanup
Event: 7.775 Executing VM operation: Cleanup done

Memory protections (0 events):
No events

Nmethod flushes (0 events):
No events

Events (20 events):
Event: 1.763 Thread 0x000001d250241790 Thread added: 0x000001d26d6b9570
Event: 1.821 Thread 0x000001d26d6b9570 Thread added: 0x000001d26d3a4420
Event: 1.824 Thread 0x000001d250241790 Thread added: 0x000001d26d3a8fb0
Event: 1.865 Thread 0x000001d26d824d60 Thread exited: 0x000001d26d824d60
Event: 2.003 Thread 0x000001d2501d52f0 Thread added: 0x000001d26d74e8d0
Event: 2.252 Thread 0x000001d26d3a8fb0 Thread added: 0x000001d26e03e610
Event: 2.641 Thread 0x000001d26d74e8d0 Thread exited: 0x000001d26d74e8d0
Event: 2.653 Thread 0x000001d26d3a8fb0 Thread added: 0x000001d26d74e8d0
Event: 2.747 Thread 0x000001d268653770 Thread added: 0x000001d26d73bac0
Event: 3.045 Thread 0x000001d26d3a8fb0 Thread added: 0x000001d26e016350
Event: 3.071 Thread 0x000001d26d73bac0 Thread exited: 0x000001d26d73bac0
Event: 3.105 Thread 0x000001d268653770 Thread exited: 0x000001d268653770
Event: 3.529 Thread 0x000001d26d3a8fb0 Thread added: 0x000001d26e013bf0
Event: 3.568 Thread 0x000001d26d3a8fb0 Thread added: 0x000001d26e0169e0
Event: 3.592 Thread 0x000001d26d3a8fb0 Thread added: 0x000001d26e014910
Event: 3.675 Thread 0x000001d2501d52f0 Thread added: 0x000001d26e76e8f0
Event: 5.210 Thread 0x000001d26e76e8f0 Thread exited: 0x000001d26e76e8f0
Event: 5.226 Thread 0x000001d26e014910 Thread added: 0x000001d26e014fa0
Event: 5.615 Thread 0x000001d2501d52f0 Thread added: 0x000001d26ee1de10
Event: 6.781 Thread 0x000001d2501d52f0 Thread added: 0x000001d26e9a4070


Dynamic libraries:
0x00007ff6dd280000 - 0x00007ff6dd28e000 	c:\Users\huynh\.vscode\extensions\redhat.java-1.49.0-win32-x64\jre\21.0.9-win32-x86_64\bin\java.exe
0x00007ff8ae960000 - 0x00007ff8aebc8000 	C:\WINDOWS\SYSTEM32\ntdll.dll
0x00007ff8ad220000 - 0x00007ff8ad2e9000 	C:\WINDOWS\System32\KERNEL32.DLL
0x00007ff8abee0000 - 0x00007ff8ac2d8000 	C:\WINDOWS\System32\KERNELBASE.dll
0x00007ff8ac2e0000 - 0x00007ff8ac42b000 	C:\WINDOWS\System32\ucrtbase.dll
0x00007ff882970000 - 0x00007ff88298e000 	c:\Users\huynh\.vscode\extensions\redhat.java-1.49.0-win32-x64\jre\21.0.9-win32-x86_64\bin\VCRUNTIME140.dll
0x00007ff883280000 - 0x00007ff883298000 	c:\Users\huynh\.vscode\extensions\redhat.java-1.49.0-win32-x64\jre\21.0.9-win32-x86_64\bin\jli.dll
0x00007ff8ac9c0000 - 0x00007ff8acb87000 	C:\WINDOWS\System32\USER32.dll
0x00007ff895ef0000 - 0x00007ff896184000 	C:\WINDOWS\WinSxS\amd64_microsoft.windows.common-controls_6595b64144ccf1df_6.0.26100.7019_none_3e06ffa0e335b8a8\COMCTL32.dll
0x00007ff8ad680000 - 0x00007ff8ad729000 	C:\WINDOWS\System32\msvcrt.dll
0x00007ff8acba0000 - 0x00007ff8acbcb000 	C:\WINDOWS\System32\GDI32.dll
0x00007ff8ac610000 - 0x00007ff8ac637000 	C:\WINDOWS\System32\win32u.dll
0x00007ff8ac4e0000 - 0x00007ff8ac60c000 	C:\WINDOWS\System32\gdi32full.dll
0x00007ff8ac430000 - 0x00007ff8ac4d3000 	C:\WINDOWS\System32\msvcp_win.dll
0x00007ff8ac810000 - 0x00007ff8ac841000 	C:\WINDOWS\System32\IMM32.DLL
0x00007ff8983c0000 - 0x00007ff8983cc000 	c:\Users\huynh\.vscode\extensions\redhat.java-1.49.0-win32-x64\jre\21.0.9-win32-x86_64\bin\vcruntime140_1.dll
0x00007ff816120000 - 0x00007ff8161ad000 	c:\Users\huynh\.vscode\extensions\redhat.java-1.49.0-win32-x64\jre\21.0.9-win32-x86_64\bin\msvcp140.dll
0x00007ff807350000 - 0x00007ff8080f0000 	c:\Users\huynh\.vscode\extensions\redhat.java-1.49.0-win32-x64\jre\21.0.9-win32-x86_64\bin\server\jvm.dll
0x00007ff8ae810000 - 0x00007ff8ae8c4000 	C:\WINDOWS\System32\ADVAPI32.dll
0x00007ff8ae760000 - 0x00007ff8ae806000 	C:\WINDOWS\System32\sechost.dll
0x00007ff8ae5d0000 - 0x00007ff8ae6e8000 	C:\WINDOWS\System32\RPCRT4.dll
0x00007ff8ae420000 - 0x00007ff8ae494000 	C:\WINDOWS\System32\WS2_32.dll
0x00007ff8ab910000 - 0x00007ff8ab96e000 	C:\WINDOWS\SYSTEM32\POWRPROF.dll
0x00007ff89a7a0000 - 0x00007ff89a7d5000 	C:\WINDOWS\SYSTEM32\WINMM.dll
0x00007ff8a2f20000 - 0x00007ff8a2f2b000 	C:\WINDOWS\SYSTEM32\VERSION.dll
0x00007ff8ab8f0000 - 0x00007ff8ab904000 	C:\WINDOWS\SYSTEM32\UMPDC.dll
0x00007ff8aa840000 - 0x00007ff8aa85b000 	C:\WINDOWS\SYSTEM32\kernel.appcore.dll
0x00007ff8945f0000 - 0x00007ff8945fa000 	c:\Users\huynh\.vscode\extensions\redhat.java-1.49.0-win32-x64\jre\21.0.9-win32-x86_64\bin\jimage.dll
0x00007ff8a91b0000 - 0x00007ff8a93f2000 	C:\WINDOWS\SYSTEM32\DBGHELP.DLL
0x00007ff8ad2f0000 - 0x00007ff8ad67b000 	C:\WINDOWS\System32\combase.dll
0x00007ff8ad010000 - 0x00007ff8ad0e7000 	C:\WINDOWS\System32\OLEAUT32.dll
0x00007ff8945b0000 - 0x00007ff8945ec000 	C:\WINDOWS\SYSTEM32\dbgcore.DLL
0x00007ff8abda0000 - 0x00007ff8abe45000 	C:\WINDOWS\System32\bcryptPrimitives.dll
0x00007ff8a8170000 - 0x00007ff8a817f000 	c:\Users\huynh\.vscode\extensions\redhat.java-1.49.0-win32-x64\jre\21.0.9-win32-x86_64\bin\instrument.dll
0x00007ff882680000 - 0x00007ff8826a0000 	c:\Users\huynh\.vscode\extensions\redhat.java-1.49.0-win32-x64\jre\21.0.9-win32-x86_64\bin\java.dll
0x00007ff8ad830000 - 0x00007ff8adf7f000 	C:\WINDOWS\System32\SHELL32.dll
0x00007ff8abab0000 - 0x00007ff8abc1b000 	C:\WINDOWS\System32\wintypes.dll
0x00007ff8a96b0000 - 0x00007ff8a9f0d000 	C:\WINDOWS\SYSTEM32\windows.storage.dll
0x00007ff8ad730000 - 0x00007ff8ad822000 	C:\WINDOWS\System32\SHCORE.dll
0x00007ff8ae6f0000 - 0x00007ff8ae757000 	C:\WINDOWS\System32\shlwapi.dll
0x00007ff8ab9d0000 - 0x00007ff8ab9f9000 	C:\WINDOWS\SYSTEM32\profapi.dll
0x00007ff882330000 - 0x00007ff882348000 	c:\Users\huynh\.vscode\extensions\redhat.java-1.49.0-win32-x64\jre\21.0.9-win32-x86_64\bin\zip.dll
0x00007ff891e10000 - 0x00007ff891e20000 	C:\Users\huynh\.vscode\extensions\redhat.java-1.49.0-win32-x64\jre\21.0.9-win32-x86_64\bin\net.dll
0x00007ff8a4970000 - 0x00007ff8a4a98000 	C:\WINDOWS\SYSTEM32\WINHTTP.dll
0x00007ff8aade0000 - 0x00007ff8aae4b000 	C:\WINDOWS\system32\mswsock.dll
0x00007ff87ec70000 - 0x00007ff87ec86000 	C:\Users\huynh\.vscode\extensions\redhat.java-1.49.0-win32-x64\jre\21.0.9-win32-x86_64\bin\nio.dll
0x00007ff895d30000 - 0x00007ff895d40000 	c:\Users\huynh\.vscode\extensions\redhat.java-1.49.0-win32-x64\jre\21.0.9-win32-x86_64\bin\verify.dll
0x00007ff875880000 - 0x00007ff8758c4000 	C:\Users\huynh\AppData\Roaming\Code\User\globalStorage\redhat.java\1.49.0\config_win\org.eclipse.equinox.launcher\org.eclipse.equinox.launcher.win32.win32.x86_64_1.2.1400.v20250801-0854\eclipse_11916.dll
0x00007ff8ace70000 - 0x00007ff8ad007000 	C:\WINDOWS\System32\ole32.dll
0x00007ff8ab0a0000 - 0x00007ff8ab0bb000 	C:\WINDOWS\SYSTEM32\CRYPTSP.dll
0x00007ff8aa7a0000 - 0x00007ff8aa7da000 	C:\WINDOWS\system32\rsaenh.dll
0x00007ff8aae90000 - 0x00007ff8aaebb000 	C:\WINDOWS\SYSTEM32\USERENV.dll
0x00007ff8ab9a0000 - 0x00007ff8ab9ca000 	C:\WINDOWS\SYSTEM32\bcrypt.dll
0x00007ff8ab0c0000 - 0x00007ff8ab0cc000 	C:\WINDOWS\SYSTEM32\CRYPTBASE.dll
0x00007ff8aa270000 - 0x00007ff8aa2a4000 	C:\WINDOWS\SYSTEM32\IPHLPAPI.DLL
0x00007ff8ace40000 - 0x00007ff8ace4a000 	C:\WINDOWS\System32\NSI.dll
0x00007ff8197c0000 - 0x00007ff819809000 	C:\Temp\jna-99651526\jna2981850352405268347.dll
0x00007ff8ace30000 - 0x00007ff8ace38000 	C:\WINDOWS\System32\PSAPI.DLL

JVMTI agents:
c:\Users\huynh\.vscode\extensions\redhat.java-1.49.0-win32-x64\lombok\lombok-1.18.39-4050.jar path:c:\Users\huynh\.vscode\extensions\redhat.java-1.49.0-win32-x64\jre\21.0.9-win32-x86_64\bin\instrument.dll, loaded, initialized, instrumentlib options:none

dbghelp: loaded successfully - version: 4.0.5 - missing functions: none
symbol engine: initialized successfully - sym options: 0x614 - pdb path: .;c:\Users\huynh\.vscode\extensions\redhat.java-1.49.0-win32-x64\jre\21.0.9-win32-x86_64\bin;C:\WINDOWS\SYSTEM32;C:\WINDOWS\WinSxS\amd64_microsoft.windows.common-controls_6595b64144ccf1df_6.0.26100.7019_none_3e06ffa0e335b8a8;c:\Users\huynh\.vscode\extensions\redhat.java-1.49.0-win32-x64\jre\21.0.9-win32-x86_64\bin\server;C:\Users\huynh\AppData\Roaming\Code\User\globalStorage\redhat.java\1.49.0\config_win\org.eclipse.equinox.launcher\org.eclipse.equinox.launcher.win32.win32.x86_64_1.2.1400.v20250801-0854;C:\Temp\jna-99651526

VM Arguments:
jvm_args: --add-modules=ALL-SYSTEM --add-opens=java.base/java.util=ALL-UNNAMED --add-opens=java.base/java.lang=ALL-UNNAMED --add-opens=java.base/sun.nio.fs=ALL-UNNAMED -Declipse.application=org.eclipse.jdt.ls.core.id1 -Dosgi.bundles.defaultStartLevel=4 -Declipse.product=org.eclipse.jdt.ls.core.product -Djava.import.generatesMetadataFilesAtProjectRoot=false -DDetectVMInstallationsJob.disabled=true -Dfile.encoding=utf8 -XX:+UseParallelGC -XX:GCTimeRatio=4 -XX:AdaptiveSizePolicyWeight=90 -Dsun.zip.disableMemoryMapping=true -Xmx2G -Xms100m -Xlog:disable -javaagent:c:\Users\huynh\.vscode\extensions\redhat.java-1.49.0-win32-x64\lombok\lombok-1.18.39-4050.jar -XX:+HeapDumpOnOutOfMemoryError -XX:HeapDumpPath=c:\Users\huynh\AppData\Roaming\Code\User\workspaceStorage\3e88a0bc19544d9869e0b811d00487ae\redhat.java -Daether.dependencyCollector.impl=bf 
java_command: c:\Users\huynh\.vscode\extensions\redhat.java-1.49.0-win32-x64\server\plugins\org.eclipse.equinox.launcher_1.7.100.v20251111-0406.jar -configuration c:\Users\huynh\AppData\Roaming\Code\User\globalStorage\redhat.java\1.49.0\config_win -data c:\Users\huynh\AppData\Roaming\Code\User\workspaceStorage\3e88a0bc19544d9869e0b811d00487ae\redhat.java\jdt_ws --pipe=\\.\pipe\lsp-1d67574b0f0a4388eaa9cb6ec8a07f1e-sock
java_class_path (initial): c:\Users\huynh\.vscode\extensions\redhat.java-1.49.0-win32-x64\server\plugins\org.eclipse.equinox.launcher_1.7.100.v20251111-0406.jar
Launcher Type: SUN_STANDARD

[Global flags]
    uintx AdaptiveSizePolicyWeight                 = 90                                        {product} {command line}
     intx CICompilerCount                          = 4                                         {product} {ergonomic}
    uintx GCTimeRatio                              = 4                                         {product} {command line}
     bool HeapDumpOnOutOfMemoryError               = true                                   {manageable} {command line}
    ccstr HeapDumpPath                             = c:\Users\huynh\AppData\Roaming\Code\User\workspaceStorage\3e88a0bc19544d9869e0b811d00487ae\redhat.java         {manageable} {command line}
   size_t InitialHeapSize                          = 104857600                                 {product} {command line}
   size_t MaxHeapSize                              = 2147483648                                {product} {command line}
   size_t MaxNewSize                               = 715653120                                 {product} {ergonomic}
   size_t MinHeapDeltaBytes                        = 524288                                    {product} {ergonomic}
   size_t MinHeapSize                              = 104857600                                 {product} {command line}
   size_t NewSize                                  = 34603008                                  {product} {ergonomic}
    uintx NonNMethodCodeHeapSize                   = 5839372                                {pd product} {ergonomic}
    uintx NonProfiledCodeHeapSize                  = 122909434                              {pd product} {ergonomic}
   size_t OldSize                                  = 70254592                                  {product} {ergonomic}
    uintx ProfiledCodeHeapSize                     = 122909434                              {pd product} {ergonomic}
    uintx ReservedCodeCacheSize                    = 251658240                              {pd product} {ergonomic}
     bool SegmentedCodeCache                       = true                                      {product} {ergonomic}
   size_t SoftMaxHeapSize                          = 2147483648                             {manageable} {ergonomic}
     bool UseCompressedOops                        = true                           {product lp64_product} {ergonomic}
     bool UseLargePagesIndividualAllocation        = false                                  {pd product} {ergonomic}
     bool UseParallelGC                            = true                                      {product} {command line}

Logging:
Log output configuration:
 #0: stdout all=off uptime,level,tags foldmultilines=false
 #1: stderr all=off uptime,level,tags foldmultilines=false

Release file:
JAVA_VERSION="21.0.9" 
MODULES="java.base java.compiler java.datatransfer java.xml java.prefs java.desktop java.instrument java.logging java.management java.security.sasl java.naming java.rmi java.management.rmi java.net.http java.scripting java.security.jgss java.transaction.xa java.sql java.sql.rowset java.xml.crypto java.se java.smartcardio jdk.accessibility jdk.internal.jvmstat jdk.attach jdk.charsets jdk.internal.opt jdk.zipfs jdk.compiler jdk.crypto.ec jdk.crypto.cryptoki jdk.crypto.mscapi jdk.dynalink jdk.internal.ed jdk.editpad jdk.hotspot.agent jdk.httpserver jdk.internal.le jdk.internal.vm.ci jdk.internal.vm.compiler jdk.internal.vm.compiler.management jdk.jartool jdk.javadoc jdk.jcmd jdk.management jdk.management.agent jdk.jconsole jdk.jdeps jdk.jdwp.agent jdk.jdi jdk.jfr jdk.jshell jdk.jsobject jdk.jstatd jdk.localedata jdk.management.jfr jdk.naming.dns jdk.naming.rmi jdk.net jdk.nio.mapmode jdk.random jdk.sctp jdk.security.auth jdk.security.jgss jdk.unsupported jdk.unsupported.desktop jdk.xml.dom" 

Environment Variables:
PATH=D:\Program Files (x86)\VMware\VMware Workstation\bin\;C:\Program Files\OpenLogic\jdk-17.0.14.7-hotspot\bin;C:\Program Files\Eclipse Adoptium\jdk-21.0.6.7-hotspot\bin;C:\Program Files\PlasticSCM5\server;C:\Program Files\PlasticSCM5\client;C:\Program Files (x86)\Common Files\Oracle\Java\javapath;C:\Windows\system32;C:\Windows;C:\Windows\System32\Wbem;C:\Windows\System32\WindowsPowerShell\v1.0\;C:\Windows\System32\OpenSSH\;C:\msys64\mingw64\bin;C:\Program Files (x86)\NVIDIA Corporation\PhysX\Common;C:\Program Files\NVIDIA Corporation\NVIDIA NvDLISR;C:\Users\huynh\AppData\Local\Microsoft\WindowsApps;C:\adb;C:\Program Files (x86)\Windows Kits\10\Windows Performance Toolkit\;C:\Program Files\dotnet\;C:\Program Files (x86)\Microsoft SQL Server\160\Tools\Binn\;C:\Program Files\Microsoft SQL Server\160\Tools\Binn\;C:\Program Files\Microsoft SQL Server\Client SDK\ODBC\170\Tools\Binn\;C:\Program Files\Microsoft SQL Server\160\DTS\Binn\;C:\Program Files\Git\cmd;C:\WINDOWS\system32;C:\WINDOWS;C:\WINDOWS\System32\Wbem;C:\WINDOWS\System32\WindowsPowerShell\v1.0\;C:\WINDOWS\System32\OpenSSH\;C:\Program Files\Cloudflare\Cloudflare WARP\;C:\Program Files\Docker\Docker\resources\bin;C:\Program Files (x86)\cloudflared\;E:\Program Files\nodejs\;C:\Program Files\cursor\resources\app\bin;C:\Users\huynh\AppData\Local\Programs\Python\Python310\Scripts\;C:\Users\huynh\AppData\Local\Programs\Python\Python310\;C:\Program Files\OpenLogic\jdk-17.0.14.7-hotspot\bin;C:\Program Files\Eclipse Adoptium\jdk-21.0.6.7-hotspot\bin;C:\Program Files\PlasticSCM5\server;C:\Program Files\PlasticSCM5\client;C:\Program Files (x86)\Common Files\Oracle\Java\javapath;C:\Windows;C:\msys64\mingw64\bin;C:\Users\huynh\AppData\Local\Microsoft\WindowsApps;C:\adb;C:\Program Files (x86)\Windows Kits\10\Windows Performance Toolkit\;C:\Program Files\dotnet\;C:\Program Files (x86)\Microsoft SQL Server\160\Tools\Binn\;C:\Program Files\Microsoft SQL Server\160\Tools\Binn\;C:\Program Files\Microsoft SQL Server\Client SDK\ODBC\170\Tools\Binn\;C:\Program Files\Microsoft SQL Server\160\DTS\Binn\;C:\Program Files\Git\cmd;C:\flutter\bin;C:\Users\huynh\AppData\Local\Programs\MiKTeX\miktex\bin\x64;C:\Users\huynh\AppData\Local\Programs\Python\Python310;D:\ngrok-v3-stable-windows-amd64;C:\Users\huynh\AppData\Local\Programs\Microsoft VS Code\bin;C:\Users\huynh\AppData\Local\Pub\Cache\bin;C:\Users\huynh\AppData\Local\GitHubDesktop\bin;C:\platform-tools-latest-windows\platform-tools;D:\payload-dumper-go_1.3.0_windows_amd64;D:\Program Files\JetBrains\WebStorm 2025.1.3\bin;;C:\Program Files\MongoDB\Server\8.0\bin;C:\Users\huynh\AppData\Roaming\npm
USERNAME=huynh
OS=Windows_NT
PROCESSOR_IDENTIFIER=Intel64 Family 6 Model 165 Stepping 2, GenuineIntel
TMP=C:\Temp
TEMP=C:\Temp




Periodic native trim disabled

---------------  S Y S T E M  ---------------

OS:
 Windows 11 , 64 bit Build 26100 (10.0.26100.7019)
OS uptime: 0 days 1:30 hours
Hyper-V role detected

CPU: total 8 (initial active 8) (4 cores per cpu, 2 threads per core) family 6 model 165 stepping 2 microcode 0xe0, cx8, cmov, fxsr, ht, mmx, 3dnowpref, sse, sse2, sse3, ssse3, sse4.1, sse4.2, popcnt, lzcnt, tsc, tscinvbit, avx, avx2, aes, erms, clmul, bmi1, bmi2, adx, fma, vzeroupper, clflush, clflushopt, hv, rdtscp, f16c
Processor Information for the first 8 processors :
  Max Mhz: 2496, Current Mhz: 2496, Mhz Limit: 2496

Memory: 4k page, system-wide physical 16220M (1876M free)
TotalPageFile size 20316M (AvailPageFile size 297M)
current process WorkingSet (physical memory assigned to process): 178M, peak: 178M
current process commit charge ("private bytes"): 307M, peak: 307M

vm_info: OpenJDK 64-Bit Server VM (21.0.9+10-LTS) for windows-amd64 JRE (21.0.9+10-LTS), built on 2025-10-21T00:00:00Z by "admin" with unknown MS VC++:1942

END.
