#
# There is insufficient memory for the Java Runtime Environment to continue.
# Native memory allocation (malloc) failed to allocate 147680 bytes. Error detail: Chunk::new
# Possible reasons:
#   The system is out of physical RAM or swap space
#   This process is running with CompressedOops enabled, and the Java Heap may be blocking the growth of the native heap
# Possible solutions:
#   Reduce memory load on the system
#   Increase physical memory or swap space
#   Check if swap backing store is full
#   Decrease Java heap size (-Xmx/-Xms)
#   Decrease number of Java threads
#   Decrease Java thread stack sizes (-Xss)
#   Set larger code cache with -XX:ReservedCodeCacheSize=
#   JVM is running with Unscaled Compressed Oops mode in which the Java heap is
#     placed in the first 4GB address space. The Java Heap base address is the
#     maximum limit for the native heap growth. Please use -XX:HeapBaseMinAddress
#     to set the Java Heap base and to place the Java Heap above 4GB virtual address.
# This output file may be truncated or incomplete.
#
#  Out of Memory Error (arena.cpp:168), pid=17860, tid=3900
#
# JRE version: OpenJDK Runtime Environment Temurin-21.0.9+10 (21.0.9+10) (build 21.0.9+10-LTS)
# Java VM: OpenJDK 64-Bit Server VM Temurin-21.0.9+10 (21.0.9+10-LTS, mixed mode, sharing, tiered, compressed oops, compressed class ptrs, parallel gc, windows-amd64)
# No core dump will be written. Minidumps are not enabled by default on client versions of Windows
#

---------------  S U M M A R Y ------------

Command Line: --add-modules=ALL-SYSTEM --add-opens=java.base/java.util=ALL-UNNAMED --add-opens=java.base/java.lang=ALL-UNNAMED --add-opens=java.base/sun.nio.fs=ALL-UNNAMED -Declipse.application=org.eclipse.jdt.ls.core.id1 -Dosgi.bundles.defaultStartLevel=4 -Declipse.product=org.eclipse.jdt.ls.core.product -Djava.import.generatesMetadataFilesAtProjectRoot=false -DDetectVMInstallationsJob.disabled=true -Dfile.encoding=utf8 -XX:+UseParallelGC -XX:GCTimeRatio=4 -XX:AdaptiveSizePolicyWeight=90 -Dsun.zip.disableMemoryMapping=true -Xmx2G -Xms100m -Xlog:disable -javaagent:c:\Users\huynh\.vscode\extensions\redhat.java-1.49.0-win32-x64\lombok\lombok-1.18.39-4050.jar c:\Users\huynh\.vscode\extensions\redhat.java-1.49.0-win32-x64\server\plugins\org.eclipse.equinox.launcher_1.7.100.v20251111-0406.jar -configuration c:\Users\huynh\AppData\Roaming\Code\User\globalStorage\redhat.java\1.49.0\config_ss_win -data c:\Users\huynh\AppData\Roaming\Code\User\workspaceStorage\3e88a0bc19544d9869e0b811d00487ae\redhat.java\ss_ws --pipe=\\.\pipe\lsp-b63953e34a276bd7056394a58ef7fa00-sock

Host: Intel(R) Core(TM) i5-10300H CPU @ 2.50GHz, 8 cores, 15G,  Windows 11 , 64 bit Build 26100 (10.0.26100.7019)
Time: Sat Nov 22 13:51:42 2025 SE Asia Standard Time elapsed time: 6.839517 seconds (0d 0h 0m 6s)

---------------  T H R E A D  ---------------

Current thread (0x0000023774610450):  JavaThread "C2 CompilerThread2" daemon [_thread_in_native, id=3900, stack(0x000000d68a900000,0x000000d68aa00000) (1024K)]


Current CompileTask:
C2:6839 1423       4       java.util.HashMap::put (13 bytes)

Stack: [0x000000d68a900000,0x000000d68aa00000]
Native frames: (J=compiled Java code, j=interpreted, Vv=VM code, C=native code)
V  [jvm.dll+0x6d6e29]
V  [jvm.dll+0x8b4b76]
V  [jvm.dll+0x8b712e]
V  [jvm.dll+0x8b7813]
V  [jvm.dll+0x283d86]
V  [jvm.dll+0xc66ed]
V  [jvm.dll+0xc6c31]
V  [jvm.dll+0x3be53b]
V  [jvm.dll+0x38ab92]
V  [jvm.dll+0x389fda]
V  [jvm.dll+0x24bfa0]
V  [jvm.dll+0x24b580]
V  [jvm.dll+0x1cb13e]
V  [jvm.dll+0x25b29d]
V  [jvm.dll+0x25982a]
V  [jvm.dll+0x3f7ea6]
V  [jvm.dll+0x85e9ad]
V  [jvm.dll+0x6d565d]
C  [ucrtbase.dll+0x37b0]
C  [KERNEL32.DLL+0x2e8d7]
C  [ntdll.dll+0x8c53c]


---------------  P R O C E S S  ---------------

Threads class SMR info:
_java_thread_list=0x0000023774143b20, length=13, elements={
0x0000023716964ec0, 0x0000023716a1bc30, 0x0000023716a1e200, 0x00000237168d69e0,
0x00000237168d89f0, 0x00000237168dcff0, 0x00000237168dd680, 0x00000237168e3620,
0x0000023716907900, 0x00000237168ddd10, 0x00000237168de3a0, 0x00000237745dd570,
0x0000023774610450
}

Java Threads: ( => current thread )
  0x0000023716964ec0 JavaThread "main"                              [_thread_in_vm, id=8588, stack(0x000000d689400000,0x000000d689500000) (1024K)]
  0x0000023716a1bc30 JavaThread "Reference Handler"          daemon [_thread_blocked, id=8184, stack(0x000000d689800000,0x000000d689900000) (1024K)]
  0x0000023716a1e200 JavaThread "Finalizer"                  daemon [_thread_blocked, id=22600, stack(0x000000d689900000,0x000000d689a00000) (1024K)]
  0x00000237168d69e0 JavaThread "Signal Dispatcher"          daemon [_thread_blocked, id=2840, stack(0x000000d689a00000,0x000000d689b00000) (1024K)]
  0x00000237168d89f0 JavaThread "Attach Listener"            daemon [_thread_blocked, id=6296, stack(0x000000d689b00000,0x000000d689c00000) (1024K)]
  0x00000237168dcff0 JavaThread "Service Thread"             daemon [_thread_blocked, id=20432, stack(0x000000d689c00000,0x000000d689d00000) (1024K)]
  0x00000237168dd680 JavaThread "Monitor Deflation Thread"   daemon [_thread_blocked, id=5788, stack(0x000000d689d00000,0x000000d689e00000) (1024K)]
  0x00000237168e3620 JavaThread "C2 CompilerThread0"         daemon [_thread_blocked, id=9188, stack(0x000000d689e00000,0x000000d689f00000) (1024K)]
  0x0000023716907900 JavaThread "C1 CompilerThread0"         daemon [_thread_blocked, id=23588, stack(0x000000d689f00000,0x000000d68a000000) (1024K)]
  0x00000237168ddd10 JavaThread "Common-Cleaner"             daemon [_thread_blocked, id=8312, stack(0x000000d68a000000,0x000000d68a100000) (1024K)]
  0x00000237168de3a0 JavaThread "Notification Thread"        daemon [_thread_blocked, id=17796, stack(0x000000d68a100000,0x000000d68a200000) (1024K)]
  0x00000237745dd570 JavaThread "C2 CompilerThread1"         daemon [_thread_in_vm, id=19628, stack(0x000000d68a200000,0x000000d68a300000) (1024K)]
=>0x0000023774610450 JavaThread "C2 CompilerThread2"         daemon [_thread_in_native, id=3900, stack(0x000000d68a900000,0x000000d68aa00000) (1024K)]
Total: 13

Other Threads:
  0x00000237168d1d50 VMThread "VM Thread"                           [id=3548, stack(0x000000d689700000,0x000000d689800000) (1024K)]
  0x00000237167eca00 WatcherThread "VM Periodic Task Thread"        [id=19036, stack(0x000000d689600000,0x000000d689700000) (1024K)]
  0x0000023716983350 WorkerThread "GC Thread#0"                     [id=24540, stack(0x000000d689500000,0x000000d689600000) (1024K)]
  0x0000023774458c10 WorkerThread "GC Thread#1"                     [id=4488, stack(0x000000d68a300000,0x000000d68a400000) (1024K)]
  0x000002377443cba0 WorkerThread "GC Thread#2"                     [id=7188, stack(0x000000d68a400000,0x000000d68a500000) (1024K)]
  0x000002377443cf40 WorkerThread "GC Thread#3"                     [id=13068, stack(0x000000d68a500000,0x000000d68a600000) (1024K)]
  0x0000023774458fb0 WorkerThread "GC Thread#4"                     [id=332, stack(0x000000d68a600000,0x000000d68a700000) (1024K)]
  0x0000023774459350 WorkerThread "GC Thread#5"                     [id=5220, stack(0x000000d68a700000,0x000000d68a800000) (1024K)]
  0x00000237744596f0 WorkerThread "GC Thread#6"                     [id=9744, stack(0x000000d68a800000,0x000000d68a900000) (1024K)]
Total: 9

Threads with active compile tasks:
C1 CompilerThread0  7872 1473       3       java.lang.invoke.MemberName::isMethod (8 bytes)
C2 CompilerThread1  7872 1469       4       java.util.HashMap::computeIfAbsent (330 bytes)
C2 CompilerThread2  7872 1423       4       java.util.HashMap::put (13 bytes)
Total: 3

VM state: not at safepoint (normal execution)

VM Mutex/Monitor currently owned by a thread: None

Heap address: 0x0000000080000000, size: 2048 MB, Compressed Oops mode: 32-bit

CDS archive(s) mapped at: [0x000002372e000000-0x000002372eba0000-0x000002372eba0000), size 12189696, SharedBaseAddress: 0x000002372e000000, ArchiveRelocationMode: 1.
Compressed class space mapped at: 0x000002372f000000-0x000002376f000000, reserved size: 1073741824
Narrow klass base: 0x000002372e000000, Narrow klass shift: 0, Narrow klass range: 0x100000000

GC Precious Log:
 CardTable entry size: 512
 CPUs: 8 total, 8 available
 Memory: 16220M
 Large Page Support: Disabled
 NUMA Support: Disabled
 Compressed Oops: Enabled (32-bit)
 Alignments: Space 512K, Generation 512K, Heap 2M
 Heap Min Capacity: 100M
 Heap Initial Capacity: 100M
 Heap Max Capacity: 2G
 Pre-touch: Disabled
 Parallel Workers: 8

Heap:
 PSYoungGen      total 29696K, used 16595K [0x00000000d5580000, 0x00000000d7680000, 0x0000000100000000)
  eden space 25600K, 52% used [0x00000000d5580000,0x00000000d6280dd8,0x00000000d6e80000)
  from space 4096K, 80% used [0x00000000d6e80000,0x00000000d71b4148,0x00000000d7280000)
  to   space 4096K, 0% used [0x00000000d7280000,0x00000000d7280000,0x00000000d7680000)
 ParOldGen       total 68608K, used 0K [0x0000000080000000, 0x0000000084300000, 0x00000000d5580000)
  object space 68608K, 0% used [0x0000000080000000,0x0000000080000000,0x0000000084300000)
 Metaspace       used 6507K, committed 6784K, reserved 1114112K
  class space    used 663K, committed 832K, reserved 1048576K

Card table byte_map: [0x0000023716300000,0x0000023716710000] _byte_map_base: 0x0000023715f00000

Marking Bits: (ParMarkBitMap*) 0x00007fffe6042460
 Begin Bits: [0x0000023728e10000, 0x000002372ae10000)
 End Bits:   [0x000002372ae10000, 0x000002372ce10000)

Polling page: 0x0000023714750000

Metaspace:

Usage:
  Non-class:      5.71 MB used.
      Class:    663.85 KB used.
       Both:      6.36 MB used.

Virtual space:
  Non-class space:       64.00 MB reserved,       5.81 MB (  9%) committed,  1 nodes.
      Class space:        1.00 GB reserved,     832.00 KB ( <1%) committed,  1 nodes.
             Both:        1.06 GB reserved,       6.62 MB ( <1%) committed. 

Chunk freelists:
   Non-Class:  9.70 MB
       Class:  15.05 MB
        Both:  24.75 MB

MaxMetaspaceSize: unlimited
CompressedClassSpaceSize: 1.00 GB
Initial GC threshold: 21.00 MB
Current GC threshold: 21.00 MB
CDS: on
 - commit_granule_bytes: 65536.
 - commit_granule_words: 8192.
 - virtual_space_node_default_size: 8388608.
 - enlarge_chunks_in_place: 1.
 - use_allocation_guard: 0.


Internal statistics:

num_allocs_failed_limit: 0.
num_arena_births: 192.
num_arena_deaths: 0.
num_vsnodes_births: 2.
num_vsnodes_deaths: 0.
num_space_committed: 106.
num_space_uncommitted: 0.
num_chunks_returned_to_freelist: 0.
num_chunks_taken_from_freelist: 330.
num_chunk_merges: 0.
num_chunk_splits: 215.
num_chunks_enlarged: 137.
num_inconsistent_stats: 0.

CodeHeap 'non-profiled nmethods': size=120000Kb used=635Kb max_used=635Kb free=119364Kb
 bounds [0x0000023721630000, 0x00000237218a0000, 0x0000023728b60000]
CodeHeap 'profiled nmethods': size=120000Kb used=2509Kb max_used=2509Kb free=117490Kb
 bounds [0x0000023719b60000, 0x0000023719de0000, 0x0000023721090000]
CodeHeap 'non-nmethods': size=5760Kb used=1208Kb max_used=1247Kb free=4551Kb
 bounds [0x0000023721090000, 0x0000023721300000, 0x0000023721630000]
CodeCache: size=245760Kb, used=4352Kb, max_used=4391Kb, free=241405Kb
 total_blobs=1943, nmethods=1472, adapters=378, full_count=0
Compilation: enabled, stopped_count=0, restarted_count=0

Compilation events (20 events):
Event: 4.827 Thread 0x0000023716907900 nmethod 1443 0x0000023719dc7c90 code [0x0000023719dc7e20, 0x0000023719dc7f18]
Event: 4.827 Thread 0x0000023716907900 1444       3       org.eclipse.osgi.container.ModuleRevision$2::apply (9 bytes)
Event: 4.828 Thread 0x00000237168e3620 1447       4       java.util.HashMap::getNode (150 bytes)
Event: 4.828 Thread 0x0000023716907900 nmethod 1444 0x0000023719dc7f90 code [0x0000023719dc8140, 0x0000023719dc8378]
Event: 4.828 Thread 0x0000023716907900 1445       3       org.eclipse.osgi.container.ModuleRevision$2::apply (24 bytes)
Event: 4.828 Thread 0x0000023716907900 nmethod 1445 0x0000023719dc8490 code [0x0000023719dc8660, 0x0000023719dc8988]
Event: 4.828 Thread 0x0000023716907900 1446       3       org.eclipse.osgi.container.ModuleRequirement::<init> (32 bytes)
Event: 4.828 Thread 0x0000023716907900 nmethod 1446 0x0000023719dc8b10 code [0x0000023719dc8cc0, 0x0000023719dc8f00]
Event: 4.828 Thread 0x0000023716907900 1448       3       java.util.LinkedHashMap$LinkedValueIterator::next (8 bytes)
Event: 4.828 Thread 0x0000023716907900 nmethod 1448 0x0000023719dc9010 code [0x0000023719dc91c0, 0x0000023719dc9300]
Event: 4.828 Thread 0x0000023716907900 1449       3       org.eclipse.osgi.internal.container.NamespaceList$Builder$2::apply (9 bytes)
Event: 4.829 Thread 0x0000023716907900 nmethod 1449 0x0000023719dc9410 code [0x0000023719dc95e0, 0x0000023719dc9a50]
Event: 4.829 Thread 0x0000023716907900 1450       3       org.eclipse.osgi.internal.container.NamespaceList$Builder$2::apply (8 bytes)
Event: 4.829 Thread 0x0000023716907900 nmethod 1450 0x0000023719dc9c10 code [0x0000023719dc9de0, 0x0000023719dca0e0]
Event: 4.829 Thread 0x0000023716907900 1452       3       org.eclipse.osgi.internal.container.NamespaceList$Builder$8::apply (13 bytes)
Event: 4.830 Thread 0x0000023716907900 nmethod 1452 0x0000023719dca210 code [0x0000023719dca3e0, 0x0000023719dca730]
Event: 4.830 Thread 0x0000023716907900 1453       3       org.eclipse.osgi.internal.container.NamespaceList$Builder$8::apply (41 bytes)
Event: 4.830 Thread 0x0000023716907900 nmethod 1453 0x0000023719dca810 code [0x0000023719dca9e0, 0x0000023719dcacd8]
Event: 4.830 Thread 0x0000023716907900 1454       3       java.util.Collections$UnmodifiableRandomAccessList::subList (19 bytes)
Event: 6.838 Thread 0x0000023716907900 nmethod 1454 0x0000023719dcae90 code [0x0000023719dcb080, 0x0000023719dcb598]

GC Heap History (2 events):
Event: 2.068 GC heap before
{Heap before GC invocations=1 (full 0):
 PSYoungGen      total 29696K, used 25600K [0x00000000d5580000, 0x00000000d7680000, 0x0000000100000000)
  eden space 25600K, 100% used [0x00000000d5580000,0x00000000d6e80000,0x00000000d6e80000)
  from space 4096K, 0% used [0x00000000d7280000,0x00000000d7280000,0x00000000d7680000)
  to   space 4096K, 0% used [0x00000000d6e80000,0x00000000d6e80000,0x00000000d7280000)
 ParOldGen       total 68608K, used 0K [0x0000000080000000, 0x0000000084300000, 0x00000000d5580000)
  object space 68608K, 0% used [0x0000000080000000,0x0000000080000000,0x0000000084300000)
 Metaspace       used 4366K, committed 4608K, reserved 1114112K
  class space    used 474K, committed 576K, reserved 1048576K
}
Event: 2.094 GC heap after
{Heap after GC invocations=1 (full 0):
 PSYoungGen      total 29696K, used 3280K [0x00000000d5580000, 0x00000000d7680000, 0x0000000100000000)
  eden space 25600K, 0% used [0x00000000d5580000,0x00000000d5580000,0x00000000d6e80000)
  from space 4096K, 80% used [0x00000000d6e80000,0x00000000d71b4148,0x00000000d7280000)
  to   space 4096K, 0% used [0x00000000d7280000,0x00000000d7280000,0x00000000d7680000)
 ParOldGen       total 68608K, used 0K [0x0000000080000000, 0x0000000084300000, 0x00000000d5580000)
  object space 68608K, 0% used [0x0000000080000000,0x0000000080000000,0x0000000084300000)
 Metaspace       used 4366K, committed 4608K, reserved 1114112K
  class space    used 474K, committed 576K, reserved 1048576K
}

Dll operation events (8 events):
Event: 0.168 Loaded shared library c:\Users\huynh\.vscode\extensions\redhat.java-1.49.0-win32-x64\jre\21.0.9-win32-x86_64\bin\java.dll
Event: 0.204 Loaded shared library c:\Users\huynh\.vscode\extensions\redhat.java-1.49.0-win32-x64\jre\21.0.9-win32-x86_64\bin\zip.dll
Event: 0.283 Loaded shared library C:\Users\huynh\.vscode\extensions\redhat.java-1.49.0-win32-x64\jre\21.0.9-win32-x86_64\bin\instrument.dll
Event: 0.295 Loaded shared library C:\Users\huynh\.vscode\extensions\redhat.java-1.49.0-win32-x64\jre\21.0.9-win32-x86_64\bin\net.dll
Event: 0.303 Loaded shared library C:\Users\huynh\.vscode\extensions\redhat.java-1.49.0-win32-x64\jre\21.0.9-win32-x86_64\bin\nio.dll
Event: 0.308 Loaded shared library C:\Users\huynh\.vscode\extensions\redhat.java-1.49.0-win32-x64\jre\21.0.9-win32-x86_64\bin\zip.dll
Event: 0.369 Loaded shared library C:\Users\huynh\.vscode\extensions\redhat.java-1.49.0-win32-x64\jre\21.0.9-win32-x86_64\bin\jimage.dll
Event: 0.831 Loaded shared library c:\Users\huynh\.vscode\extensions\redhat.java-1.49.0-win32-x64\jre\21.0.9-win32-x86_64\bin\verify.dll

Deoptimization events (20 events):
Event: 2.171 Thread 0x0000023716964ec0 DEOPT PACKING pc=0x0000023721674654 sp=0x000000d6894fe580
Event: 2.171 Thread 0x0000023716964ec0 DEOPT UNPACKING pc=0x00000237210e3aa2 sp=0x000000d6894fe4c8 mode 2
Event: 2.441 Thread 0x0000023716964ec0 Uncommon trap: trap_request=0xffffff45 fr.pc=0x00000237216752fc relative=0x000000000000019c
Event: 2.441 Thread 0x0000023716964ec0 Uncommon trap: reason=unstable_if action=reinterpret pc=0x00000237216752fc method=java.lang.invoke.VarHandle.checkAccessModeThenIsDirect(Ljava/lang/invoke/VarHandle$AccessDescriptor;)Z @ 4 c2
Event: 2.441 Thread 0x0000023716964ec0 DEOPT PACKING pc=0x00000237216752fc sp=0x000000d6894fe530
Event: 2.441 Thread 0x0000023716964ec0 DEOPT UNPACKING pc=0x00000237210e3aa2 sp=0x000000d6894fe488 mode 2
Event: 3.593 Thread 0x0000023716964ec0 Uncommon trap: trap_request=0xffffff45 fr.pc=0x0000023721679380 relative=0x0000000000001140
Event: 3.593 Thread 0x0000023716964ec0 Uncommon trap: reason=unstable_if action=reinterpret pc=0x0000023721679380 method=lombok.patcher.PatchScript.classMatches(Ljava/lang/String;Ljava/util/Collection;)Z @ 25 c2
Event: 3.593 Thread 0x0000023716964ec0 DEOPT PACKING pc=0x0000023721679380 sp=0x000000d6894f8850
Event: 3.593 Thread 0x0000023716964ec0 DEOPT UNPACKING pc=0x00000237210e3aa2 sp=0x000000d6894f87b8 mode 2
Event: 3.599 Thread 0x0000023716964ec0 DEOPT PACKING pc=0x0000023719c0710d sp=0x000000d6894f7ca0
Event: 3.599 Thread 0x0000023716964ec0 DEOPT UNPACKING pc=0x00000237210e4242 sp=0x000000d6894f7150 mode 0
Event: 3.755 Thread 0x0000023716964ec0 Uncommon trap: trap_request=0xffffffc6 fr.pc=0x000002372166de04 relative=0x00000000000002c4
Event: 3.755 Thread 0x0000023716964ec0 Uncommon trap: reason=bimorphic_or_optimized_type_check action=maybe_recompile pc=0x000002372166de04 method=java.util.Collections$UnmodifiableCollection$1.next()Ljava/lang/Object; @ 4 c2
Event: 3.755 Thread 0x0000023716964ec0 DEOPT PACKING pc=0x000002372166de04 sp=0x000000d6894f82f0
Event: 3.755 Thread 0x0000023716964ec0 DEOPT UNPACKING pc=0x00000237210e3aa2 sp=0x000000d6894f82a0 mode 2
Event: 3.755 Thread 0x0000023716964ec0 Uncommon trap: trap_request=0xffffffc6 fr.pc=0x000002372166de04 relative=0x00000000000002c4
Event: 3.755 Thread 0x0000023716964ec0 Uncommon trap: reason=bimorphic_or_optimized_type_check action=maybe_recompile pc=0x000002372166de04 method=java.util.Collections$UnmodifiableCollection$1.next()Ljava/lang/Object; @ 4 c2
Event: 3.755 Thread 0x0000023716964ec0 DEOPT PACKING pc=0x000002372166de04 sp=0x000000d6894f82f0
Event: 3.755 Thread 0x0000023716964ec0 DEOPT UNPACKING pc=0x00000237210e3aa2 sp=0x000000d6894f82a0 mode 2

Classes loaded (20 events):
Event: 4.801 Loading class java/security/InvalidKeyException
Event: 4.801 Loading class java/security/KeyException
Event: 4.801 Loading class java/security/GeneralSecurityException
Event: 4.801 Loading class java/security/GeneralSecurityException done
Event: 4.801 Loading class java/security/KeyException done
Event: 4.801 Loading class java/security/InvalidKeyException done
Event: 4.801 Loading class java/security/SignatureException
Event: 4.801 Loading class java/security/SignatureException done
Event: 4.801 Loading class java/security/cert/CertificateException
Event: 4.801 Loading class java/security/cert/CertificateException done
Event: 4.801 Loading class java/security/NoSuchAlgorithmException
Event: 4.801 Loading class java/security/NoSuchAlgorithmException done
Event: 4.801 Loading class java/security/NoSuchProviderException
Event: 4.801 Loading class java/security/NoSuchProviderException done
Event: 4.822 Loading class java/util/Collections$UnmodifiableMap$UnmodifiableEntrySet
Event: 4.822 Loading class java/util/Collections$UnmodifiableMap$UnmodifiableEntrySet done
Event: 4.822 Loading class java/util/Collections$UnmodifiableMap$UnmodifiableEntrySet$1
Event: 4.822 Loading class java/util/Collections$UnmodifiableMap$UnmodifiableEntrySet$1 done
Event: 4.822 Loading class java/util/Collections$UnmodifiableMap$UnmodifiableEntrySet$UnmodifiableEntry
Event: 4.822 Loading class java/util/Collections$UnmodifiableMap$UnmodifiableEntrySet$UnmodifiableEntry done

Classes unloaded (0 events):
No events

Classes redefined (0 events):
No events

Internal exceptions (20 events):
Event: 1.226 Thread 0x0000023716964ec0 Exception <a 'java/io/FileNotFoundException'{0x00000000d64c19c0}> (0x00000000d64c19c0) 
thrown [s\src\hotspot\share\prims\jni.cpp, line 520]
Event: 1.227 Thread 0x0000023716964ec0 Exception <a 'java/io/FileNotFoundException'{0x00000000d64c2638}> (0x00000000d64c2638) 
thrown [s\src\hotspot\share\prims\jni.cpp, line 520]
Event: 1.227 Thread 0x0000023716964ec0 Exception <a 'java/io/FileNotFoundException'{0x00000000d64c3178}> (0x00000000d64c3178) 
thrown [s\src\hotspot\share\prims\jni.cpp, line 520]
Event: 1.232 Thread 0x0000023716964ec0 Implicit null exception at 0x00000237216639a4 to 0x0000023721663f70
Event: 1.235 Thread 0x0000023716964ec0 Exception <a 'java/io/FileNotFoundException'{0x00000000d64fb5c8}> (0x00000000d64fb5c8) 
thrown [s\src\hotspot\share\prims\jni.cpp, line 520]
Event: 1.407 Thread 0x0000023716964ec0 Exception <a 'java/lang/NoSuchMethodError'{0x00000000d6533638}: 'java.lang.Object java.lang.invoke.DirectMethodHandle$Holder.invokeInterface(java.lang.Object, java.lang.Object)'> (0x00000000d6533638) 
thrown [s\src\hotspot\share\interpreter\linkResolver.cpp, line 773]
Event: 1.416 Thread 0x0000023716964ec0 Exception <a 'java/lang/NoSuchMethodError'{0x00000000d6546f28}: 'java.lang.Object java.lang.invoke.Invokers$Holder.invokeExact_MT(java.lang.Object, java.lang.Object, java.lang.Object, java.lang.Object, java.lang.Object, java.lang.Object)'> (0x00000000d6546f28) 
thrown [s\src\hotspot\share\interpreter\linkResolver.cpp, line 773]
Event: 1.420 Thread 0x0000023716964ec0 Exception <a 'java/lang/NoSuchMethodError'{0x00000000d655e000}: 'int java.lang.invoke.DirectMethodHandle$Holder.invokeStatic(java.lang.Object, java.lang.Object, java.lang.Object, java.lang.Object, java.lang.Object)'> (0x00000000d655e000) 
thrown [s\src\hotspot\share\interpreter\linkResolver.cpp, line 773]
Event: 1.536 Thread 0x0000023716964ec0 Exception <a 'java/lang/NoSuchMethodError'{0x00000000d65f1748}: 'java.lang.Object java.lang.invoke.DirectMethodHandle$Holder.invokeInterface(java.lang.Object, java.lang.Object, int)'> (0x00000000d65f1748) 
thrown [s\src\hotspot\share\interpreter\linkResolver.cpp, line 773]
Event: 1.886 Thread 0x0000023716964ec0 Exception <a 'java/lang/NoSuchMethodError'{0x00000000d6a568b0}: 'java.lang.ClassLoader java.lang.ClassLoader.getPlatformClassLoader(java.lang.Class)'> (0x00000000d6a568b0) 
thrown [s\src\hotspot\share\interpreter\linkResolver.cpp, line 773]
Event: 2.003 Thread 0x0000023716964ec0 Exception <a 'java/lang/ClassNotFoundException'{0x00000000d6e71168}: sun/net/www/protocol/c/Handler> (0x00000000d6e71168) 
thrown [s\src\hotspot\share\classfile\systemDictionary.cpp, line 312]
Event: 2.003 Thread 0x0000023716964ec0 Exception <a 'java/lang/ClassNotFoundException'{0x00000000d6e72520}: sun/net/www/protocol/d/Handler> (0x00000000d6e72520) 
thrown [s\src\hotspot\share\classfile\systemDictionary.cpp, line 312]
Event: 2.003 Thread 0x0000023716964ec0 Exception <a 'java/lang/ClassNotFoundException'{0x00000000d6e73730}: sun/net/www/protocol/c/Handler> (0x00000000d6e73730) 
thrown [s\src\hotspot\share\classfile\systemDictionary.cpp, line 312]
Event: 2.101 Thread 0x0000023716964ec0 Exception <a 'java/io/FileNotFoundException'{0x00000000d5598448}> (0x00000000d5598448) 
thrown [s\src\hotspot\share\prims\jni.cpp, line 520]
Event: 2.169 Thread 0x0000023716964ec0 Implicit null exception at 0x000002372168adc9 to 0x000002372168b78c
Event: 2.169 Thread 0x0000023716964ec0 Implicit null exception at 0x000002372169109a to 0x00000237216912b8
Event: 2.170 Thread 0x0000023716964ec0 Exception <a 'java/lang/NoSuchMethodError'{0x00000000d56c7b28}: 'void java.lang.invoke.DirectMethodHandle$Holder.invokeStatic(java.lang.Object, java.lang.Object, java.lang.Object, java.lang.Object)'> (0x00000000d56c7b28) 
thrown [s\src\hotspot\share\interpreter\linkResolver.cpp, line 773]
Event: 2.170 Thread 0x0000023716964ec0 Implicit null exception at 0x0000023721692b9a to 0x0000023721692dbc
Event: 2.171 Thread 0x0000023716964ec0 Implicit null exception at 0x000002372168edc0 to 0x000002372168ee45
Event: 2.458 Thread 0x0000023716964ec0 Exception <a 'java/lang/NoSuchMethodError'{0x00000000d597cb28}: 'void java.lang.invoke.DirectMethodHandle$Holder.invokeSpecial(java.lang.Object, java.lang.Object, java.lang.Object)'> (0x00000000d597cb28) 
thrown [s\src\hotspot\share\interpreter\linkResolver.cpp, line 773]

ZGC Phase Switch (0 events):
No events

VM Operations (19 events):
Event: 0.253 Executing VM operation: HandshakeAllThreads (Deoptimize)
Event: 0.253 Executing VM operation: HandshakeAllThreads (Deoptimize) done
Event: 0.424 Executing VM operation: HandshakeAllThreads (Deoptimize)
Event: 0.424 Executing VM operation: HandshakeAllThreads (Deoptimize) done
Event: 1.158 Executing VM operation: HandshakeAllThreads (Deoptimize)
Event: 1.158 Executing VM operation: HandshakeAllThreads (Deoptimize) done
Event: 1.172 Executing VM operation: HandshakeAllThreads (Deoptimize)
Event: 1.172 Executing VM operation: HandshakeAllThreads (Deoptimize) done
Event: 1.973 Executing VM operation: ICBufferFull
Event: 1.973 Executing VM operation: ICBufferFull done
Event: 1.983 Executing VM operation: HandshakeAllThreads (Deoptimize)
Event: 1.983 Executing VM operation: HandshakeAllThreads (Deoptimize) done
Event: 2.068 Executing VM operation: ParallelGCFailedAllocation (Allocation Failure)
Event: 2.094 Executing VM operation: ParallelGCFailedAllocation (Allocation Failure) done
Event: 3.097 Executing VM operation: Cleanup
Event: 3.545 Executing VM operation: Cleanup done
Event: 4.557 Executing VM operation: Cleanup
Event: 4.791 Executing VM operation: Cleanup done
Event: 5.806 Executing VM operation: Cleanup

Memory protections (0 events):
No events

Nmethod flushes (0 events):
No events

Events (19 events):
Event: 0.189 Thread 0x0000023716964ec0 Thread added: 0x0000023716964ec0
Event: 0.213 Thread 0x0000023716964ec0 Thread added: 0x0000023716a1bc30
Event: 0.213 Thread 0x0000023716964ec0 Thread added: 0x0000023716a1e200
Event: 0.214 Thread 0x0000023716964ec0 Thread added: 0x00000237168d69e0
Event: 0.214 Thread 0x0000023716964ec0 Thread added: 0x00000237168d89f0
Event: 0.214 Thread 0x0000023716964ec0 Thread added: 0x00000237168dcff0
Event: 0.214 Thread 0x0000023716964ec0 Thread added: 0x00000237168dd680
Event: 0.214 Thread 0x0000023716964ec0 Thread added: 0x00000237168e3620
Event: 0.214 Thread 0x0000023716964ec0 Thread added: 0x0000023716907900
Event: 0.287 Thread 0x0000023716964ec0 Thread added: 0x00000237168ddd10
Event: 0.980 Thread 0x0000023716964ec0 Thread added: 0x00000237168de3a0
Event: 1.101 Thread 0x00000237168e3620 Thread added: 0x000002376fe1e6b0
Event: 1.146 Thread 0x0000023716907900 Thread added: 0x00000237740f2680
Event: 1.348 Thread 0x00000237740f2680 Thread exited: 0x00000237740f2680
Event: 1.725 Thread 0x000002376fe1e6b0 Thread exited: 0x000002376fe1e6b0
Event: 1.772 Thread 0x0000023716907900 Thread added: 0x000002376ff01770
Event: 2.101 Thread 0x000002376ff01770 Thread exited: 0x000002376ff01770
Event: 2.509 Thread 0x0000023716907900 Thread added: 0x00000237745dd570
Event: 2.515 Thread 0x00000237168e3620 Thread added: 0x0000023774610450


Dynamic libraries:
0x00007ff78fd10000 - 0x00007ff78fd1e000 	c:\Users\huynh\.vscode\extensions\redhat.java-1.49.0-win32-x64\jre\21.0.9-win32-x86_64\bin\java.exe
0x00007ff8ae960000 - 0x00007ff8aebc8000 	C:\WINDOWS\SYSTEM32\ntdll.dll
0x00007ff8ad220000 - 0x00007ff8ad2e9000 	C:\WINDOWS\System32\KERNEL32.DLL
0x00007ff8abee0000 - 0x00007ff8ac2d8000 	C:\WINDOWS\System32\KERNELBASE.dll
0x00007ff8ac2e0000 - 0x00007ff8ac42b000 	C:\WINDOWS\System32\ucrtbase.dll
0x00007ff887750000 - 0x00007ff887768000 	c:\Users\huynh\.vscode\extensions\redhat.java-1.49.0-win32-x64\jre\21.0.9-win32-x86_64\bin\jli.dll
0x00007ff8ac9c0000 - 0x00007ff8acb87000 	C:\WINDOWS\System32\USER32.dll
0x00007ff8ac610000 - 0x00007ff8ac637000 	C:\WINDOWS\System32\win32u.dll
0x00007ff8acba0000 - 0x00007ff8acbcb000 	C:\WINDOWS\System32\GDI32.dll
0x00007ff8ac4e0000 - 0x00007ff8ac60c000 	C:\WINDOWS\System32\gdi32full.dll
0x00007ff8ac430000 - 0x00007ff8ac4d3000 	C:\WINDOWS\System32\msvcp_win.dll
0x00007ff88af60000 - 0x00007ff88af7e000 	c:\Users\huynh\.vscode\extensions\redhat.java-1.49.0-win32-x64\jre\21.0.9-win32-x86_64\bin\VCRUNTIME140.dll
0x00007ff895ef0000 - 0x00007ff896184000 	C:\WINDOWS\WinSxS\amd64_microsoft.windows.common-controls_6595b64144ccf1df_6.0.26100.7019_none_3e06ffa0e335b8a8\COMCTL32.dll
0x00007ff8ad680000 - 0x00007ff8ad729000 	C:\WINDOWS\System32\msvcrt.dll
0x00007ff8ac810000 - 0x00007ff8ac841000 	C:\WINDOWS\System32\IMM32.DLL
0x00007ff8a4520000 - 0x00007ff8a452c000 	c:\Users\huynh\.vscode\extensions\redhat.java-1.49.0-win32-x64\jre\21.0.9-win32-x86_64\bin\vcruntime140_1.dll
0x00007ff882340000 - 0x00007ff8823cd000 	c:\Users\huynh\.vscode\extensions\redhat.java-1.49.0-win32-x64\jre\21.0.9-win32-x86_64\bin\msvcp140.dll
0x00007fffe5380000 - 0x00007fffe6120000 	c:\Users\huynh\.vscode\extensions\redhat.java-1.49.0-win32-x64\jre\21.0.9-win32-x86_64\bin\server\jvm.dll
0x00007ff8ae810000 - 0x00007ff8ae8c4000 	C:\WINDOWS\System32\ADVAPI32.dll
0x00007ff8ae760000 - 0x00007ff8ae806000 	C:\WINDOWS\System32\sechost.dll
0x00007ff8ae5d0000 - 0x00007ff8ae6e8000 	C:\WINDOWS\System32\RPCRT4.dll
0x00007ff8ae420000 - 0x00007ff8ae494000 	C:\WINDOWS\System32\WS2_32.dll
0x00007ff8ab910000 - 0x00007ff8ab96e000 	C:\WINDOWS\SYSTEM32\POWRPROF.dll
0x00007ff89a7a0000 - 0x00007ff89a7d5000 	C:\WINDOWS\SYSTEM32\WINMM.dll
0x00007ff8a2f20000 - 0x00007ff8a2f2b000 	C:\WINDOWS\SYSTEM32\VERSION.dll
0x00007ff8ab8f0000 - 0x00007ff8ab904000 	C:\WINDOWS\SYSTEM32\UMPDC.dll
0x00007ff8aa840000 - 0x00007ff8aa85b000 	C:\WINDOWS\SYSTEM32\kernel.appcore.dll
0x00007ff8983c0000 - 0x00007ff8983ca000 	c:\Users\huynh\.vscode\extensions\redhat.java-1.49.0-win32-x64\jre\21.0.9-win32-x86_64\bin\jimage.dll
0x00007ff8a91b0000 - 0x00007ff8a93f2000 	C:\WINDOWS\SYSTEM32\DBGHELP.DLL
0x00007ff8ad2f0000 - 0x00007ff8ad67b000 	C:\WINDOWS\System32\combase.dll
0x00007ff8ad010000 - 0x00007ff8ad0e7000 	C:\WINDOWS\System32\OLEAUT32.dll
0x00007ff8945b0000 - 0x00007ff8945ec000 	C:\WINDOWS\SYSTEM32\dbgcore.DLL
0x00007ff8abda0000 - 0x00007ff8abe45000 	C:\WINDOWS\System32\bcryptPrimitives.dll
0x00007ff8945f0000 - 0x00007ff8945ff000 	c:\Users\huynh\.vscode\extensions\redhat.java-1.49.0-win32-x64\jre\21.0.9-win32-x86_64\bin\instrument.dll
0x00007ff88f7c0000 - 0x00007ff88f7e0000 	c:\Users\huynh\.vscode\extensions\redhat.java-1.49.0-win32-x64\jre\21.0.9-win32-x86_64\bin\java.dll
0x00007ff8ad830000 - 0x00007ff8adf7f000 	C:\WINDOWS\System32\SHELL32.dll
0x00007ff8abab0000 - 0x00007ff8abc1b000 	C:\WINDOWS\System32\wintypes.dll
0x00007ff8a96b0000 - 0x00007ff8a9f0d000 	C:\WINDOWS\SYSTEM32\windows.storage.dll
0x00007ff8ad730000 - 0x00007ff8ad822000 	C:\WINDOWS\System32\SHCORE.dll
0x00007ff8ae6f0000 - 0x00007ff8ae757000 	C:\WINDOWS\System32\shlwapi.dll
0x00007ff8ab9d0000 - 0x00007ff8ab9f9000 	C:\WINDOWS\SYSTEM32\profapi.dll
0x00007ff882af0000 - 0x00007ff882b08000 	c:\Users\huynh\.vscode\extensions\redhat.java-1.49.0-win32-x64\jre\21.0.9-win32-x86_64\bin\zip.dll
0x00007ff894cb0000 - 0x00007ff894cc0000 	C:\Users\huynh\.vscode\extensions\redhat.java-1.49.0-win32-x64\jre\21.0.9-win32-x86_64\bin\net.dll
0x00007ff8a4970000 - 0x00007ff8a4a98000 	C:\WINDOWS\SYSTEM32\WINHTTP.dll
0x00007ff8aade0000 - 0x00007ff8aae4b000 	C:\WINDOWS\system32\mswsock.dll
0x00007ff882990000 - 0x00007ff8829a6000 	C:\Users\huynh\.vscode\extensions\redhat.java-1.49.0-win32-x64\jre\21.0.9-win32-x86_64\bin\nio.dll
0x00007ff894550000 - 0x00007ff894560000 	c:\Users\huynh\.vscode\extensions\redhat.java-1.49.0-win32-x64\jre\21.0.9-win32-x86_64\bin\verify.dll

JVMTI agents:
c:\Users\huynh\.vscode\extensions\redhat.java-1.49.0-win32-x64\lombok\lombok-1.18.39-4050.jar path:c:\Users\huynh\.vscode\extensions\redhat.java-1.49.0-win32-x64\jre\21.0.9-win32-x86_64\bin\instrument.dll, loaded, initialized, instrumentlib options:none

dbghelp: loaded successfully - version: 4.0.5 - missing functions: none
symbol engine: initialized successfully - sym options: 0x614 - pdb path: .;c:\Users\huynh\.vscode\extensions\redhat.java-1.49.0-win32-x64\jre\21.0.9-win32-x86_64\bin;C:\WINDOWS\SYSTEM32;C:\WINDOWS\WinSxS\amd64_microsoft.windows.common-controls_6595b64144ccf1df_6.0.26100.7019_none_3e06ffa0e335b8a8;c:\Users\huynh\.vscode\extensions\redhat.java-1.49.0-win32-x64\jre\21.0.9-win32-x86_64\bin\server

VM Arguments:
jvm_args: --add-modules=ALL-SYSTEM --add-opens=java.base/java.util=ALL-UNNAMED --add-opens=java.base/java.lang=ALL-UNNAMED --add-opens=java.base/sun.nio.fs=ALL-UNNAMED -Declipse.application=org.eclipse.jdt.ls.core.id1 -Dosgi.bundles.defaultStartLevel=4 -Declipse.product=org.eclipse.jdt.ls.core.product -Djava.import.generatesMetadataFilesAtProjectRoot=false -DDetectVMInstallationsJob.disabled=true -Dfile.encoding=utf8 -XX:+UseParallelGC -XX:GCTimeRatio=4 -XX:AdaptiveSizePolicyWeight=90 -Dsun.zip.disableMemoryMapping=true -Xmx2G -Xms100m -Xlog:disable -javaagent:c:\Users\huynh\.vscode\extensions\redhat.java-1.49.0-win32-x64\lombok\lombok-1.18.39-4050.jar 
java_command: c:\Users\huynh\.vscode\extensions\redhat.java-1.49.0-win32-x64\server\plugins\org.eclipse.equinox.launcher_1.7.100.v20251111-0406.jar -configuration c:\Users\huynh\AppData\Roaming\Code\User\globalStorage\redhat.java\1.49.0\config_ss_win -data c:\Users\huynh\AppData\Roaming\Code\User\workspaceStorage\3e88a0bc19544d9869e0b811d00487ae\redhat.java\ss_ws --pipe=\\.\pipe\lsp-b63953e34a276bd7056394a58ef7fa00-sock
java_class_path (initial): c:\Users\huynh\.vscode\extensions\redhat.java-1.49.0-win32-x64\server\plugins\org.eclipse.equinox.launcher_1.7.100.v20251111-0406.jar
Launcher Type: SUN_STANDARD

[Global flags]
    uintx AdaptiveSizePolicyWeight                 = 90                                        {product} {command line}
     intx CICompilerCount                          = 4                                         {product} {ergonomic}
    uintx GCTimeRatio                              = 4                                         {product} {command line}
   size_t InitialHeapSize                          = 104857600                                 {product} {command line}
   size_t MaxHeapSize                              = 2147483648                                {product} {command line}
   size_t MaxNewSize                               = 715653120                                 {product} {ergonomic}
   size_t MinHeapDeltaBytes                        = 524288                                    {product} {ergonomic}
   size_t MinHeapSize                              = 104857600                                 {product} {command line}
   size_t NewSize                                  = 34603008                                  {product} {ergonomic}
    uintx NonNMethodCodeHeapSize                   = 5839372                                {pd product} {ergonomic}
    uintx NonProfiledCodeHeapSize                  = 122909434                              {pd product} {ergonomic}
   size_t OldSize                                  = 70254592                                  {product} {ergonomic}
    uintx ProfiledCodeHeapSize                     = 122909434                              {pd product} {ergonomic}
    uintx ReservedCodeCacheSize                    = 251658240                              {pd product} {ergonomic}
     bool SegmentedCodeCache                       = true                                      {product} {ergonomic}
   size_t SoftMaxHeapSize                          = 2147483648                             {manageable} {ergonomic}
     bool UseCompressedOops                        = true                           {product lp64_product} {ergonomic}
     bool UseLargePagesIndividualAllocation        = false                                  {pd product} {ergonomic}
     bool UseParallelGC                            = true                                      {product} {command line}

Logging:
Log output configuration:
 #0: stdout all=off uptime,level,tags foldmultilines=false
 #1: stderr all=off uptime,level,tags foldmultilines=false

Release file:
JAVA_VERSION="21.0.9" 
MODULES="java.base java.compiler java.datatransfer java.xml java.prefs java.desktop java.instrument java.logging java.management java.security.sasl java.naming java.rmi java.management.rmi java.net.http java.scripting java.security.jgss java.transaction.xa java.sql java.sql.rowset java.xml.crypto java.se java.smartcardio jdk.accessibility jdk.internal.jvmstat jdk.attach jdk.charsets jdk.internal.opt jdk.zipfs jdk.compiler jdk.crypto.ec jdk.crypto.cryptoki jdk.crypto.mscapi jdk.dynalink jdk.internal.ed jdk.editpad jdk.hotspot.agent jdk.httpserver jdk.internal.le jdk.internal.vm.ci jdk.internal.vm.compiler jdk.internal.vm.compiler.management jdk.jartool jdk.javadoc jdk.jcmd jdk.management jdk.management.agent jdk.jconsole jdk.jdeps jdk.jdwp.agent jdk.jdi jdk.jfr jdk.jshell jdk.jsobject jdk.jstatd jdk.localedata jdk.management.jfr jdk.naming.dns jdk.naming.rmi jdk.net jdk.nio.mapmode jdk.random jdk.sctp jdk.security.auth jdk.security.jgss jdk.unsupported jdk.unsupported.desktop jdk.xml.dom" 

Environment Variables:
PATH=D:\Program Files (x86)\VMware\VMware Workstation\bin\;C:\Program Files\OpenLogic\jdk-17.0.14.7-hotspot\bin;C:\Program Files\Eclipse Adoptium\jdk-21.0.6.7-hotspot\bin;C:\Program Files\PlasticSCM5\server;C:\Program Files\PlasticSCM5\client;C:\Program Files (x86)\Common Files\Oracle\Java\javapath;C:\Windows\system32;C:\Windows;C:\Windows\System32\Wbem;C:\Windows\System32\WindowsPowerShell\v1.0\;C:\Windows\System32\OpenSSH\;C:\msys64\mingw64\bin;C:\Program Files (x86)\NVIDIA Corporation\PhysX\Common;C:\Program Files\NVIDIA Corporation\NVIDIA NvDLISR;C:\Users\huynh\AppData\Local\Microsoft\WindowsApps;C:\adb;C:\Program Files (x86)\Windows Kits\10\Windows Performance Toolkit\;C:\Program Files\dotnet\;C:\Program Files (x86)\Microsoft SQL Server\160\Tools\Binn\;C:\Program Files\Microsoft SQL Server\160\Tools\Binn\;C:\Program Files\Microsoft SQL Server\Client SDK\ODBC\170\Tools\Binn\;C:\Program Files\Microsoft SQL Server\160\DTS\Binn\;C:\Program Files\Git\cmd;C:\WINDOWS\system32;C:\WINDOWS;C:\WINDOWS\System32\Wbem;C:\WINDOWS\System32\WindowsPowerShell\v1.0\;C:\WINDOWS\System32\OpenSSH\;C:\Program Files\Cloudflare\Cloudflare WARP\;C:\Program Files\Docker\Docker\resources\bin;C:\Program Files (x86)\cloudflared\;E:\Program Files\nodejs\;C:\Program Files\cursor\resources\app\bin;C:\Users\huynh\AppData\Local\Programs\Python\Python310\Scripts\;C:\Users\huynh\AppData\Local\Programs\Python\Python310\;C:\Program Files\OpenLogic\jdk-17.0.14.7-hotspot\bin;C:\Program Files\Eclipse Adoptium\jdk-21.0.6.7-hotspot\bin;C:\Program Files\PlasticSCM5\server;C:\Program Files\PlasticSCM5\client;C:\Program Files (x86)\Common Files\Oracle\Java\javapath;C:\Windows;C:\msys64\mingw64\bin;C:\Users\huynh\AppData\Local\Microsoft\WindowsApps;C:\adb;C:\Program Files (x86)\Windows Kits\10\Windows Performance Toolkit\;C:\Program Files\dotnet\;C:\Program Files (x86)\Microsoft SQL Server\160\Tools\Binn\;C:\Program Files\Microsoft SQL Server\160\Tools\Binn\;C:\Program Files\Microsoft SQL Server\Client SDK\ODBC\170\Tools\Binn\;C:\Program Files\Microsoft SQL Server\160\DTS\Binn\;C:\Program Files\Git\cmd;C:\flutter\bin;C:\Users\huynh\AppData\Local\Programs\MiKTeX\miktex\bin\x64;C:\Users\huynh\AppData\Local\Programs\Python\Python310;D:\ngrok-v3-stable-windows-amd64;C:\Users\huynh\AppData\Local\Programs\Microsoft VS Code\bin;C:\Users\huynh\AppData\Local\Pub\Cache\bin;C:\Users\huynh\AppData\Local\GitHubDesktop\bin;C:\platform-tools-latest-windows\platform-tools;D:\payload-dumper-go_1.3.0_windows_amd64;D:\Program Files\JetBrains\WebStorm 2025.1.3\bin;;C:\Program Files\MongoDB\Server\8.0\bin;C:\Users\huynh\AppData\Roaming\npm
USERNAME=huynh
OS=Windows_NT
PROCESSOR_IDENTIFIER=Intel64 Family 6 Model 165 Stepping 2, GenuineIntel
TMP=C:\Temp
TEMP=C:\Temp




Periodic native trim disabled

---------------  S Y S T E M  ---------------

OS:
 Windows 11 , 64 bit Build 26100 (10.0.26100.7019)
OS uptime: 0 days 3:20 hours
Hyper-V role detected

CPU: total 8 (initial active 8) (4 cores per cpu, 2 threads per core) family 6 model 165 stepping 2 microcode 0xe0, cx8, cmov, fxsr, ht, mmx, 3dnowpref, sse, sse2, sse3, ssse3, sse4.1, sse4.2, popcnt, lzcnt, tsc, tscinvbit, avx, avx2, aes, erms, clmul, bmi1, bmi2, adx, fma, vzeroupper, clflush, clflushopt, hv, rdtscp, f16c
Processor Information for the first 8 processors :
  Max Mhz: 2496, Current Mhz: 2496, Mhz Limit: 2496

Memory: 4k page, system-wide physical 16220M (2308M free)
TotalPageFile size 20316M (AvailPageFile size 22M)
current process WorkingSet (physical memory assigned to process): 85M, peak: 88M
current process commit charge ("private bytes"): 237M, peak: 240M

vm_info: OpenJDK 64-Bit Server VM (21.0.9+10-LTS) for windows-amd64 JRE (21.0.9+10-LTS), built on 2025-10-21T00:00:00Z by "admin" with unknown MS VC++:1942

END.
