#
# There is insufficient memory for the Java Runtime Environment to continue.
# Native memory allocation (malloc) failed to allocate 267296 bytes. Error detail: Chunk::new
# Possible reasons:
#   The system is out of physical RAM or swap space
#   This process is running with CompressedOops enabled, and the Java Heap may be blocking the growth of the native heap
# Possible solutions:
#   Reduce memory load on the system
#   Increase physical memory or swap space
#   Check if swap backing store is full
#   Decrease Java heap size (-Xmx/-Xms)
#   Decrease number of Java threads
#   Decrease Java thread stack sizes (-Xss)
#   Set larger code cache with -XX:ReservedCodeCacheSize=
#   JVM is running with Unscaled Compressed Oops mode in which the Java heap is
#     placed in the first 4GB address space. The Java Heap base address is the
#     maximum limit for the native heap growth. Please use -XX:HeapBaseMinAddress
#     to set the Java Heap base and to place the Java Heap above 4GB virtual address.
# This output file may be truncated or incomplete.
#
#  Out of Memory Error (arena.cpp:168), pid=24936, tid=3680
#
# JRE version: OpenJDK Runtime Environment Temurin-21.0.9+10 (21.0.9+10) (build 21.0.9+10-LTS)
# Java VM: OpenJDK 64-Bit Server VM Temurin-21.0.9+10 (21.0.9+10-LTS, mixed mode, sharing, tiered, compressed oops, compressed class ptrs, parallel gc, windows-amd64)
# No core dump will be written. Minidumps are not enabled by default on client versions of Windows
#

---------------  S U M M A R Y ------------

Command Line: --add-modules=ALL-SYSTEM --add-opens=java.base/java.util=ALL-UNNAMED --add-opens=java.base/java.lang=ALL-UNNAMED --add-opens=java.base/sun.nio.fs=ALL-UNNAMED -Declipse.application=org.eclipse.jdt.ls.core.id1 -Dosgi.bundles.defaultStartLevel=4 -Declipse.product=org.eclipse.jdt.ls.core.product -Djava.import.generatesMetadataFilesAtProjectRoot=false -DDetectVMInstallationsJob.disabled=true -Dfile.encoding=utf8 -XX:+UseParallelGC -XX:GCTimeRatio=4 -XX:AdaptiveSizePolicyWeight=90 -Dsun.zip.disableMemoryMapping=true -Xmx2G -Xms100m -Xlog:disable -javaagent:c:\Users\huynh\.vscode\extensions\redhat.java-1.49.0-win32-x64\lombok\lombok-1.18.39-4050.jar -XX:+HeapDumpOnOutOfMemoryError -XX:HeapDumpPath=c:\Users\huynh\AppData\Roaming\Code\User\workspaceStorage\73b60d98252cc9e3b06d9c2d64267252\redhat.java -Daether.dependencyCollector.impl=bf c:\Users\huynh\.vscode\extensions\redhat.java-1.49.0-win32-x64\server\plugins\org.eclipse.equinox.launcher_1.7.100.v20251111-0406.jar -configuration c:\Users\huynh\AppData\Roaming\Code\User\globalStorage\redhat.java\1.49.0\config_win -data c:\Users\huynh\AppData\Roaming\Code\User\workspaceStorage\73b60d98252cc9e3b06d9c2d64267252\redhat.java\jdt_ws --pipe=\\.\pipe\lsp-fa0fc7da595e1f8ed5debf85410ffd6f-sock

Host: Intel(R) Core(TM) i5-10300H CPU @ 2.50GHz, 8 cores, 15G,  Windows 11 , 64 bit Build 26100 (10.0.26100.7019)
Time: Tue Nov 25 13:13:40 2025 SE Asia Standard Time elapsed time: 21.289211 seconds (0d 0h 0m 21s)

---------------  T H R E A D  ---------------

Current thread (0x00000220407ee4e0):  JavaThread "C2 CompilerThread0" daemon [_thread_in_native, id=3680, stack(0x000000c2abc00000,0x000000c2abd00000) (1024K)]


Current CompileTask:
C2:21289 2097 %     4       org.eclipse.osgi.util.ManifestElement::readLine @ 0 (122 bytes)

Stack: [0x000000c2abc00000,0x000000c2abd00000]
Native frames: (J=compiled Java code, j=interpreted, Vv=VM code, C=native code)
V  [jvm.dll+0x6d6e29]
V  [jvm.dll+0x8b4b76]
V  [jvm.dll+0x8b712e]
V  [jvm.dll+0x8b7813]
V  [jvm.dll+0x283d86]
V  [jvm.dll+0xc66ed]
V  [jvm.dll+0xc6c31]
V  [jvm.dll+0x2facee]
V  [jvm.dll+0x5fde44]
V  [jvm.dll+0x255557]
V  [jvm.dll+0x25591d]
V  [jvm.dll+0x24df40]
V  [jvm.dll+0x24b482]
V  [jvm.dll+0x1cb13e]
V  [jvm.dll+0x25b29d]
V  [jvm.dll+0x25982a]
V  [jvm.dll+0x3f7ea6]
V  [jvm.dll+0x85e9ad]
V  [jvm.dll+0x6d565d]
C  [ucrtbase.dll+0x37b0]
C  [KERNEL32.DLL+0x2e8d7]
C  [ntdll.dll+0x8c53c]


---------------  P R O C E S S  ---------------

Threads class SMR info:
_java_thread_list=0x000002209e322e90, length=15, elements={
0x0000022040871ae0, 0x000002204092c110, 0x000002204092e2c0, 0x00000220407e5920,
0x00000220407e8820, 0x00000220407eac50, 0x00000220407ed6b0, 0x00000220407ee4e0,
0x0000022099b23990, 0x0000022099cbf9e0, 0x0000022099de4180, 0x000002209e4f75e0,
0x000002209e4a5670, 0x000002209e4a5cd0, 0x000002209e85ed60
}

Java Threads: ( => current thread )
  0x0000022040871ae0 JavaThread "main"                              [_thread_blocked, id=11716, stack(0x000000c2ab200000,0x000000c2ab300000) (1024K)]
  0x000002204092c110 JavaThread "Reference Handler"          daemon [_thread_blocked, id=20432, stack(0x000000c2ab600000,0x000000c2ab700000) (1024K)]
  0x000002204092e2c0 JavaThread "Finalizer"                  daemon [_thread_blocked, id=12808, stack(0x000000c2ab700000,0x000000c2ab800000) (1024K)]
  0x00000220407e5920 JavaThread "Signal Dispatcher"          daemon [_thread_blocked, id=10272, stack(0x000000c2ab800000,0x000000c2ab900000) (1024K)]
  0x00000220407e8820 JavaThread "Attach Listener"            daemon [_thread_blocked, id=13272, stack(0x000000c2ab900000,0x000000c2aba00000) (1024K)]
  0x00000220407eac50 JavaThread "Service Thread"             daemon [_thread_blocked, id=5940, stack(0x000000c2aba00000,0x000000c2abb00000) (1024K)]
  0x00000220407ed6b0 JavaThread "Monitor Deflation Thread"   daemon [_thread_blocked, id=25352, stack(0x000000c2abb00000,0x000000c2abc00000) (1024K)]
=>0x00000220407ee4e0 JavaThread "C2 CompilerThread0"         daemon [_thread_in_native, id=3680, stack(0x000000c2abc00000,0x000000c2abd00000) (1024K)]
  0x0000022099b23990 JavaThread "C1 CompilerThread0"         daemon [_thread_blocked, id=11136, stack(0x000000c2abd00000,0x000000c2abe00000) (1024K)]
  0x0000022099cbf9e0 JavaThread "Common-Cleaner"             daemon [_thread_blocked, id=19372, stack(0x000000c2abf00000,0x000000c2ac000000) (1024K)]
  0x0000022099de4180 JavaThread "Notification Thread"        daemon [_thread_blocked, id=1964, stack(0x000000c2abe00000,0x000000c2abf00000) (1024K)]
  0x000002209e4f75e0 JavaThread "Active Thread: Equinox Container: 641305f3-6c94-481e-9069-2f16b03cf18d"        [_thread_blocked, id=14664, stack(0x000000c2ac700000,0x000000c2ac800000) (1024K)]
  0x000002209e4a5670 JavaThread "Refresh Thread: Equinox Container: 641305f3-6c94-481e-9069-2f16b03cf18d" daemon [_thread_blocked, id=19752, stack(0x000000c2ac000000,0x000000c2ac100000) (1024K)]
  0x000002209e4a5cd0 JavaThread "Framework Event Dispatcher: Equinox Container: 641305f3-6c94-481e-9069-2f16b03cf18d" daemon [_thread_blocked, id=1852, stack(0x000000c2ac900000,0x000000c2aca00000) (1024K)]
  0x000002209e85ed60 JavaThread "Start Level: Equinox Container: 641305f3-6c94-481e-9069-2f16b03cf18d" daemon [_thread_in_native, id=6940, stack(0x000000c2aca00000,0x000000c2acb00000) (1024K)]
Total: 15

Other Threads:
  0x000002204090e9a0 VMThread "VM Thread"                           [id=21484, stack(0x000000c2ab500000,0x000000c2ab600000) (1024K)]
  0x00000220406fca00 WatcherThread "VM Periodic Task Thread"        [id=24836, stack(0x000000c2ab400000,0x000000c2ab500000) (1024K)]
  0x000002204088fa80 WorkerThread "GC Thread#0"                     [id=4464, stack(0x000000c2ab300000,0x000000c2ab400000) (1024K)]
  0x000002209e06ee60 WorkerThread "GC Thread#1"                     [id=25044, stack(0x000000c2ac100000,0x000000c2ac200000) (1024K)]
  0x000002209e20e540 WorkerThread "GC Thread#2"                     [id=26612, stack(0x000000c2ac200000,0x000000c2ac300000) (1024K)]
  0x000002209e20e8e0 WorkerThread "GC Thread#3"                     [id=26296, stack(0x000000c2ac300000,0x000000c2ac400000) (1024K)]
  0x000002209e06f600 WorkerThread "GC Thread#4"                     [id=25160, stack(0x000000c2ac400000,0x000000c2ac500000) (1024K)]
  0x000002209e06f9a0 WorkerThread "GC Thread#5"                     [id=16976, stack(0x000000c2ac500000,0x000000c2ac600000) (1024K)]
  0x000002209e4f7dc0 WorkerThread "GC Thread#6"                     [id=22428, stack(0x000000c2ac600000,0x000000c2ac700000) (1024K)]
  0x000002209e74ea90 WorkerThread "GC Thread#7"                     [id=24176, stack(0x000000c2ac800000,0x000000c2ac900000) (1024K)]
Total: 10

Threads with active compile tasks:
C2 CompilerThread0  21306 2097 %     4       org.eclipse.osgi.util.ManifestElement::readLine @ 0 (122 bytes)
Total: 1

VM state: not at safepoint (normal execution)

VM Mutex/Monitor currently owned by a thread: None

Heap address: 0x0000000080000000, size: 2048 MB, Compressed Oops mode: 32-bit

CDS archive(s) mapped at: [0x0000022058000000-0x0000022058ba0000-0x0000022058ba0000), size 12189696, SharedBaseAddress: 0x0000022058000000, ArchiveRelocationMode: 1.
Compressed class space mapped at: 0x0000022059000000-0x0000022099000000, reserved size: 1073741824
Narrow klass base: 0x0000022058000000, Narrow klass shift: 0, Narrow klass range: 0x100000000

GC Precious Log:
 CardTable entry size: 512
 CPUs: 8 total, 8 available
 Memory: 16220M
 Large Page Support: Disabled
 NUMA Support: Disabled
 Compressed Oops: Enabled (32-bit)
 Alignments: Space 512K, Generation 512K, Heap 2M
 Heap Min Capacity: 100M
 Heap Initial Capacity: 100M
 Heap Max Capacity: 2G
 Pre-touch: Disabled
 Parallel Workers: 8

Heap:
 PSYoungGen      total 29696K, used 28014K [0x00000000d5580000, 0x00000000d7680000, 0x0000000100000000)
  eden space 25600K, 93% used [0x00000000d5580000,0x00000000d6ce1560,0x00000000d6e80000)
  from space 4096K, 99% used [0x00000000d7280000,0x00000000d767a4d8,0x00000000d7680000)
  to   space 4096K, 0% used [0x00000000d6e80000,0x00000000d6e80000,0x00000000d7280000)
 ParOldGen       total 68608K, used 1663K [0x0000000080000000, 0x0000000084300000, 0x00000000d5580000)
  object space 68608K, 2% used [0x0000000080000000,0x000000008019feb8,0x0000000084300000)
 Metaspace       used 9473K, committed 9792K, reserved 1114112K
  class space    used 1020K, committed 1152K, reserved 1048576K

Card table byte_map: [0x0000022040210000,0x0000022040620000] _byte_map_base: 0x000002203fe10000

Marking Bits: (ParMarkBitMap*) 0x00007ff82e162460
 Begin Bits: [0x0000022052d20000, 0x0000022054d20000)
 End Bits:   [0x0000022054d20000, 0x0000022056d20000)

Polling page: 0x000002203e6f0000

Metaspace:

Usage:
  Non-class:      8.25 MB used.
      Class:   1020.54 KB used.
       Both:      9.25 MB used.

Virtual space:
  Non-class space:       64.00 MB reserved,       8.44 MB ( 13%) committed,  1 nodes.
      Class space:        1.00 GB reserved,       1.12 MB ( <1%) committed,  1 nodes.
             Both:        1.06 GB reserved,       9.56 MB ( <1%) committed. 

Chunk freelists:
   Non-Class:  6.67 MB
       Class:  14.79 MB
        Both:  21.46 MB

MaxMetaspaceSize: unlimited
CompressedClassSpaceSize: 1.00 GB
Initial GC threshold: 21.00 MB
Current GC threshold: 21.00 MB
CDS: on
 - commit_granule_bytes: 65536.
 - commit_granule_words: 8192.
 - virtual_space_node_default_size: 8388608.
 - enlarge_chunks_in_place: 1.
 - use_allocation_guard: 0.


Internal statistics:

num_allocs_failed_limit: 0.
num_arena_births: 258.
num_arena_deaths: 0.
num_vsnodes_births: 2.
num_vsnodes_deaths: 0.
num_space_committed: 153.
num_space_uncommitted: 0.
num_chunks_returned_to_freelist: 0.
num_chunks_taken_from_freelist: 505.
num_chunk_merges: 0.
num_chunk_splits: 322.
num_chunks_enlarged: 212.
num_inconsistent_stats: 0.

CodeHeap 'non-profiled nmethods': size=120000Kb used=941Kb max_used=941Kb free=119058Kb
 bounds [0x000002204b540000, 0x000002204b7b0000, 0x0000022052a70000]
CodeHeap 'profiled nmethods': size=120000Kb used=3925Kb max_used=3925Kb free=116074Kb
 bounds [0x0000022043a70000, 0x0000022043e50000, 0x000002204afa0000]
CodeHeap 'non-nmethods': size=5760Kb used=1230Kb max_used=1262Kb free=4529Kb
 bounds [0x000002204afa0000, 0x000002204b210000, 0x000002204b540000]
CodeCache: size=245760Kb, used=6096Kb, max_used=6128Kb, free=239661Kb
 total_blobs=2644, nmethods=2151, adapters=399, full_count=0
Compilation: enabled, stopped_count=0, restarted_count=0

Compilation events (20 events):
Event: 19.257 Thread 0x0000022099b23990 2113       1       org.eclipse.osgi.container.ModuleRevision::getTypes (5 bytes)
Event: 19.257 Thread 0x0000022099b23990 nmethod 2113 0x000002204b62a710 code [0x000002204b62a8a0, 0x000002204b62a968]
Event: 19.259 Thread 0x0000022099b23990 2114       3       java.util.concurrent.ConcurrentHashMap::<init> (5 bytes)
Event: 19.259 Thread 0x0000022099b23990 nmethod 2114 0x0000022043e35f90 code [0x0000022043e36140, 0x0000022043e36308]
Event: 19.259 Thread 0x0000022099b23990 2116       3       java.nio.file.attribute.FileTime::from (18 bytes)
Event: 19.260 Thread 0x0000022099b23990 nmethod 2116 0x0000022043e36410 code [0x0000022043e365e0, 0x0000022043e36978]
Event: 19.260 Thread 0x0000022099b23990 2117       3       java.nio.file.attribute.FileTime::<init> (21 bytes)
Event: 19.260 Thread 0x0000022099b23990 nmethod 2117 0x0000022043e36b10 code [0x0000022043e36cc0, 0x0000022043e36e60]
Event: 19.261 Thread 0x0000022099b23990 2119       3       java.util.zip.ZipFile$Source::getMetaVersion (221 bytes)
Event: 19.261 Thread 0x0000022099b23990 nmethod 2119 0x0000022043e36f10 code [0x0000022043e37100, 0x0000022043e377f0]
Event: 19.263 Thread 0x0000022099b23990 2120       3       java.util.ArrayList$SubList::size (9 bytes)
Event: 19.263 Thread 0x0000022099b23990 nmethod 2120 0x0000022043e37a10 code [0x0000022043e37be0, 0x0000022043e37e68]
Event: 19.263 Thread 0x0000022099b23990 2118       3       java.util.zip.ZipFile$Source::isSignatureRelated (227 bytes)
Event: 19.263 Thread 0x0000022099b23990 nmethod 2118 0x0000022043e37f90 code [0x0000022043e38160, 0x0000022043e38768]
Event: 19.263 Thread 0x0000022099b23990 2121       3       java.util.stream.AbstractPipeline::isParallel (8 bytes)
Event: 19.263 Thread 0x0000022099b23990 nmethod 2121 0x0000022043e38990 code [0x0000022043e38b20, 0x0000022043e38c38]
Event: 19.379 Thread 0x0000022099b23990 2122       3       java.util.concurrent.locks.AbstractQueuedSynchronizer::casTail (13 bytes)
Event: 19.380 Thread 0x0000022099b23990 nmethod 2122 0x0000022043e38d10 code [0x0000022043e38ea0, 0x0000022043e38fe0]
Event: 19.951 Thread 0x0000022099b23990 2123       3       jdk.internal.misc.Unsafe::weakCompareAndSetReference (11 bytes)
Event: 19.951 Thread 0x0000022099b23990 nmethod 2123 0x0000022043e39090 code [0x0000022043e39220, 0x0000022043e39360]

GC Heap History (4 events):
Event: 1.283 GC heap before
{Heap before GC invocations=1 (full 0):
 PSYoungGen      total 29696K, used 25600K [0x00000000d5580000, 0x00000000d7680000, 0x0000000100000000)
  eden space 25600K, 100% used [0x00000000d5580000,0x00000000d6e80000,0x00000000d6e80000)
  from space 4096K, 0% used [0x00000000d7280000,0x00000000d7280000,0x00000000d7680000)
  to   space 4096K, 0% used [0x00000000d6e80000,0x00000000d6e80000,0x00000000d7280000)
 ParOldGen       total 68608K, used 0K [0x0000000080000000, 0x0000000084300000, 0x00000000d5580000)
  object space 68608K, 0% used [0x0000000080000000,0x0000000080000000,0x0000000084300000)
 Metaspace       used 4350K, committed 4608K, reserved 1114112K
  class space    used 474K, committed 576K, reserved 1048576K
}
Event: 1.291 GC heap after
{Heap after GC invocations=1 (full 0):
 PSYoungGen      total 29696K, used 3303K [0x00000000d5580000, 0x00000000d7680000, 0x0000000100000000)
  eden space 25600K, 0% used [0x00000000d5580000,0x00000000d5580000,0x00000000d6e80000)
  from space 4096K, 80% used [0x00000000d6e80000,0x00000000d71b9e98,0x00000000d7280000)
  to   space 4096K, 0% used [0x00000000d7280000,0x00000000d7280000,0x00000000d7680000)
 ParOldGen       total 68608K, used 8K [0x0000000080000000, 0x0000000084300000, 0x00000000d5580000)
  object space 68608K, 0% used [0x0000000080000000,0x0000000080002000,0x0000000084300000)
 Metaspace       used 4350K, committed 4608K, reserved 1114112K
  class space    used 474K, committed 576K, reserved 1048576K
}
Event: 2.222 GC heap before
{Heap before GC invocations=2 (full 0):
 PSYoungGen      total 29696K, used 28903K [0x00000000d5580000, 0x00000000d7680000, 0x0000000100000000)
  eden space 25600K, 100% used [0x00000000d5580000,0x00000000d6e80000,0x00000000d6e80000)
  from space 4096K, 80% used [0x00000000d6e80000,0x00000000d71b9e98,0x00000000d7280000)
  to   space 4096K, 0% used [0x00000000d7280000,0x00000000d7280000,0x00000000d7680000)
 ParOldGen       total 68608K, used 8K [0x0000000080000000, 0x0000000084300000, 0x00000000d5580000)
  object space 68608K, 0% used [0x0000000080000000,0x0000000080002000,0x0000000084300000)
 Metaspace       used 8212K, committed 8512K, reserved 1114112K
  class space    used 871K, committed 1024K, reserved 1048576K
}
Event: 2.228 GC heap after
{Heap after GC invocations=2 (full 0):
 PSYoungGen      total 29696K, used 4073K [0x00000000d5580000, 0x00000000d7680000, 0x0000000100000000)
  eden space 25600K, 0% used [0x00000000d5580000,0x00000000d5580000,0x00000000d6e80000)
  from space 4096K, 99% used [0x00000000d7280000,0x00000000d767a4d8,0x00000000d7680000)
  to   space 4096K, 0% used [0x00000000d6e80000,0x00000000d6e80000,0x00000000d7280000)
 ParOldGen       total 68608K, used 1663K [0x0000000080000000, 0x0000000084300000, 0x00000000d5580000)
  object space 68608K, 2% used [0x0000000080000000,0x000000008019feb8,0x0000000084300000)
 Metaspace       used 8212K, committed 8512K, reserved 1114112K
  class space    used 871K, committed 1024K, reserved 1048576K
}

Dll operation events (9 events):
Event: 0.017 Loaded shared library c:\Users\huynh\.vscode\extensions\redhat.java-1.49.0-win32-x64\jre\21.0.9-win32-x86_64\bin\java.dll
Event: 0.047 Loaded shared library c:\Users\huynh\.vscode\extensions\redhat.java-1.49.0-win32-x64\jre\21.0.9-win32-x86_64\bin\zip.dll
Event: 0.139 Loaded shared library C:\Users\huynh\.vscode\extensions\redhat.java-1.49.0-win32-x64\jre\21.0.9-win32-x86_64\bin\instrument.dll
Event: 0.145 Loaded shared library C:\Users\huynh\.vscode\extensions\redhat.java-1.49.0-win32-x64\jre\21.0.9-win32-x86_64\bin\net.dll
Event: 0.188 Loaded shared library C:\Users\huynh\.vscode\extensions\redhat.java-1.49.0-win32-x64\jre\21.0.9-win32-x86_64\bin\nio.dll
Event: 0.192 Loaded shared library C:\Users\huynh\.vscode\extensions\redhat.java-1.49.0-win32-x64\jre\21.0.9-win32-x86_64\bin\zip.dll
Event: 0.255 Loaded shared library C:\Users\huynh\.vscode\extensions\redhat.java-1.49.0-win32-x64\jre\21.0.9-win32-x86_64\bin\jimage.dll
Event: 0.414 Loaded shared library c:\Users\huynh\.vscode\extensions\redhat.java-1.49.0-win32-x64\jre\21.0.9-win32-x86_64\bin\verify.dll
Event: 9.945 Loaded shared library C:\Users\huynh\AppData\Roaming\Code\User\globalStorage\redhat.java\1.49.0\config_win\org.eclipse.equinox.launcher\org.eclipse.equinox.launcher.win32.win32.x86_64_1.2.1400.v20250801-0854\eclipse_11916.dll

Deoptimization events (20 events):
Event: 18.249 Thread 0x000002209e85ed60 Uncommon trap: trap_request=0xffffff45 fr.pc=0x000002204b618220 relative=0x00000000000006e0
Event: 18.249 Thread 0x000002209e85ed60 Uncommon trap: reason=unstable_if action=reinterpret pc=0x000002204b618220 method=java.util.regex.Matcher.search(I)Z @ 30 c2
Event: 18.249 Thread 0x000002209e85ed60 DEOPT PACKING pc=0x000002204b618220 sp=0x000000c2acafdea0
Event: 18.249 Thread 0x000002209e85ed60 DEOPT UNPACKING pc=0x000002204aff3aa2 sp=0x000000c2acafde70 mode 2
Event: 18.249 Thread 0x000002209e85ed60 Uncommon trap: trap_request=0xffffffde fr.pc=0x000002204b617394 relative=0x0000000000000334
Event: 18.249 Thread 0x000002209e85ed60 Uncommon trap: reason=class_check action=maybe_recompile pc=0x000002204b617394 method=java.util.regex.Pattern$BmpCharPropertyGreedy.match(Ljava/util/regex/Matcher;ILjava/lang/CharSequence;)Z @ 26 c2
Event: 18.249 Thread 0x000002209e85ed60 DEOPT PACKING pc=0x000002204b617394 sp=0x000000c2acafdb70
Event: 18.249 Thread 0x000002209e85ed60 DEOPT UNPACKING pc=0x000002204aff3aa2 sp=0x000000c2acafdb28 mode 2
Event: 18.249 Thread 0x000002209e85ed60 Uncommon trap: trap_request=0xffffffde fr.pc=0x000002204b617394 relative=0x0000000000000334
Event: 18.249 Thread 0x000002209e85ed60 Uncommon trap: reason=class_check action=maybe_recompile pc=0x000002204b617394 method=java.util.regex.Pattern$BmpCharPropertyGreedy.match(Ljava/util/regex/Matcher;ILjava/lang/CharSequence;)Z @ 26 c2
Event: 18.249 Thread 0x000002209e85ed60 DEOPT PACKING pc=0x000002204b617394 sp=0x000000c2acafda70
Event: 18.249 Thread 0x000002209e85ed60 DEOPT UNPACKING pc=0x000002204aff3aa2 sp=0x000000c2acafda08 mode 2
Event: 18.249 Thread 0x000002209e85ed60 Uncommon trap: trap_request=0xffffffde fr.pc=0x000002204b617394 relative=0x0000000000000334
Event: 18.249 Thread 0x000002209e85ed60 Uncommon trap: reason=class_check action=maybe_recompile pc=0x000002204b617394 method=java.util.regex.Pattern$BmpCharPropertyGreedy.match(Ljava/util/regex/Matcher;ILjava/lang/CharSequence;)Z @ 26 c2
Event: 18.249 Thread 0x000002209e85ed60 DEOPT PACKING pc=0x000002204b617394 sp=0x000000c2acafdb70
Event: 18.249 Thread 0x000002209e85ed60 DEOPT UNPACKING pc=0x000002204aff3aa2 sp=0x000000c2acafdb28 mode 2
Event: 18.249 Thread 0x000002209e85ed60 Uncommon trap: trap_request=0xffffffde fr.pc=0x000002204b617394 relative=0x0000000000000334
Event: 18.249 Thread 0x000002209e85ed60 Uncommon trap: reason=class_check action=maybe_recompile pc=0x000002204b617394 method=java.util.regex.Pattern$BmpCharPropertyGreedy.match(Ljava/util/regex/Matcher;ILjava/lang/CharSequence;)Z @ 26 c2
Event: 18.249 Thread 0x000002209e85ed60 DEOPT PACKING pc=0x000002204b617394 sp=0x000000c2acafda70
Event: 18.249 Thread 0x000002209e85ed60 DEOPT UNPACKING pc=0x000002204aff3aa2 sp=0x000000c2acafda08 mode 2

Classes loaded (20 events):
Event: 10.140 Loading class sun/util/logging/resources/logging_en_US
Event: 10.140 Loading class sun/util/logging/resources/logging_en_US done
Event: 10.140 Loading class sun/util/logging/resources/logging_en_US
Event: 10.140 Loading class sun/util/logging/resources/logging_en_US done
Event: 10.145 Loading class java/util/Formatter$DateTime
Event: 10.145 Loading class java/util/Formatter$DateTime done
Event: 10.145 Loading class java/util/Formatter$FixedString
Event: 10.145 Loading class java/util/Formatter$FixedString done
Event: 10.168 Loading class java/time/ZonedDateTime$1
Event: 10.168 Loading class java/time/ZonedDateTime$1 done
Event: 10.173 Loading class jdk/internal/module/ModulePatcher$PatchedModuleReader
Event: 10.174 Loading class jdk/internal/module/ModulePatcher$PatchedModuleReader done
Event: 10.180 Loading class sun/util/resources/LocaleData$CommonResourceBundleProvider
Event: 10.180 Loading class sun/util/resources/LocaleData$LocaleDataResourceBundleProvider
Event: 10.180 Loading class java/util/spi/ResourceBundleProvider
Event: 10.180 Loading class java/util/spi/ResourceBundleProvider done
Event: 10.180 Loading class sun/util/resources/LocaleData$LocaleDataResourceBundleProvider done
Event: 10.180 Loading class sun/util/resources/LocaleData$CommonResourceBundleProvider done
Event: 10.182 Loading class sun/util/resources/Bundles$2
Event: 10.182 Loading class sun/util/resources/Bundles$2 done

Classes unloaded (0 events):
No events

Classes redefined (0 events):
No events

Internal exceptions (20 events):
Event: 1.365 Thread 0x0000022040871ae0 Implicit null exception at 0x000002204b59d2c0 to 0x000002204b59d594
Event: 1.365 Thread 0x0000022040871ae0 Implicit null exception at 0x000002204b59cac0 to 0x000002204b59cb45
Event: 1.473 Thread 0x0000022040871ae0 Exception <a 'java/lang/NoSuchMethodError'{0x00000000d59a96c8}: 'void java.lang.invoke.DirectMethodHandle$Holder.invokeSpecial(java.lang.Object, java.lang.Object, java.lang.Object)'> (0x00000000d59a96c8) 
thrown [s\src\hotspot\share\interpreter\linkResolver.cpp, line 773]
Event: 1.873 Thread 0x0000022040871ae0 Exception <a 'java/lang/NoSuchMethodError'{0x00000000d63b0bf8}: 'int java.lang.invoke.DirectMethodHandle$Holder.invokeVirtual(java.lang.Object, java.lang.Object)'> (0x00000000d63b0bf8) 
thrown [s\src\hotspot\share\interpreter\linkResolver.cpp, line 773]
Event: 1.952 Thread 0x0000022040871ae0 Exception <a 'sun/nio/fs/WindowsException'{0x00000000d643d118}> (0x00000000d643d118) 
thrown [s\src\hotspot\share\prims\jni.cpp, line 520]
Event: 1.954 Thread 0x0000022040871ae0 Exception <a 'sun/nio/fs/WindowsException'{0x00000000d6446518}> (0x00000000d6446518) 
thrown [s\src\hotspot\share\prims\jni.cpp, line 520]
Event: 1.955 Thread 0x0000022040871ae0 Exception <a 'sun/nio/fs/WindowsException'{0x00000000d6454a98}> (0x00000000d6454a98) 
thrown [s\src\hotspot\share\prims\jni.cpp, line 520]
Event: 2.035 Thread 0x0000022040871ae0 Exception <a 'java/lang/IncompatibleClassChangeError'{0x00000000d677bb38}: Found class java.lang.Object, but interface was expected> (0x00000000d677bb38) 
thrown [s\src\hotspot\share\interpreter\linkResolver.cpp, line 840]
Event: 2.036 Thread 0x0000022040871ae0 Exception <a 'java/lang/NoSuchMethodError'{0x00000000d678af88}: 'void java.lang.invoke.DirectMethodHandle$Holder.invokeInterface(java.lang.Object, java.lang.Object, java.lang.Object)'> (0x00000000d678af88) 
thrown [s\src\hotspot\share\interpreter\linkResolver.cpp, line 773]
Event: 2.084 Thread 0x0000022040871ae0 Exception <a 'java/lang/NoSuchMethodError'{0x00000000d68e4338}: 'int java.lang.invoke.DirectMethodHandle$Holder.invokeStaticInit(java.lang.Object, java.lang.Object, java.lang.Object, java.lang.Object)'> (0x00000000d68e4338) 
thrown [s\src\hotspot\share\interpreter\linkResolver.cpp, line 773]
Event: 2.085 Thread 0x0000022040871ae0 Exception <a 'java/lang/NoSuchMethodError'{0x00000000d68ee908}: 'void java.lang.invoke.DirectMethodHandle$Holder.invokeStaticInit(java.lang.Object, java.lang.Object)'> (0x00000000d68ee908) 
thrown [s\src\hotspot\share\interpreter\linkResolver.cpp, line 773]
Event: 2.086 Thread 0x0000022040871ae0 Exception <a 'java/lang/NoSuchMethodError'{0x00000000d68f3e68}: 'int java.lang.invoke.DirectMethodHandle$Holder.invokeStaticInit(java.lang.Object, java.lang.Object)'> (0x00000000d68f3e68) 
thrown [s\src\hotspot\share\interpreter\linkResolver.cpp, line 773]
Event: 2.146 Thread 0x0000022040871ae0 Exception <a 'java/lang/NoSuchMethodError'{0x00000000d6b2e910}: 'java.lang.Object java.lang.invoke.DirectMethodHandle$Holder.newInvokeSpecial(java.lang.Object, int, java.lang.Object)'> (0x00000000d6b2e910) 
thrown [s\src\hotspot\share\interpreter\linkResolver.cpp, line 773]
Event: 2.191 Thread 0x0000022040871ae0 Exception <a 'java/lang/ClassNotFoundException'{0x00000000d6cce478}: sun/net/www/protocol/plurl/Handler> (0x00000000d6cce478) 
thrown [s\src\hotspot\share\classfile\systemDictionary.cpp, line 312]
Event: 2.191 Thread 0x0000022040871ae0 Exception <a 'java/lang/ClassNotFoundException'{0x00000000d6ccf2f8}: sun/net/www/protocol/plurl/Handler> (0x00000000d6ccf2f8) 
thrown [s\src\hotspot\share\classfile\systemDictionary.cpp, line 312]
Event: 9.745 Thread 0x0000022040871ae0 Exception <a 'java/lang/UnsatisfiedLinkError'{0x00000000d5804070}: 'void org.eclipse.equinox.launcher.JNIBridge._update_splash()'> (0x00000000d5804070) 
thrown [s\src\hotspot\share\prims\nativeLookup.cpp, line 415]
Event: 10.033 Thread 0x000002209e85ed60 Exception <a 'java/lang/NoSuchMethodError'{0x00000000d5bec0f0}: 'java.lang.Object java.lang.invoke.DirectMethodHandle$Holder.newInvokeSpecial(java.lang.Object, java.lang.Object, int, java.lang.Object)'> (0x00000000d5bec0f0) 
thrown [s\src\hotspot\share\interpreter\linkResolver.cpp, line 773]
Event: 10.034 Thread 0x000002209e85ed60 Exception <a 'java/lang/NoSuchMethodError'{0x00000000d5beff20}: 'java.lang.Object java.lang.invoke.DirectMethodHandle$Holder.invokeSpecial(java.lang.Object, java.lang.Object, java.lang.Object, int, java.lang.Object)'> (0x00000000d5beff20) 
thrown [s\src\hotspot\share\interpreter\linkResolver.cpp, line 773]
Event: 10.055 Thread 0x000002209e85ed60 Exception <a 'java/lang/NoClassDefFoundError'{0x00000000d5c97140}: jakarta/servlet/ServletContainerInitializer> (0x00000000d5c97140) 
thrown [s\src\hotspot\share\classfile\systemDictionary.cpp, line 301]
Event: 10.115 Thread 0x000002209e85ed60 Exception <a 'java/lang/ClassNotFoundException'{0x00000000d5e00680}: sun/util/logging/resources/spi/loggingProvider> (0x00000000d5e00680) 
thrown [s\src\hotspot\share\classfile\systemDictionary.cpp, line 312]

ZGC Phase Switch (0 events):
No events

VM Operations (20 events):
Event: 3.234 Executing VM operation: Cleanup
Event: 3.234 Executing VM operation: Cleanup done
Event: 10.094 Executing VM operation: HandshakeAllThreads (Deoptimize)
Event: 10.094 Executing VM operation: HandshakeAllThreads (Deoptimize) done
Event: 10.094 Executing VM operation: Cleanup
Event: 10.094 Executing VM operation: Cleanup done
Event: 10.174 Executing VM operation: HandshakeAllThreads (Deoptimize)
Event: 10.174 Executing VM operation: HandshakeAllThreads (Deoptimize) done
Event: 10.190 Executing VM operation: HandshakeAllThreads (Deoptimize)
Event: 10.190 Executing VM operation: HandshakeAllThreads (Deoptimize) done
Event: 10.199 Executing VM operation: HandshakeAllThreads (Deoptimize)
Event: 10.199 Executing VM operation: HandshakeAllThreads (Deoptimize) done
Event: 11.199 Executing VM operation: Cleanup
Event: 11.199 Executing VM operation: Cleanup done
Event: 16.225 Executing VM operation: Cleanup
Event: 17.216 Executing VM operation: Cleanup done
Event: 18.217 Executing VM operation: Cleanup
Event: 18.248 Executing VM operation: Cleanup done
Event: 20.257 Executing VM operation: Cleanup
Event: 20.257 Executing VM operation: Cleanup done

Memory protections (0 events):
No events

Nmethod flushes (0 events):
No events

Events (20 events):
Event: 0.129 Thread 0x0000022099b23990 Thread added: 0x0000022099c8bf10
Event: 0.141 Thread 0x0000022040871ae0 Thread added: 0x0000022099cbf9e0
Event: 0.558 Thread 0x0000022099c8bf10 Thread exited: 0x0000022099c8bf10
Event: 0.706 Thread 0x0000022040871ae0 Thread added: 0x0000022099de4180
Event: 0.838 Thread 0x0000022099b23990 Thread added: 0x0000022099e96800
Event: 0.893 Thread 0x0000022099b23990 Thread added: 0x0000022099e2f520
Event: 1.122 Thread 0x0000022099e2f520 Thread exited: 0x0000022099e2f520
Event: 1.418 Thread 0x0000022099e96800 Thread exited: 0x0000022099e96800
Event: 1.523 Thread 0x0000022099b23990 Thread added: 0x000002209e2d6f90
Event: 1.551 Thread 0x0000022099b23990 Thread added: 0x000002209e52db50
Event: 1.983 Thread 0x000002209e52db50 Thread exited: 0x000002209e52db50
Event: 2.095 Thread 0x0000022040871ae0 Thread added: 0x000002209e4f75e0
Event: 2.365 Thread 0x000002209e2d6f90 Thread exited: 0x000002209e2d6f90
Event: 9.740 Thread 0x0000022040871ae0 Thread added: 0x000002209e4a5670
Event: 9.751 Thread 0x000002209e4a5670 Thread added: 0x000002209e4a5cd0
Event: 9.950 Thread 0x0000022040871ae0 Thread added: 0x000002209e85ed60
Event: 10.215 Thread 0x0000022099b23990 Thread added: 0x000002209e8be770
Event: 10.222 Thread 0x000002209e8be770 Thread added: 0x000002209e337e60
Event: 10.672 Thread 0x000002209e337e60 Thread exited: 0x000002209e337e60
Event: 10.672 Thread 0x000002209e8be770 Thread exited: 0x000002209e8be770


Dynamic libraries:
0x00007ff7e7bc0000 - 0x00007ff7e7bce000 	c:\Users\huynh\.vscode\extensions\redhat.java-1.49.0-win32-x64\jre\21.0.9-win32-x86_64\bin\java.exe
0x00007ff8ae960000 - 0x00007ff8aebc8000 	C:\WINDOWS\SYSTEM32\ntdll.dll
0x00007ff8ad220000 - 0x00007ff8ad2e9000 	C:\WINDOWS\System32\KERNEL32.DLL
0x00007ff8abee0000 - 0x00007ff8ac2d8000 	C:\WINDOWS\System32\KERNELBASE.dll
0x00007ff8ac2e0000 - 0x00007ff8ac42b000 	C:\WINDOWS\System32\ucrtbase.dll
0x00007ff8a2450000 - 0x00007ff8a2468000 	c:\Users\huynh\.vscode\extensions\redhat.java-1.49.0-win32-x64\jre\21.0.9-win32-x86_64\bin\jli.dll
0x00007ff8ac9c0000 - 0x00007ff8acb87000 	C:\WINDOWS\System32\USER32.dll
0x00007ff8ac610000 - 0x00007ff8ac637000 	C:\WINDOWS\System32\win32u.dll
0x00007ff8acba0000 - 0x00007ff8acbcb000 	C:\WINDOWS\System32\GDI32.dll
0x00007ff8ac4e0000 - 0x00007ff8ac60c000 	C:\WINDOWS\System32\gdi32full.dll
0x00007ff8ac430000 - 0x00007ff8ac4d3000 	C:\WINDOWS\System32\msvcp_win.dll
0x00007ff8a2830000 - 0x00007ff8a284e000 	c:\Users\huynh\.vscode\extensions\redhat.java-1.49.0-win32-x64\jre\21.0.9-win32-x86_64\bin\VCRUNTIME140.dll
0x00007ff895ef0000 - 0x00007ff896184000 	C:\WINDOWS\WinSxS\amd64_microsoft.windows.common-controls_6595b64144ccf1df_6.0.26100.7019_none_3e06ffa0e335b8a8\COMCTL32.dll
0x00007ff8ad680000 - 0x00007ff8ad729000 	C:\WINDOWS\System32\msvcrt.dll
0x00007ff8ac810000 - 0x00007ff8ac841000 	C:\WINDOWS\System32\IMM32.DLL
0x00007ff8a65c0000 - 0x00007ff8a65cc000 	c:\Users\huynh\.vscode\extensions\redhat.java-1.49.0-win32-x64\jre\21.0.9-win32-x86_64\bin\vcruntime140_1.dll
0x00007ff870080000 - 0x00007ff87010d000 	c:\Users\huynh\.vscode\extensions\redhat.java-1.49.0-win32-x64\jre\21.0.9-win32-x86_64\bin\msvcp140.dll
0x00007ff82d4a0000 - 0x00007ff82e240000 	c:\Users\huynh\.vscode\extensions\redhat.java-1.49.0-win32-x64\jre\21.0.9-win32-x86_64\bin\server\jvm.dll
0x00007ff8ae810000 - 0x00007ff8ae8c4000 	C:\WINDOWS\System32\ADVAPI32.dll
0x00007ff8ae760000 - 0x00007ff8ae806000 	C:\WINDOWS\System32\sechost.dll
0x00007ff8ae5d0000 - 0x00007ff8ae6e8000 	C:\WINDOWS\System32\RPCRT4.dll
0x00007ff8ae420000 - 0x00007ff8ae494000 	C:\WINDOWS\System32\WS2_32.dll
0x00007ff8ab910000 - 0x00007ff8ab96e000 	C:\WINDOWS\SYSTEM32\POWRPROF.dll
0x00007ff89a7a0000 - 0x00007ff89a7d5000 	C:\WINDOWS\SYSTEM32\WINMM.dll
0x00007ff8a2f20000 - 0x00007ff8a2f2b000 	C:\WINDOWS\SYSTEM32\VERSION.dll
0x00007ff8ab8f0000 - 0x00007ff8ab904000 	C:\WINDOWS\SYSTEM32\UMPDC.dll
0x00007ff8aa840000 - 0x00007ff8aa85b000 	C:\WINDOWS\SYSTEM32\kernel.appcore.dll
0x00007ff8a4380000 - 0x00007ff8a438a000 	c:\Users\huynh\.vscode\extensions\redhat.java-1.49.0-win32-x64\jre\21.0.9-win32-x86_64\bin\jimage.dll
0x00007ff8a91b0000 - 0x00007ff8a93f2000 	C:\WINDOWS\SYSTEM32\DBGHELP.DLL
0x00007ff8ad2f0000 - 0x00007ff8ad67b000 	C:\WINDOWS\System32\combase.dll
0x00007ff8ad010000 - 0x00007ff8ad0e7000 	C:\WINDOWS\System32\OLEAUT32.dll
0x00007ff8945b0000 - 0x00007ff8945ec000 	C:\WINDOWS\SYSTEM32\dbgcore.DLL
0x00007ff8abda0000 - 0x00007ff8abe45000 	C:\WINDOWS\System32\bcryptPrimitives.dll
0x00007ff8a3a20000 - 0x00007ff8a3a2f000 	c:\Users\huynh\.vscode\extensions\redhat.java-1.49.0-win32-x64\jre\21.0.9-win32-x86_64\bin\instrument.dll
0x00007ff8a3300000 - 0x00007ff8a3320000 	c:\Users\huynh\.vscode\extensions\redhat.java-1.49.0-win32-x64\jre\21.0.9-win32-x86_64\bin\java.dll
0x00007ff8ad830000 - 0x00007ff8adf7f000 	C:\WINDOWS\System32\SHELL32.dll
0x00007ff8abab0000 - 0x00007ff8abc1b000 	C:\WINDOWS\System32\wintypes.dll
0x00007ff8a96b0000 - 0x00007ff8a9f0d000 	C:\WINDOWS\SYSTEM32\windows.storage.dll
0x00007ff8ad730000 - 0x00007ff8ad822000 	C:\WINDOWS\System32\SHCORE.dll
0x00007ff8ae6f0000 - 0x00007ff8ae757000 	C:\WINDOWS\System32\shlwapi.dll
0x00007ff8ab9d0000 - 0x00007ff8ab9f9000 	C:\WINDOWS\SYSTEM32\profapi.dll
0x00007ff8a2910000 - 0x00007ff8a2928000 	c:\Users\huynh\.vscode\extensions\redhat.java-1.49.0-win32-x64\jre\21.0.9-win32-x86_64\bin\zip.dll
0x00007ff8a3610000 - 0x00007ff8a3620000 	C:\Users\huynh\.vscode\extensions\redhat.java-1.49.0-win32-x64\jre\21.0.9-win32-x86_64\bin\net.dll
0x00007ff8a4970000 - 0x00007ff8a4a98000 	C:\WINDOWS\SYSTEM32\WINHTTP.dll
0x00007ff8aade0000 - 0x00007ff8aae4b000 	C:\WINDOWS\system32\mswsock.dll
0x00007ff8a28f0000 - 0x00007ff8a2906000 	C:\Users\huynh\.vscode\extensions\redhat.java-1.49.0-win32-x64\jre\21.0.9-win32-x86_64\bin\nio.dll
0x00007ff8a32f0000 - 0x00007ff8a3300000 	c:\Users\huynh\.vscode\extensions\redhat.java-1.49.0-win32-x64\jre\21.0.9-win32-x86_64\bin\verify.dll
0x00007ff89aaf0000 - 0x00007ff89ab34000 	C:\Users\huynh\AppData\Roaming\Code\User\globalStorage\redhat.java\1.49.0\config_win\org.eclipse.equinox.launcher\org.eclipse.equinox.launcher.win32.win32.x86_64_1.2.1400.v20250801-0854\eclipse_11916.dll
0x00007ff8ace70000 - 0x00007ff8ad007000 	C:\WINDOWS\System32\ole32.dll

JVMTI agents:
c:\Users\huynh\.vscode\extensions\redhat.java-1.49.0-win32-x64\lombok\lombok-1.18.39-4050.jar path:c:\Users\huynh\.vscode\extensions\redhat.java-1.49.0-win32-x64\jre\21.0.9-win32-x86_64\bin\instrument.dll, loaded, initialized, instrumentlib options:none

dbghelp: loaded successfully - version: 4.0.5 - missing functions: none
symbol engine: initialized successfully - sym options: 0x614 - pdb path: .;c:\Users\huynh\.vscode\extensions\redhat.java-1.49.0-win32-x64\jre\21.0.9-win32-x86_64\bin;C:\WINDOWS\SYSTEM32;C:\WINDOWS\WinSxS\amd64_microsoft.windows.common-controls_6595b64144ccf1df_6.0.26100.7019_none_3e06ffa0e335b8a8;c:\Users\huynh\.vscode\extensions\redhat.java-1.49.0-win32-x64\jre\21.0.9-win32-x86_64\bin\server;C:\Users\huynh\AppData\Roaming\Code\User\globalStorage\redhat.java\1.49.0\config_win\org.eclipse.equinox.launcher\org.eclipse.equinox.launcher.win32.win32.x86_64_1.2.1400.v20250801-0854

VM Arguments:
jvm_args: --add-modules=ALL-SYSTEM --add-opens=java.base/java.util=ALL-UNNAMED --add-opens=java.base/java.lang=ALL-UNNAMED --add-opens=java.base/sun.nio.fs=ALL-UNNAMED -Declipse.application=org.eclipse.jdt.ls.core.id1 -Dosgi.bundles.defaultStartLevel=4 -Declipse.product=org.eclipse.jdt.ls.core.product -Djava.import.generatesMetadataFilesAtProjectRoot=false -DDetectVMInstallationsJob.disabled=true -Dfile.encoding=utf8 -XX:+UseParallelGC -XX:GCTimeRatio=4 -XX:AdaptiveSizePolicyWeight=90 -Dsun.zip.disableMemoryMapping=true -Xmx2G -Xms100m -Xlog:disable -javaagent:c:\Users\huynh\.vscode\extensions\redhat.java-1.49.0-win32-x64\lombok\lombok-1.18.39-4050.jar -XX:+HeapDumpOnOutOfMemoryError -XX:HeapDumpPath=c:\Users\huynh\AppData\Roaming\Code\User\workspaceStorage\73b60d98252cc9e3b06d9c2d64267252\redhat.java -Daether.dependencyCollector.impl=bf 
java_command: c:\Users\huynh\.vscode\extensions\redhat.java-1.49.0-win32-x64\server\plugins\org.eclipse.equinox.launcher_1.7.100.v20251111-0406.jar -configuration c:\Users\huynh\AppData\Roaming\Code\User\globalStorage\redhat.java\1.49.0\config_win -data c:\Users\huynh\AppData\Roaming\Code\User\workspaceStorage\73b60d98252cc9e3b06d9c2d64267252\redhat.java\jdt_ws --pipe=\\.\pipe\lsp-fa0fc7da595e1f8ed5debf85410ffd6f-sock
java_class_path (initial): c:\Users\huynh\.vscode\extensions\redhat.java-1.49.0-win32-x64\server\plugins\org.eclipse.equinox.launcher_1.7.100.v20251111-0406.jar
Launcher Type: SUN_STANDARD

[Global flags]
    uintx AdaptiveSizePolicyWeight                 = 90                                        {product} {command line}
     intx CICompilerCount                          = 4                                         {product} {ergonomic}
    uintx GCTimeRatio                              = 4                                         {product} {command line}
     bool HeapDumpOnOutOfMemoryError               = true                                   {manageable} {command line}
    ccstr HeapDumpPath                             = c:\Users\huynh\AppData\Roaming\Code\User\workspaceStorage\73b60d98252cc9e3b06d9c2d64267252\redhat.java         {manageable} {command line}
   size_t InitialHeapSize                          = 104857600                                 {product} {command line}
   size_t MaxHeapSize                              = 2147483648                                {product} {command line}
   size_t MaxNewSize                               = 715653120                                 {product} {ergonomic}
   size_t MinHeapDeltaBytes                        = 524288                                    {product} {ergonomic}
   size_t MinHeapSize                              = 104857600                                 {product} {command line}
   size_t NewSize                                  = 34603008                                  {product} {ergonomic}
    uintx NonNMethodCodeHeapSize                   = 5839372                                {pd product} {ergonomic}
    uintx NonProfiledCodeHeapSize                  = 122909434                              {pd product} {ergonomic}
   size_t OldSize                                  = 70254592                                  {product} {ergonomic}
    uintx ProfiledCodeHeapSize                     = 122909434                              {pd product} {ergonomic}
    uintx ReservedCodeCacheSize                    = 251658240                              {pd product} {ergonomic}
     bool SegmentedCodeCache                       = true                                      {product} {ergonomic}
   size_t SoftMaxHeapSize                          = 2147483648                             {manageable} {ergonomic}
     bool UseCompressedOops                        = true                           {product lp64_product} {ergonomic}
     bool UseLargePagesIndividualAllocation        = false                                  {pd product} {ergonomic}
     bool UseParallelGC                            = true                                      {product} {command line}

Logging:
Log output configuration:
 #0: stdout all=off uptime,level,tags foldmultilines=false
 #1: stderr all=off uptime,level,tags foldmultilines=false

Release file:
JAVA_VERSION="21.0.9" 
MODULES="java.base java.compiler java.datatransfer java.xml java.prefs java.desktop java.instrument java.logging java.management java.security.sasl java.naming java.rmi java.management.rmi java.net.http java.scripting java.security.jgss java.transaction.xa java.sql java.sql.rowset java.xml.crypto java.se java.smartcardio jdk.accessibility jdk.internal.jvmstat jdk.attach jdk.charsets jdk.internal.opt jdk.zipfs jdk.compiler jdk.crypto.ec jdk.crypto.cryptoki jdk.crypto.mscapi jdk.dynalink jdk.internal.ed jdk.editpad jdk.hotspot.agent jdk.httpserver jdk.internal.le jdk.internal.vm.ci jdk.internal.vm.compiler jdk.internal.vm.compiler.management jdk.jartool jdk.javadoc jdk.jcmd jdk.management jdk.management.agent jdk.jconsole jdk.jdeps jdk.jdwp.agent jdk.jdi jdk.jfr jdk.jshell jdk.jsobject jdk.jstatd jdk.localedata jdk.management.jfr jdk.naming.dns jdk.naming.rmi jdk.net jdk.nio.mapmode jdk.random jdk.sctp jdk.security.auth jdk.security.jgss jdk.unsupported jdk.unsupported.desktop jdk.xml.dom" 

Environment Variables:
PATH=D:\Program Files (x86)\VMware\VMware Workstation\bin\;C:\Program Files\OpenLogic\jdk-17.0.14.7-hotspot\bin;C:\Program Files\Eclipse Adoptium\jdk-21.0.6.7-hotspot\bin;C:\Program Files\PlasticSCM5\server;C:\Program Files\PlasticSCM5\client;C:\Program Files (x86)\Common Files\Oracle\Java\javapath;C:\Windows\system32;C:\Windows;C:\Windows\System32\Wbem;C:\Windows\System32\WindowsPowerShell\v1.0\;C:\Windows\System32\OpenSSH\;C:\msys64\mingw64\bin;C:\Program Files (x86)\NVIDIA Corporation\PhysX\Common;C:\Program Files\NVIDIA Corporation\NVIDIA NvDLISR;C:\Users\huynh\AppData\Local\Microsoft\WindowsApps;C:\adb;C:\Program Files (x86)\Windows Kits\10\Windows Performance Toolkit\;C:\Program Files\dotnet\;C:\Program Files (x86)\Microsoft SQL Server\160\Tools\Binn\;C:\Program Files\Microsoft SQL Server\160\Tools\Binn\;C:\Program Files\Microsoft SQL Server\Client SDK\ODBC\170\Tools\Binn\;C:\Program Files\Microsoft SQL Server\160\DTS\Binn\;C:\Program Files\Git\cmd;C:\WINDOWS\system32;C:\WINDOWS;C:\WINDOWS\System32\Wbem;C:\WINDOWS\System32\WindowsPowerShell\v1.0\;C:\WINDOWS\System32\OpenSSH\;C:\Program Files\Cloudflare\Cloudflare WARP\;C:\Program Files\Docker\Docker\resources\bin;C:\Program Files (x86)\cloudflared\;E:\Program Files\nodejs\;C:\Program Files\cursor\resources\app\bin;C:\Users\huynh\AppData\Local\Programs\Python\Python310\Scripts\;C:\Users\huynh\AppData\Local\Programs\Python\Python310\;C:\Program Files\OpenLogic\jdk-17.0.14.7-hotspot\bin;C:\Program Files\Eclipse Adoptium\jdk-21.0.6.7-hotspot\bin;C:\Program Files\PlasticSCM5\server;C:\Program Files\PlasticSCM5\client;C:\Program Files (x86)\Common Files\Oracle\Java\javapath;C:\Windows;C:\msys64\mingw64\bin;C:\Users\huynh\AppData\Local\Microsoft\WindowsApps;C:\adb;C:\Program Files (x86)\Windows Kits\10\Windows Performance Toolkit\;C:\Program Files\dotnet\;C:\Program Files (x86)\Microsoft SQL Server\160\Tools\Binn\;C:\Program Files\Microsoft SQL Server\160\Tools\Binn\;C:\Program Files\Microsoft SQL Server\Client SDK\ODBC\170\Tools\Binn\;C:\Program Files\Microsoft SQL Server\160\DTS\Binn\;C:\Program Files\Git\cmd;C:\flutter\bin;C:\Users\huynh\AppData\Local\Programs\MiKTeX\miktex\bin\x64;C:\Users\huynh\AppData\Local\Programs\Python\Python310;D:\ngrok-v3-stable-windows-amd64;C:\Users\huynh\AppData\Local\Programs\Microsoft VS Code\bin;C:\Users\huynh\AppData\Local\Pub\Cache\bin;C:\Users\huynh\AppData\Local\GitHubDesktop\bin;C:\platform-tools-latest-windows\platform-tools;D:\payload-dumper-go_1.3.0_windows_amd64;D:\Program Files\JetBrains\WebStorm 2025.1.3\bin;;C:\Program Files\MongoDB\Server\8.0\bin;C:\Users\huynh\AppData\Roaming\npm;C:\Users\huynh\AppData\Local\Programs\Antigravity\bin
USERNAME=huynh
OS=Windows_NT
PROCESSOR_IDENTIFIER=Intel64 Family 6 Model 165 Stepping 2, GenuineIntel
TMP=C:\Temp
TEMP=C:\Temp




Periodic native trim disabled

---------------  S Y S T E M  ---------------

OS:
 Windows 11 , 64 bit Build 26100 (10.0.26100.7019)
OS uptime: 3 days 2:42 hours
Hyper-V role detected

CPU: total 8 (initial active 8) (4 cores per cpu, 2 threads per core) family 6 model 165 stepping 2 microcode 0xe0, cx8, cmov, fxsr, ht, mmx, 3dnowpref, sse, sse2, sse3, ssse3, sse4.1, sse4.2, popcnt, lzcnt, tsc, tscinvbit, avx, avx2, aes, erms, clmul, bmi1, bmi2, adx, fma, vzeroupper, clflush, clflushopt, hv, rdtscp, f16c
Processor Information for the first 8 processors :
  Max Mhz: 2496, Current Mhz: 2496, Mhz Limit: 2496

Memory: 4k page, system-wide physical 16220M (909M free)
TotalPageFile size 20316M (AvailPageFile size 0M)
current process WorkingSet (physical memory assigned to process): 98M, peak: 99M
current process commit charge ("private bytes"): 243M, peak: 245M

vm_info: OpenJDK 64-Bit Server VM (21.0.9+10-LTS) for windows-amd64 JRE (21.0.9+10-LTS), built on 2025-10-21T00:00:00Z by "admin" with unknown MS VC++:1942

END.
